15:05:20.286  INFO  manager.ApplicationManager - All Tests run in Chrome Driver
15:05:22.822  INFO  manager.ApplicationManager - Current Url --> https://ilcarro-1578153671498.web.app/search
15:05:22.849  INFO  tests.TestBase - Start test with name --->searchAnyPeriod
15:05:22.851  INFO  manager.MyListener - WebDriver start find element -->By.id: city
15:05:23.465  INFO  manager.MyListener - WebDriver start find element -->By.cssSelector: .pac-item
15:05:23.525  INFO  manager.MyListener - WebDriver start find element -->By.id: dates
15:05:23.598  INFO  manager.MyListener - WebDriver start find element -->By.id: dates
15:05:23.678  INFO  manager.MyListener - WebDriver start find element -->By.xpath: //button[@aria-label='Next month']
15:05:23.736  INFO  manager.MyListener - WebDriver start find element -->By.xpath: //button[@aria-label='Next month']
15:05:23.790  INFO  manager.MyListener - WebDriver start find element -->By.xpath: //button[@aria-label='Next month']
15:05:23.839  INFO  manager.MyListener - WebDriver start find element -->By.xpath: //button[@aria-label='Next month']
15:05:23.883  INFO  manager.MyListener - WebDriver start find element -->By.xpath: //button[@aria-label='Next month']
15:05:23.926  INFO  manager.MyListener - WebDriver start find element -->By.xpath: //button[@aria-label='Next month']
15:05:23.972  INFO  manager.MyListener - WebDriver start find element -->By.xpath: //button[@aria-label='Next month']
15:05:24.012  INFO  manager.MyListener - WebDriver start find element -->By.xpath: //button[@aria-label='Next month']
15:05:24.049  INFO  manager.MyListener - WebDriver start find element -->By.xpath: //button[@aria-label='Next month']
15:05:24.085  INFO  manager.MyListener - WebDriver start find element -->By.xpath: //button[@aria-label='Next month']
15:05:24.122  INFO  manager.MyListener - WebDriver start find element -->By.xpath: //button[@aria-label='Next month']
15:05:24.160  INFO  manager.MyListener - WebDriver start find element -->By.xpath: //div[text()=' 10 ']
15:05:24.212  INFO  manager.MyListener - WebDriver start find element -->By.xpath: //button[@aria-label='Next month']
15:05:24.253  INFO  manager.MyListener - WebDriver start find element -->By.xpath: //div[text()=' 15 ']
15:05:24.311  INFO  manager.MyListener - WebDriver start find element -->By.cssSelector: button[type='submit']
15:05:24.360  INFO  manager.MyListener - WebDriver start find element -->By.cssSelector: button[type='submit']
15:05:24.430  INFO  manager.MyListener - New Before find by --> By.cssSelector: .cars-container.ng-star-inserted
15:05:25.881  INFO  manager.MyListener - WebDriver start find element -->By.cssSelector: .logo
15:05:26.064  INFO  tests.TestBase - Start test with name --->searchCurrentMonth
15:05:26.065  INFO  manager.MyListener - WebDriver start find element -->By.id: city
15:05:26.691  INFO  manager.MyListener - WebDriver start find element -->By.cssSelector: .pac-item
15:05:26.741  INFO  manager.MyListener - WebDriver start find element -->By.id: dates
15:05:26.799  INFO  manager.MyListener - WebDriver start find element -->By.id: dates
15:05:26.851  INFO  manager.MyListener - WebDriver start find element -->By.xpath: //div[text()=' 28 ']
15:05:26.896  INFO  manager.MyListener - WebDriver start find element -->By.xpath: //div[text()=' 27 ']
15:05:26.938  INFO  manager.MyListener - WebDriver start find element -->By.cssSelector: button[type='submit']
15:05:32.218  INFO  manager.MyListener - WebDriver start find element -->By.cssSelector: .logo
15:05:33.301  INFO  manager.MyListener - The name of method with error -->click
15:05:33.301  INFO  manager.MyListener - We have a problem ---> org.openqa.selenium.ElementClickInterceptedException: element click intercepted: Element <a _ngcontent-lcr-c25="" href="/" class="logo">...</a> is not clickable at point (284, 34). Other element would receive the click: <div class="cdk-overlay-backdrop mat-overlay-transparent-backdrop cdk-overlay-backdrop-showing"></div>
  (Session info: chrome=103.0.5060.134)
Build info: version: '4.2.2', revision: '683ccb65d6'
System info: host: 'DESKTOP-P7LS7IG', ip: '192.168.1.22', os.name: 'Windows 11', os.arch: 'amd64', os.version: '10.0', java.version: '11.0.15.1'
Driver info: org.openqa.selenium.chrome.ChromeDriver
Command: [6e4bc8f88a8bbf31665423bacc91c9da, clickElement {id=1954ee6d-196b-47cc-8a3c-b7b1dd6e1581}]
Capabilities {acceptInsecureCerts: false, browserName: chrome, browserVersion: 103.0.5060.134, chrome: {chromedriverVersion: 102.0.5005.61 (0e59bcc00cc4..., userDataDir: C:\Users\97253\AppData\Loca...}, goog:chromeOptions: {debuggerAddress: localhost:53867}, networkConnectionEnabled: false, pageLoadStrategy: normal, platformName: WINDOWS, proxy: Proxy(), se:cdp: ws://localhost:53867/devtoo..., se:cdpVersion: 103.0.5060.134, setWindowRect: true, strictFileInteractability: false, timeouts: {implicit: 0, pageLoad: 300000, script: 30000}, unhandledPromptBehavior: dismiss and notify, webauthn:extension:credBlob: true, webauthn:extension:largeBlob: true, webauthn:virtualAuthenticators: true}
Element: [[ChromeDriver: chrome on WINDOWS (6e4bc8f88a8bbf31665423bacc91c9da)] -> css selector: .logo]
Session ID: 6e4bc8f88a8bbf31665423bacc91c9da
