16:31:49.213  INFO  manager.ApplicationManager - All Tests run in Chrome Driver
16:31:51.010  INFO  manager.ApplicationManager - Current Url --> https://ilcarro-1578153671498.web.app/search
16:31:51.042  INFO  tests.TestBase - Start test with name --->searchPeriodPast
16:31:51.045  INFO  manager.MyListener - WebDriver start find element -->By.id: city
16:31:51.673  INFO  manager.MyListener - WebDriver start find element -->By.cssSelector: .pac-item
16:31:51.723  INFO  manager.MyListener - WebDriver start find element -->By.id: dates
16:31:51.799  INFO  manager.MyListener - WebDriver start find element -->By.id: dates
16:31:51.975  INFO  manager.MyListener - WebDriver start find element -->By.cssSelector: button[type='submit']
16:31:53.083  INFO  manager.MyListener - The name of method with error -->click
16:31:53.085  INFO  manager.MyListener - We have a problem ---> org.openqa.selenium.ElementClickInterceptedException: element click intercepted: Element <button _ngcontent-fxq-c72="" type="submit" disabled="">...</button> is not clickable at point (275, 431). Other element would receive the click: <span class="mat-button-wrapper">...</span>
  (Session info: chrome=103.0.5060.134)
Build info: version: '4.2.2', revision: '683ccb65d6'
System info: host: 'DESKTOP-P7LS7IG', ip: '192.168.1.22', os.name: 'Windows 11', os.arch: 'amd64', os.version: '10.0', java.version: '11.0.15.1'
Driver info: org.openqa.selenium.chrome.ChromeDriver
Command: [88344095897bac582769566dc0a77822, clickElement {id=40d0ecce-049c-431e-aeb1-b518903d19f4}]
Capabilities {acceptInsecureCerts: false, browserName: chrome, browserVersion: 103.0.5060.134, chrome: {chromedriverVersion: 102.0.5005.61 (0e59bcc00cc4..., userDataDir: C:\Users\97253\AppData\Loca...}, goog:chromeOptions: {debuggerAddress: localhost:63143}, networkConnectionEnabled: false, pageLoadStrategy: normal, platformName: WINDOWS, proxy: Proxy(), se:cdp: ws://localhost:63143/devtoo..., se:cdpVersion: 103.0.5060.134, setWindowRect: true, strictFileInteractability: false, timeouts: {implicit: 0, pageLoad: 300000, script: 30000}, unhandledPromptBehavior: dismiss and notify, webauthn:extension:credBlob: true, webauthn:extension:largeBlob: true, webauthn:virtualAuthenticators: true}
Element: [[ChromeDriver: chrome on WINDOWS (88344095897bac582769566dc0a77822)] -> css selector: button[type='submit']]
Session ID: 88344095897bac582769566dc0a77822
16:31:53.088  INFO  manager.MyListener - WebDriver start find element -->By.cssSelector: .logo
16:31:54.181  INFO  manager.MyListener - The name of method with error -->click
16:31:54.181  INFO  manager.MyListener - We have a problem ---> org.openqa.selenium.ElementClickInterceptedException: element click intercepted: Element <a _ngcontent-fxq-c25="" href="/" class="logo">...</a> is not clickable at point (284, 34). Other element would receive the click: <div class="cdk-overlay-backdrop mat-overlay-transparent-backdrop cdk-overlay-backdrop-showing"></div>
  (Session info: chrome=103.0.5060.134)
Build info: version: '4.2.2', revision: '683ccb65d6'
System info: host: 'DESKTOP-P7LS7IG', ip: '192.168.1.22', os.name: 'Windows 11', os.arch: 'amd64', os.version: '10.0', java.version: '11.0.15.1'
Driver info: org.openqa.selenium.chrome.ChromeDriver
Command: [88344095897bac582769566dc0a77822, clickElement {id=56f59d7f-35a2-486a-8187-581eb3f325c3}]
Capabilities {acceptInsecureCerts: false, browserName: chrome, browserVersion: 103.0.5060.134, chrome: {chromedriverVersion: 102.0.5005.61 (0e59bcc00cc4..., userDataDir: C:\Users\97253\AppData\Loca...}, goog:chromeOptions: {debuggerAddress: localhost:63143}, networkConnectionEnabled: false, pageLoadStrategy: normal, platformName: WINDOWS, proxy: Proxy(), se:cdp: ws://localhost:63143/devtoo..., se:cdpVersion: 103.0.5060.134, setWindowRect: true, strictFileInteractability: false, timeouts: {implicit: 0, pageLoad: 300000, script: 30000}, unhandledPromptBehavior: dismiss and notify, webauthn:extension:credBlob: true, webauthn:extension:largeBlob: true, webauthn:virtualAuthenticators: true}
Element: [[ChromeDriver: chrome on WINDOWS (88344095897bac582769566dc0a77822)] -> css selector: .logo]
Session ID: 88344095897bac582769566dc0a77822
