16:35:03.711  INFO  manager.ApplicationManager - All Tests run in Chrome Driver
16:35:06.532  INFO  manager.ApplicationManager - Current Url --> https://ilcarro-1578153671498.web.app/search
16:35:06.556  INFO  tests.TestBase - Start test with name --->addNewCarSuccess
16:35:06.558  INFO  manager.MyListener - New Before find by --> By.xpath: //a[text()=' Logout ']
16:35:11.615  INFO  manager.MyListener - WebDriver start find element -->By.xpath: //a[text()=' Log in ']
16:35:11.677  INFO  manager.MyListener - WebDriver start find element -->By.id: email
16:35:11.780  INFO  manager.MyListener - WebDriver start find element -->By.id: password
16:35:11.868  INFO  manager.MyListener - WebDriver start find element -->By.cssSelector: button[type='submit']
16:35:11.916  INFO  manager.MyListener - WebDriver start find element -->By.cssSelector: button[type='submit']
16:35:11.959  INFO  manager.MyListener - New Before find by --> By.xpath: //button[text()='Ok']
16:35:13.154  INFO  manager.MyListener - WebDriver start find element -->By.xpath: //button[text()='Ok']
16:35:14.201  INFO  manager.MyListener - WebDriver start find element -->By.id: 1
16:35:14.272  INFO  manager.MyListener - WebDriver start find element -->By.id: pickUpPlace
16:35:14.388  INFO  manager.MyListener - WebDriver start find element -->By.cssSelector: div.pac-item
16:35:15.319  INFO  manager.MyListener - WebDriver start find element -->By.id: make
16:35:15.420  INFO  manager.MyListener - WebDriver start find element -->By.id: model
16:35:15.502  INFO  manager.MyListener - WebDriver start find element -->By.id: year
16:35:15.596  INFO  manager.MyListener - WebDriver start find element -->By.id: engine
16:35:15.676  INFO  manager.MyListener - WebDriver start find element -->By.id: fuel
16:35:15.736  INFO  manager.MyListener - WebDriver start find element -->By.id: gear
16:35:15.798  INFO  manager.MyListener - WebDriver start find element -->By.id: wheelsDrive
16:35:15.862  INFO  manager.MyListener - WebDriver start find element -->By.id: doors
16:35:15.955  INFO  manager.MyListener - WebDriver start find element -->By.id: seats
16:35:16.048  INFO  manager.MyListener - WebDriver start find element -->By.id: class
16:35:16.123  INFO  manager.MyListener - WebDriver start find element -->By.id: fuelConsumption
16:35:16.208  INFO  manager.MyListener - WebDriver start find element -->By.id: serialNumber
16:35:16.301  INFO  manager.MyListener - WebDriver start find element -->By.id: price
16:35:16.389  INFO  manager.MyListener - WebDriver start find element -->By.id: distance
16:35:16.480  INFO  manager.MyListener - WebDriver start find element -->By.cssSelector: input[placeholder='Type feature']
16:35:16.572  INFO  manager.MyListener - WebDriver start find element -->By.id: about
16:35:16.655  INFO  manager.MyListener - WebDriver start find element -->By.id: photos
16:35:16.686  INFO  manager.MyListener - The name of method with error -->sendKeys
16:35:16.687  INFO  manager.MyListener - We have a problem ---> org.openqa.selenium.InvalidArgumentException: invalid argument: File not found : /Users/tayahatum/Qa34/Qa34_IlCarro/auto1.jpeg
  (Session info: chrome=103.0.5060.134)
Build info: version: '4.3.0', revision: 'a4995e2c09*'
System info: host: 'DESKTOP-P7LS7IG', ip: '192.168.1.22', os.name: 'Windows 11', os.arch: 'amd64', os.version: '10.0', java.version: '11.0.15.1'
Driver info: org.openqa.selenium.chrome.ChromeDriver
Command: [fcc95c348e71b98a75f2722e1db1a549, sendKeysToElement {id=a216239e-f033-4e7c-be07-dd6aa380ba57, value=[Ljava.lang.CharSequence;@5ed5b321}]
Capabilities {acceptInsecureCerts: false, browserName: chrome, browserVersion: 103.0.5060.134, chrome: {chromedriverVersion: 102.0.5005.61 (0e59bcc00cc4..., userDataDir: C:\Users\97253\AppData\Loca...}, goog:chromeOptions: {debuggerAddress: localhost:59908}, networkConnectionEnabled: false, pageLoadStrategy: normal, platformName: WINDOWS, proxy: Proxy(), se:cdp: ws://localhost:59908/devtoo..., se:cdpVersion: 103.0.5060.134, setWindowRect: true, strictFileInteractability: false, timeouts: {implicit: 0, pageLoad: 300000, script: 30000}, unhandledPromptBehavior: dismiss and notify, webauthn:extension:credBlob: true, webauthn:extension:largeBlob: true, webauthn:virtualAuthenticators: true}
Element: [[ChromeDriver: chrome on WINDOWS (fcc95c348e71b98a75f2722e1db1a549)] -> id: photos]
Session ID: fcc95c348e71b98a75f2722e1db1a549
16:35:16.690  INFO  manager.MyListener - WebDriver start find element -->By.xpath: //button[text()='Search cars']
16:35:21.722  INFO  manager.MyListener - The name of method with error -->findElement
16:35:21.722  INFO  manager.MyListener - We have a problem ---> org.openqa.selenium.NoSuchElementException: no such element: Unable to locate element: {"method":"xpath","selector":"//button[text()='Search cars']"}
  (Session info: chrome=103.0.5060.134)
For documentation on this error, please visit: https://selenium.dev/exceptions/#no_such_element
Build info: version: '4.3.0', revision: 'a4995e2c09*'
System info: host: 'DESKTOP-P7LS7IG', ip: '192.168.1.22', os.name: 'Windows 11', os.arch: 'amd64', os.version: '10.0', java.version: '11.0.15.1'
Driver info: org.openqa.selenium.chrome.ChromeDriver
Command: [fcc95c348e71b98a75f2722e1db1a549, findElement {using=xpath, value=//button[text()='Search cars']}]
Capabilities {acceptInsecureCerts: false, browserName: chrome, browserVersion: 103.0.5060.134, chrome: {chromedriverVersion: 102.0.5005.61 (0e59bcc00cc4..., userDataDir: C:\Users\97253\AppData\Loca...}, goog:chromeOptions: {debuggerAddress: localhost:59908}, networkConnectionEnabled: false, pageLoadStrategy: normal, platformName: WINDOWS, proxy: Proxy(), se:cdp: ws://localhost:59908/devtoo..., se:cdpVersion: 103.0.5060.134, setWindowRect: true, strictFileInteractability: false, timeouts: {implicit: 0, pageLoad: 300000, script: 30000}, unhandledPromptBehavior: dismiss and notify, webauthn:extension:credBlob: true, webauthn:extension:largeBlob: true, webauthn:virtualAuthenticators: true}
Session ID: fcc95c348e71b98a75f2722e1db1a549
16:35:21.730  INFO  tests.TestBase - Start test with name --->loginSuccess
16:35:21.731  INFO  manager.MyListener - New Before find by --> By.xpath: //a[text()=' Logout ']
16:35:21.743  INFO  manager.MyListener - WebDriver start find element -->By.xpath: //a[text()=' Logout ']
16:35:21.807  INFO  tests.TestBase - Test start with logout
16:35:21.809  INFO  tests.TestBase - Test start with email : noa@gmail.com & password: Nnoa12345$
16:35:21.809  INFO  manager.MyListener - WebDriver start find element -->By.xpath: //a[text()=' Log in ']
16:35:21.857  INFO  manager.MyListener - WebDriver start find element -->By.id: email
16:35:21.948  INFO  manager.MyListener - WebDriver start find element -->By.id: password
16:35:22.026  INFO  manager.MyListener - WebDriver start find element -->By.cssSelector: button[type='submit']
16:35:22.060  INFO  manager.MyListener - WebDriver start find element -->By.cssSelector: button[type='submit']
16:35:22.104  INFO  manager.MyListener - WebDriver start find element -->By.cssSelector: div.dialog-container
16:35:23.125  INFO  manager.MyListener - WebDriver start find element -->By.cssSelector: div.dialog-container h1
16:35:23.150  INFO  tests.TestBase - Test passed
16:35:23.151  INFO  manager.MyListener - New Before find by --> By.xpath: //button[text()='Ok']
16:35:23.165  INFO  manager.MyListener - WebDriver start find element -->By.xpath: //button[text()='Ok']
16:35:23.207  INFO  tests.TestBase - Start test with name --->loginSuccess
16:35:23.207  INFO  manager.MyListener - New Before find by --> By.xpath: //a[text()=' Logout ']
16:35:23.217  INFO  manager.MyListener - WebDriver start find element -->By.xpath: //a[text()=' Logout ']
16:35:23.268  INFO  tests.TestBase - Test start with logout
16:35:23.269  INFO  tests.TestBase - Test start with email : sonya@gmail.com & password: Ss12345$
16:35:23.269  INFO  manager.MyListener - WebDriver start find element -->By.xpath: //a[text()=' Log in ']
16:35:23.324  INFO  manager.MyListener - WebDriver start find element -->By.id: email
16:35:23.411  INFO  manager.MyListener - WebDriver start find element -->By.id: password
16:35:23.483  INFO  manager.MyListener - WebDriver start find element -->By.cssSelector: button[type='submit']
16:35:23.508  INFO  manager.MyListener - WebDriver start find element -->By.cssSelector: button[type='submit']
16:35:23.542  INFO  manager.MyListener - WebDriver start find element -->By.cssSelector: div.dialog-container
16:35:23.939  INFO  manager.MyListener - WebDriver start find element -->By.cssSelector: div.dialog-container h1
16:35:23.958  INFO  tests.TestBase - Test passed
16:35:23.959  INFO  manager.MyListener - New Before find by --> By.xpath: //button[text()='Ok']
16:35:23.969  INFO  manager.MyListener - WebDriver start find element -->By.xpath: //button[text()='Ok']
16:35:24.003  INFO  tests.TestBase - Start test with name --->loginSuccess
16:35:24.003  INFO  manager.MyListener - New Before find by --> By.xpath: //a[text()=' Logout ']
16:35:24.013  INFO  manager.MyListener - WebDriver start find element -->By.xpath: //a[text()=' Logout ']
16:35:24.059  INFO  tests.TestBase - Test start with logout
16:35:24.061  INFO  tests.TestBase - Test start with email : noa@gmail.com & password: Nnoa12345$
16:35:24.061  INFO  manager.MyListener - WebDriver start find element -->By.xpath: //a[text()=' Log in ']
16:35:24.117  INFO  manager.MyListener - WebDriver start find element -->By.id: email
16:35:24.204  INFO  manager.MyListener - WebDriver start find element -->By.id: password
16:35:24.276  INFO  manager.MyListener - WebDriver start find element -->By.cssSelector: button[type='submit']
16:35:24.305  INFO  manager.MyListener - WebDriver start find element -->By.cssSelector: button[type='submit']
16:35:24.339  INFO  manager.MyListener - WebDriver start find element -->By.cssSelector: div.dialog-container
16:35:25.807  INFO  manager.MyListener - WebDriver start find element -->By.cssSelector: div.dialog-container h1
16:35:25.830  INFO  tests.TestBase - Test passed
16:35:25.831  INFO  manager.MyListener - New Before find by --> By.xpath: //button[text()='Ok']
16:35:25.842  INFO  manager.MyListener - WebDriver start find element -->By.xpath: //button[text()='Ok']
16:35:25.876  INFO  tests.TestBase - Start test with name --->loginSuccess
16:35:25.877  INFO  manager.MyListener - New Before find by --> By.xpath: //a[text()=' Logout ']
16:35:25.887  INFO  manager.MyListener - WebDriver start find element -->By.xpath: //a[text()=' Logout ']
16:35:25.941  INFO  tests.TestBase - Test start with logout
16:35:25.941  INFO  tests.TestBase - Test start with email : sonya@gmail.com & password: Ss12345$
16:35:25.941  INFO  manager.MyListener - WebDriver start find element -->By.xpath: //a[text()=' Log in ']
16:35:25.990  INFO  manager.MyListener - WebDriver start find element -->By.id: email
16:35:26.082  INFO  manager.MyListener - WebDriver start find element -->By.id: password
16:35:26.152  INFO  manager.MyListener - WebDriver start find element -->By.cssSelector: button[type='submit']
16:35:26.174  INFO  manager.MyListener - WebDriver start find element -->By.cssSelector: button[type='submit']
16:35:26.209  INFO  manager.MyListener - WebDriver start find element -->By.cssSelector: div.dialog-container
16:35:27.184  INFO  manager.MyListener - WebDriver start find element -->By.cssSelector: div.dialog-container h1
16:35:27.204  INFO  tests.TestBase - Test passed
16:35:27.205  INFO  manager.MyListener - New Before find by --> By.xpath: //button[text()='Ok']
16:35:27.215  INFO  manager.MyListener - WebDriver start find element -->By.xpath: //button[text()='Ok']
16:35:27.255  INFO  tests.TestBase - Start test with name --->loginSuccess2
16:35:27.257  INFO  manager.MyListener - New Before find by --> By.xpath: //a[text()=' Logout ']
16:35:27.268  INFO  manager.MyListener - WebDriver start find element -->By.xpath: //a[text()=' Logout ']
16:35:27.327  INFO  tests.TestBase - Test start with logout
16:35:27.328  INFO  manager.MyListener - WebDriver start find element -->By.xpath: //a[text()=' Log in ']
16:35:27.383  INFO  manager.MyListener - WebDriver start find element -->By.id: email
16:35:27.474  INFO  manager.MyListener - WebDriver start find element -->By.id: password
16:35:27.548  INFO  manager.MyListener - WebDriver start find element -->By.cssSelector: button[type='submit']
16:35:27.573  INFO  manager.MyListener - WebDriver start find element -->By.cssSelector: button[type='submit']
16:35:27.614  INFO  manager.MyListener - WebDriver start find element -->By.cssSelector: div.dialog-container
16:35:28.621  INFO  manager.MyListener - WebDriver start find element -->By.cssSelector: div.dialog-container h1
16:35:28.641  INFO  manager.MyListener - New Before find by --> By.xpath: //button[text()='Ok']
16:35:28.651  INFO  manager.MyListener - WebDriver start find element -->By.xpath: //button[text()='Ok']
16:35:28.688  INFO  tests.TestBase - Start test with name --->registrationSuccess
16:35:28.689  INFO  manager.MyListener - New Before find by --> By.xpath: //a[text()=' Logout ']
16:35:28.699  INFO  manager.MyListener - WebDriver start find element -->By.xpath: //a[text()=' Logout ']
16:35:28.758  INFO  manager.MyListener - WebDriver start find element -->By.xpath: //a[text()=' Sign up ']
16:35:28.810  INFO  manager.MyListener - WebDriver start find element -->By.id: name
16:35:28.885  INFO  manager.MyListener - WebDriver start find element -->By.id: lastName
16:35:28.956  INFO  manager.MyListener - WebDriver start find element -->By.id: email
16:35:29.044  INFO  manager.MyListener - WebDriver start find element -->By.id: password
16:35:29.120  INFO  manager.MyListener - WebDriver start find element -->By.cssSelector: label[for='terms-of-use']
16:35:29.280  INFO  manager.MyListener - WebDriver start find element -->By.cssSelector: button[type='submit']
16:35:29.307  INFO  manager.MyListener - WebDriver start find element -->By.cssSelector: button[type='submit']
16:35:29.344  INFO  manager.MyListener - WebDriver start find element -->By.cssSelector: div.dialog-container
16:35:29.864  INFO  manager.MyListener - WebDriver start find element -->By.cssSelector: div.dialog-container h1
16:35:29.884  INFO  manager.MyListener - New Before find by --> By.xpath: //button[text()='Ok']
16:35:29.894  INFO  manager.MyListener - WebDriver start find element -->By.xpath: //button[text()='Ok']
16:35:29.929  INFO  tests.TestBase - Start test with name --->registrationWrongPasswordFormatSize
16:35:29.929  INFO  manager.MyListener - New Before find by --> By.xpath: //a[text()=' Logout ']
16:35:29.937  INFO  manager.MyListener - WebDriver start find element -->By.xpath: //a[text()=' Logout ']
16:35:29.988  INFO  manager.MyListener - WebDriver start find element -->By.xpath: //a[text()=' Sign up ']
16:35:30.039  INFO  manager.MyListener - WebDriver start find element -->By.id: name
16:35:30.108  INFO  manager.MyListener - WebDriver start find element -->By.id: lastName
16:35:30.184  INFO  manager.MyListener - WebDriver start find element -->By.id: email
16:35:30.267  INFO  manager.MyListener - WebDriver start find element -->By.id: password
16:35:30.340  INFO  manager.MyListener - WebDriver start find element -->By.cssSelector: label[for='terms-of-use']
16:35:30.372  INFO  manager.MyListener - WebDriver start find element -->By.cssSelector: div.error div:last-child
16:35:30.396  INFO  manager.MyListener - WebDriver start find element -->By.cssSelector: div.error div:last-child
16:35:30.414  INFO  manager.MyListener - WebDriver start find element -->By.cssSelector: div.error div:first-child
16:35:30.437  INFO  manager.MyListener - WebDriver start find element -->By.cssSelector: div.error div:first-child
16:35:30.455  INFO  manager.MyListener - New Before find by --> By.cssSelector: button[disabled]
16:35:30.468  INFO  manager.MyListener - WebDriver start find element -->By.cssSelector: [type='submit']
16:35:30.487  INFO  manager.MyListener - New Before find by --> By.xpath: //button[text()='Ok']
16:35:35.510  INFO  tests.TestBase - Start test with name --->searchAnyPeriod
16:35:35.511  INFO  manager.MyListener - WebDriver start find element -->By.cssSelector: .logo
16:35:35.719  INFO  manager.MyListener - WebDriver start find element -->By.id: city
16:35:35.744  INFO  manager.MyListener - WebDriver start find element -->By.id: city
16:35:36.336  INFO  manager.MyListener - WebDriver start find element -->By.cssSelector: .pac-item
16:35:36.389  INFO  manager.MyListener - WebDriver start find element -->By.id: dates
16:35:36.456  INFO  manager.MyListener - WebDriver start find element -->By.id: dates
16:35:36.523  INFO  manager.MyListener - WebDriver start find element -->By.xpath: //button[@aria-label='Next month']
16:35:36.572  INFO  manager.MyListener - WebDriver start find element -->By.xpath: //button[@aria-label='Next month']
16:35:36.613  INFO  manager.MyListener - WebDriver start find element -->By.xpath: //button[@aria-label='Next month']
16:35:36.653  INFO  manager.MyListener - WebDriver start find element -->By.xpath: //button[@aria-label='Next month']
16:35:36.698  INFO  manager.MyListener - WebDriver start find element -->By.xpath: //button[@aria-label='Next month']
16:35:36.742  INFO  manager.MyListener - WebDriver start find element -->By.xpath: //button[@aria-label='Next month']
16:35:36.776  INFO  manager.MyListener - WebDriver start find element -->By.xpath: //button[@aria-label='Next month']
16:35:36.809  INFO  manager.MyListener - WebDriver start find element -->By.xpath: //button[@aria-label='Next month']
16:35:36.845  INFO  manager.MyListener - WebDriver start find element -->By.xpath: //button[@aria-label='Next month']
16:35:36.878  INFO  manager.MyListener - WebDriver start find element -->By.xpath: //button[@aria-label='Next month']
16:35:36.914  INFO  manager.MyListener - WebDriver start find element -->By.xpath: //button[@aria-label='Next month']
16:35:36.949  INFO  manager.MyListener - WebDriver start find element -->By.xpath: //div[text()=' 10 ']
16:35:36.998  INFO  manager.MyListener - WebDriver start find element -->By.xpath: //button[@aria-label='Next month']
16:35:37.037  INFO  manager.MyListener - WebDriver start find element -->By.xpath: //div[text()=' 15 ']
16:35:37.084  INFO  manager.MyListener - WebDriver start find element -->By.cssSelector: button[type='submit']
16:35:37.113  INFO  manager.MyListener - WebDriver start find element -->By.cssSelector: button[type='submit']
16:35:37.175  INFO  manager.MyListener - New Before find by --> By.cssSelector: .cars-container.ng-star-inserted
16:35:38.380  INFO  tests.TestBase - Start test with name --->searchCurrentYear
16:35:38.381  INFO  manager.MyListener - WebDriver start find element -->By.cssSelector: .logo
16:35:38.516  INFO  manager.MyListener - WebDriver start find element -->By.id: city
16:35:38.538  INFO  manager.MyListener - WebDriver start find element -->By.id: city
16:35:39.151  INFO  manager.MyListener - WebDriver start find element -->By.cssSelector: .pac-item
16:35:39.196  INFO  manager.MyListener - WebDriver start find element -->By.id: dates
16:35:39.247  INFO  manager.MyListener - WebDriver start find element -->By.id: dates
16:35:39.294  INFO  manager.MyListener - WebDriver start find element -->By.xpath: //button[@aria-label='Next month']
16:35:39.338  INFO  manager.MyListener - WebDriver start find element -->By.xpath: //div[text()=' 10 ']
16:35:39.381  INFO  manager.MyListener - WebDriver start find element -->By.xpath: //div[text()=' 20 ']
16:35:39.429  INFO  manager.MyListener - WebDriver start find element -->By.cssSelector: button[type='submit']
16:35:39.454  INFO  manager.MyListener - WebDriver start find element -->By.cssSelector: button[type='submit']
16:35:39.519  INFO  manager.MyListener - New Before find by --> By.cssSelector: .cars-container.ng-star-inserted
16:35:40.799  INFO  tests.TestBase - Start test with name --->searchCurrentYearLocalDate
16:35:40.799  INFO  manager.MyListener - WebDriver start find element -->By.cssSelector: .logo
16:35:40.918  INFO  manager.MyListener - WebDriver start find element -->By.id: city
16:35:40.941  INFO  manager.MyListener - WebDriver start find element -->By.id: city
16:35:41.537  INFO  manager.MyListener - WebDriver start find element -->By.cssSelector: .pac-item
16:35:41.584  INFO  manager.MyListener - WebDriver start find element -->By.id: dates
16:35:41.644  INFO  manager.MyListener - WebDriver start find element -->By.id: dates
16:35:41.696  INFO  manager.MyListener - WebDriver start find element -->By.xpath: //button[@aria-label='Next month']
16:35:41.747  INFO  manager.MyListener - WebDriver start find element -->By.xpath: //div[text()=' 10 ']
16:35:41.790  INFO  manager.MyListener - WebDriver start find element -->By.xpath: //button[@aria-label='Next month']
16:35:41.835  INFO  manager.MyListener - WebDriver start find element -->By.xpath: //button[@aria-label='Next month']
16:35:41.871  INFO  manager.MyListener - WebDriver start find element -->By.xpath: //div[text()=' 20 ']
16:35:41.922  INFO  manager.MyListener - WebDriver start find element -->By.cssSelector: button[type='submit']
16:35:41.947  INFO  manager.MyListener - WebDriver start find element -->By.cssSelector: button[type='submit']
16:35:42.000  INFO  manager.MyListener - New Before find by --> By.cssSelector: .cars-container.ng-star-inserted
16:35:43.079  INFO  tests.TestBase - Start test with name --->searchNextMonth
16:35:43.079  INFO  manager.MyListener - WebDriver start find element -->By.cssSelector: .logo
16:35:43.237  INFO  manager.MyListener - WebDriver start find element -->By.id: city
16:35:43.257  INFO  manager.MyListener - WebDriver start find element -->By.id: city
16:35:43.880  INFO  manager.MyListener - WebDriver start find element -->By.cssSelector: .pac-item
16:35:43.920  INFO  manager.MyListener - WebDriver start find element -->By.id: dates
16:35:43.969  INFO  manager.MyListener - WebDriver start find element -->By.id: dates
16:35:44.013  INFO  manager.MyListener - WebDriver start find element -->By.xpath: //button[@aria-label='Next month']
16:35:44.058  INFO  manager.MyListener - WebDriver start find element -->By.xpath: //div[text()=' 28 ']
16:35:44.104  INFO  manager.MyListener - WebDriver start find element -->By.xpath: //div[text()=' 27 ']
16:35:44.162  INFO  manager.MyListener - WebDriver start find element -->By.cssSelector: button[type='submit']
16:35:44.189  INFO  manager.MyListener - WebDriver start find element -->By.cssSelector: button[type='submit']
16:35:44.251  INFO  manager.MyListener - New Before find by --> By.cssSelector: .cars-container.ng-star-inserted
16:35:45.487  INFO  tests.TestBase - Start test with name --->searchPeriodPast
16:35:45.488  INFO  manager.MyListener - WebDriver start find element -->By.cssSelector: .logo
16:35:45.618  INFO  manager.MyListener - WebDriver start find element -->By.id: city
16:35:45.645  INFO  manager.MyListener - WebDriver start find element -->By.id: city
16:35:46.274  INFO  manager.MyListener - WebDriver start find element -->By.cssSelector: .pac-item
16:35:46.318  INFO  manager.MyListener - WebDriver start find element -->By.id: dates
16:35:46.365  INFO  manager.MyListener - WebDriver start find element -->By.id: dates
16:35:46.498  INFO  manager.MyListener - WebDriver start find element -->By.cssSelector: .cdk-overlay-container
16:35:46.548  INFO  manager.MyListener - WebDriver start find element -->By.cssSelector: button[type='submit']
16:35:46.579  INFO  manager.MyListener - New Before find by --> By.cssSelector: button[disabled]
16:35:46.591  INFO  manager.MyListener - WebDriver start find element -->By.cssSelector: [type='submit']
16:35:46.612  INFO  manager.MyListener - WebDriver start find element -->By.cssSelector: div.error div
