16:23:31.936  INFO  manager.ApplicationManager - All Tests run in Chrome Driver
16:23:33.600  INFO  manager.ApplicationManager - Current Url --> https://ilcarro-1578153671498.web.app/search
16:23:33.636  INFO  tests.TestBase - Start test with name --->searchPeriodPast
16:23:33.638  INFO  manager.MyListener - WebDriver start find element -->By.id: city
16:23:34.277  INFO  manager.MyListener - WebDriver start find element -->By.cssSelector: .pac-item
16:23:34.357  INFO  manager.MyListener - WebDriver start find element -->By.id: dates
16:23:34.420  INFO  manager.MyListener - WebDriver start find element -->By.id: dates
16:23:34.611  INFO  manager.MyListener - WebDriver start find element -->By.cssSelector: button[type='submit']
16:23:35.676  INFO  manager.MyListener - The name of method with error -->click
16:23:35.679  INFO  manager.MyListener - We have a problem ---> org.openqa.selenium.ElementClickInterceptedException: element click intercepted: Element <button _ngcontent-fol-c72="" type="submit" disabled="">...</button> is not clickable at point (137, 511). Other element would receive the click: <button mat-button="" type="button" cdkarialive="polite" class="mat-focus-indicator mat-calendar-period-button mat-button mat-button-base" aria-label="Choose month and year">...</button>
  (Session info: chrome=103.0.5060.134)
Build info: version: '4.2.2', revision: '683ccb65d6'
System info: host: 'DESKTOP-P7LS7IG', ip: '192.168.1.22', os.name: 'Windows 11', os.arch: 'amd64', os.version: '10.0', java.version: '11.0.15.1'
Driver info: org.openqa.selenium.chrome.ChromeDriver
Command: [97550d81cfd1599e08a2c6afcd327d8f, clickElement {id=57af6c06-fcdd-4555-bb0d-3ba3e4f47a28}]
Capabilities {acceptInsecureCerts: false, browserName: chrome, browserVersion: 103.0.5060.134, chrome: {chromedriverVersion: 102.0.5005.61 (0e59bcc00cc4..., userDataDir: C:\Users\97253\AppData\Loca...}, goog:chromeOptions: {debuggerAddress: localhost:62836}, networkConnectionEnabled: false, pageLoadStrategy: normal, platformName: WINDOWS, proxy: Proxy(), se:cdp: ws://localhost:62836/devtoo..., se:cdpVersion: 103.0.5060.134, setWindowRect: true, strictFileInteractability: false, timeouts: {implicit: 0, pageLoad: 300000, script: 30000}, unhandledPromptBehavior: dismiss and notify, webauthn:extension:credBlob: true, webauthn:extension:largeBlob: true, webauthn:virtualAuthenticators: true}
Element: [[ChromeDriver: chrome on WINDOWS (97550d81cfd1599e08a2c6afcd327d8f)] -> css selector: button[type='submit']]
Session ID: 97550d81cfd1599e08a2c6afcd327d8f
16:23:35.681  INFO  manager.MyListener - WebDriver start find element -->By.cssSelector: .logo
16:23:36.784  INFO  manager.MyListener - The name of method with error -->click
16:23:36.785  INFO  manager.MyListener - We have a problem ---> org.openqa.selenium.ElementClickInterceptedException: element click intercepted: Element <a _ngcontent-fol-c25="" href="/" class="logo">...</a> is not clickable at point (184, 44). Other element would receive the click: <div class="cdk-overlay-backdrop mat-overlay-transparent-backdrop cdk-overlay-backdrop-showing"></div>
  (Session info: chrome=103.0.5060.134)
Build info: version: '4.2.2', revision: '683ccb65d6'
System info: host: 'DESKTOP-P7LS7IG', ip: '192.168.1.22', os.name: 'Windows 11', os.arch: 'amd64', os.version: '10.0', java.version: '11.0.15.1'
Driver info: org.openqa.selenium.chrome.ChromeDriver
Command: [97550d81cfd1599e08a2c6afcd327d8f, clickElement {id=0f47b579-08b3-4f3c-9a97-5de7e8fcf6a7}]
Capabilities {acceptInsecureCerts: false, browserName: chrome, browserVersion: 103.0.5060.134, chrome: {chromedriverVersion: 102.0.5005.61 (0e59bcc00cc4..., userDataDir: C:\Users\97253\AppData\Loca...}, goog:chromeOptions: {debuggerAddress: localhost:62836}, networkConnectionEnabled: false, pageLoadStrategy: normal, platformName: WINDOWS, proxy: Proxy(), se:cdp: ws://localhost:62836/devtoo..., se:cdpVersion: 103.0.5060.134, setWindowRect: true, strictFileInteractability: false, timeouts: {implicit: 0, pageLoad: 300000, script: 30000}, unhandledPromptBehavior: dismiss and notify, webauthn:extension:credBlob: true, webauthn:extension:largeBlob: true, webauthn:virtualAuthenticators: true}
Element: [[ChromeDriver: chrome on WINDOWS (97550d81cfd1599e08a2c6afcd327d8f)] -> css selector: .logo]
Session ID: 97550d81cfd1599e08a2c6afcd327d8f
