15:52:23.961  INFO  manager.ApplicationManager - All Tests run in Chrome Driver
15:52:25.650  INFO  manager.ApplicationManager - Current Url --> https://ilcarro-1578153671498.web.app/search
15:52:25.681  INFO  tests.TestBase - Start test with name --->loginSuccess
15:52:25.683  INFO  manager.MyListener - New Before find by --> By.xpath: //a[text()=' Logout ']
15:52:30.725  INFO  tests.TestBase - Test start with email : noa@gmail.com & password: Nnoa12345$
15:52:30.725  INFO  manager.MyListener - WebDriver start find element -->By.xpath: //a[text()=' Log in ']
15:52:30.786  INFO  manager.MyListener - WebDriver start find element -->By.id: email
15:52:30.899  INFO  manager.MyListener - WebDriver start find element -->By.id: password
15:52:30.981  INFO  manager.MyListener - WebDriver start find element -->By.cssSelector: button[type='submit']
15:52:31.033  INFO  manager.MyListener - WebDriver start find element -->By.cssSelector: button[type='submit']
15:52:31.083  INFO  manager.MyListener - WebDriver start find element -->By.cssSelector: div.dialog-container
15:52:32.367  INFO  manager.MyListener - WebDriver start find element -->By.cssSelector: div.dialog-container h1
15:52:32.395  INFO  tests.TestBase - Test passed
15:52:32.397  INFO  manager.MyListener - New Before find by --> By.xpath: //button[text()='Ok']
15:52:32.412  INFO  manager.MyListener - WebDriver start find element -->By.xpath: //button[text()='Ok']
15:52:32.457  INFO  tests.TestBase - Start test with name --->loginSuccess
15:52:32.458  INFO  manager.MyListener - New Before find by --> By.xpath: //a[text()=' Logout ']
15:52:32.470  INFO  manager.MyListener - WebDriver start find element -->By.xpath: //a[text()=' Logout ']
15:52:32.531  INFO  tests.TestBase - Test start with logout
15:52:32.531  INFO  tests.TestBase - Test start with email : sonya@gmail.com & password: Ss12345$
15:52:32.531  INFO  manager.MyListener - WebDriver start find element -->By.xpath: //a[text()=' Log in ']
15:52:32.580  INFO  manager.MyListener - WebDriver start find element -->By.id: email
15:52:32.678  INFO  manager.MyListener - WebDriver start find element -->By.id: password
15:52:32.762  INFO  manager.MyListener - WebDriver start find element -->By.cssSelector: button[type='submit']
15:52:32.791  INFO  manager.MyListener - WebDriver start find element -->By.cssSelector: button[type='submit']
15:52:32.830  INFO  manager.MyListener - WebDriver start find element -->By.cssSelector: div.dialog-container
15:52:33.869  INFO  manager.MyListener - WebDriver start find element -->By.cssSelector: div.dialog-container h1
15:52:33.892  INFO  tests.TestBase - Test passed
15:52:33.893  INFO  manager.MyListener - New Before find by --> By.xpath: //button[text()='Ok']
15:52:33.905  INFO  manager.MyListener - WebDriver start find element -->By.xpath: //button[text()='Ok']
15:52:33.942  INFO  tests.TestBase - Start test with name --->loginSuccess
15:52:33.943  INFO  manager.MyListener - New Before find by --> By.xpath: //a[text()=' Logout ']
15:52:33.953  INFO  manager.MyListener - WebDriver start find element -->By.xpath: //a[text()=' Logout ']
15:52:34.004  INFO  tests.TestBase - Test start with logout
15:52:34.005  INFO  tests.TestBase - Test start with email : noa@gmail.com & password: Nnoa12345$
15:52:34.006  INFO  manager.MyListener - WebDriver start find element -->By.xpath: //a[text()=' Log in ']
15:52:34.049  INFO  manager.MyListener - WebDriver start find element -->By.id: email
15:52:34.143  INFO  manager.MyListener - WebDriver start find element -->By.id: password
15:52:34.241  INFO  manager.MyListener - WebDriver start find element -->By.cssSelector: button[type='submit']
15:52:34.272  INFO  manager.MyListener - WebDriver start find element -->By.cssSelector: button[type='submit']
15:52:34.311  INFO  manager.MyListener - WebDriver start find element -->By.cssSelector: div.dialog-container
15:52:35.509  INFO  manager.MyListener - WebDriver start find element -->By.cssSelector: div.dialog-container h1
15:52:35.532  INFO  tests.TestBase - Test passed
15:52:35.533  INFO  manager.MyListener - New Before find by --> By.xpath: //button[text()='Ok']
15:52:35.545  INFO  manager.MyListener - WebDriver start find element -->By.xpath: //button[text()='Ok']
15:52:35.584  INFO  tests.TestBase - Start test with name --->loginSuccess
15:52:35.586  INFO  manager.MyListener - New Before find by --> By.xpath: //a[text()=' Logout ']
15:52:35.597  INFO  manager.MyListener - WebDriver start find element -->By.xpath: //a[text()=' Logout ']
15:52:35.645  INFO  tests.TestBase - Test start with logout
15:52:35.646  INFO  tests.TestBase - Test start with email : sonya@gmail.com & password: Ss12345$
15:52:35.646  INFO  manager.MyListener - WebDriver start find element -->By.xpath: //a[text()=' Log in ']
15:52:35.695  INFO  manager.MyListener - WebDriver start find element -->By.id: email
15:52:35.794  INFO  manager.MyListener - WebDriver start find element -->By.id: password
15:52:35.883  INFO  manager.MyListener - WebDriver start find element -->By.cssSelector: button[type='submit']
15:52:35.914  INFO  manager.MyListener - WebDriver start find element -->By.cssSelector: button[type='submit']
15:52:35.953  INFO  manager.MyListener - WebDriver start find element -->By.cssSelector: div.dialog-container
15:52:36.534  INFO  manager.MyListener - WebDriver start find element -->By.cssSelector: div.dialog-container h1
15:52:36.557  INFO  tests.TestBase - Test passed
15:52:36.557  INFO  manager.MyListener - New Before find by --> By.xpath: //button[text()='Ok']
15:52:36.566  INFO  manager.MyListener - WebDriver start find element -->By.xpath: //button[text()='Ok']
15:52:36.606  INFO  tests.TestBase - Start test with name --->loginSuccess2
15:52:36.607  INFO  manager.MyListener - New Before find by --> By.xpath: //a[text()=' Logout ']
15:52:36.618  INFO  manager.MyListener - WebDriver start find element -->By.xpath: //a[text()=' Logout ']
15:52:36.665  INFO  tests.TestBase - Test start with logout
15:52:36.665  INFO  manager.MyListener - WebDriver start find element -->By.xpath: //a[text()=' Log in ']
15:52:36.719  INFO  manager.MyListener - WebDriver start find element -->By.id: email
15:52:41.739  INFO  manager.MyListener - The name of method with error -->findElement
15:52:41.741  INFO  manager.MyListener - We have a problem ---> org.openqa.selenium.NoSuchElementException: no such element: Unable to locate element: {"method":"css selector","selector":"#email"}
  (Session info: chrome=103.0.5060.134)
For documentation on this error, please visit: https://selenium.dev/exceptions/#no_such_element
Build info: version: '4.3.0', revision: 'a4995e2c09*'
System info: host: 'DESKTOP-P7LS7IG', ip: '192.168.1.22', os.name: 'Windows 11', os.arch: 'amd64', os.version: '10.0', java.version: '11.0.15.1'
Driver info: org.openqa.selenium.chrome.ChromeDriver
Command: [5deea1f7f2d373960509dc68ccabc5cd, findElement {using=id, value=email}]
Capabilities {acceptInsecureCerts: false, browserName: chrome, browserVersion: 103.0.5060.134, chrome: {chromedriverVersion: 102.0.5005.61 (0e59bcc00cc4..., userDataDir: C:\Users\97253\AppData\Loca...}, goog:chromeOptions: {debuggerAddress: localhost:49321}, networkConnectionEnabled: false, pageLoadStrategy: normal, platformName: WINDOWS, proxy: Proxy(), se:cdp: ws://localhost:49321/devtoo..., se:cdpVersion: 103.0.5060.134, setWindowRect: true, strictFileInteractability: false, timeouts: {implicit: 0, pageLoad: 300000, script: 30000}, unhandledPromptBehavior: dismiss and notify, webauthn:extension:credBlob: true, webauthn:extension:largeBlob: true, webauthn:virtualAuthenticators: true}
Session ID: 5deea1f7f2d373960509dc68ccabc5cd
15:52:41.743  INFO  manager.MyListener - New Before find by --> By.xpath: //button[text()='Ok']
15:52:46.801  INFO  tests.TestBase - Start test with name --->loginSuccessDP
15:52:46.803  INFO  manager.MyListener - New Before find by --> By.xpath: //a[text()=' Logout ']
15:52:51.829  INFO  manager.MyListener - WebDriver start find element -->By.xpath: //a[text()=' Log in ']
15:52:51.862  INFO  manager.MyListener - WebDriver start find element -->By.id: email
15:52:51.944  INFO  manager.MyListener - WebDriver start find element -->By.id: password
15:52:52.024  INFO  manager.MyListener - WebDriver start find element -->By.cssSelector: button[type='submit']
15:52:52.062  INFO  manager.MyListener - WebDriver start find element -->By.cssSelector: button[type='submit']
15:52:52.102  INFO  manager.MyListener - WebDriver start find element -->By.cssSelector: div.dialog-container
15:52:53.759  INFO  manager.MyListener - WebDriver start find element -->By.cssSelector: div.dialog-container h1
15:52:53.783  INFO  manager.MyListener - New Before find by --> By.xpath: //button[text()='Ok']
15:52:53.793  INFO  manager.MyListener - WebDriver start find element -->By.xpath: //button[text()='Ok']
15:52:53.825  INFO  tests.TestBase - Start test with name --->loginSuccessDP
15:52:53.826  INFO  manager.MyListener - New Before find by --> By.xpath: //a[text()=' Logout ']
15:52:53.836  INFO  manager.MyListener - WebDriver start find element -->By.xpath: //a[text()=' Logout ']
15:52:53.881  INFO  tests.TestBase - Test start with logout
15:52:53.881  INFO  manager.MyListener - WebDriver start find element -->By.xpath: //a[text()=' Log in ']
15:52:53.926  INFO  manager.MyListener - WebDriver start find element -->By.id: email
15:52:54.023  INFO  manager.MyListener - WebDriver start find element -->By.id: password
15:52:54.096  INFO  manager.MyListener - WebDriver start find element -->By.cssSelector: button[type='submit']
15:52:54.125  INFO  manager.MyListener - WebDriver start find element -->By.cssSelector: button[type='submit']
15:52:54.162  INFO  manager.MyListener - WebDriver start find element -->By.cssSelector: div.dialog-container
15:52:55.261  INFO  manager.MyListener - WebDriver start find element -->By.cssSelector: div.dialog-container h1
15:52:55.282  INFO  manager.MyListener - New Before find by --> By.xpath: //button[text()='Ok']
15:52:55.292  INFO  manager.MyListener - WebDriver start find element -->By.xpath: //button[text()='Ok']
15:52:55.329  INFO  tests.TestBase - Start test with name --->loginSuccessDP
15:52:55.330  INFO  manager.MyListener - New Before find by --> By.xpath: //a[text()=' Logout ']
15:52:55.340  INFO  manager.MyListener - WebDriver start find element -->By.xpath: //a[text()=' Logout ']
15:52:55.390  INFO  tests.TestBase - Test start with logout
15:52:55.391  INFO  manager.MyListener - WebDriver start find element -->By.xpath: //a[text()=' Log in ']
15:52:55.441  INFO  manager.MyListener - WebDriver start find element -->By.id: email
15:52:55.544  INFO  manager.MyListener - WebDriver start find element -->By.id: password
15:52:55.645  INFO  manager.MyListener - WebDriver start find element -->By.cssSelector: button[type='submit']
15:52:55.675  INFO  manager.MyListener - WebDriver start find element -->By.cssSelector: button[type='submit']
15:52:55.712  INFO  manager.MyListener - WebDriver start find element -->By.cssSelector: div.dialog-container
15:52:56.920  INFO  manager.MyListener - WebDriver start find element -->By.cssSelector: div.dialog-container h1
15:52:56.940  INFO  manager.MyListener - New Before find by --> By.xpath: //button[text()='Ok']
15:52:56.952  INFO  manager.MyListener - WebDriver start find element -->By.xpath: //button[text()='Ok']
15:52:56.990  INFO  tests.TestBase - Start test with name --->loginSuccessDP
15:52:56.992  INFO  manager.MyListener - New Before find by --> By.xpath: //a[text()=' Logout ']
15:52:57.003  INFO  manager.MyListener - WebDriver start find element -->By.xpath: //a[text()=' Logout ']
15:52:57.058  INFO  tests.TestBase - Test start with logout
15:52:57.059  INFO  manager.MyListener - WebDriver start find element -->By.xpath: //a[text()=' Log in ']
15:52:57.107  INFO  manager.MyListener - WebDriver start find element -->By.id: email
15:52:57.210  INFO  manager.MyListener - WebDriver start find element -->By.id: password
15:52:57.292  INFO  manager.MyListener - WebDriver start find element -->By.cssSelector: button[type='submit']
15:52:57.318  INFO  manager.MyListener - WebDriver start find element -->By.cssSelector: button[type='submit']
15:52:57.359  INFO  manager.MyListener - WebDriver start find element -->By.cssSelector: div.dialog-container
15:52:57.929  INFO  manager.MyListener - WebDriver start find element -->By.cssSelector: div.dialog-container h1
15:52:57.950  INFO  manager.MyListener - New Before find by --> By.xpath: //button[text()='Ok']
15:52:57.961  INFO  manager.MyListener - WebDriver start find element -->By.xpath: //button[text()='Ok']
