16:20:28.908  INFO  manager.ApplicationManager - All Tests run in Chrome Driver
16:20:30.599  INFO  manager.ApplicationManager - Current Url --> https://ilcarro-1578153671498.web.app/search
16:20:30.635  INFO  tests.TestBase - Start test with name --->searchPeriodPast
16:20:30.638  INFO  manager.MyListener - WebDriver start find element -->By.id: city
16:20:31.279  INFO  manager.MyListener - WebDriver start find element -->By.cssSelector: .pac-item
16:20:31.352  INFO  manager.MyListener - WebDriver start find element -->By.id: dates
16:20:31.429  INFO  manager.MyListener - WebDriver start find element -->By.id: dates
16:20:31.618  INFO  manager.MyListener - WebDriver start find element -->By.cssSelector: button[type='submit']
16:20:32.727  INFO  manager.MyListener - The name of method with error -->click
16:20:32.730  INFO  manager.MyListener - We have a problem ---> org.openqa.selenium.ElementClickInterceptedException: element click intercepted: Element <button _ngcontent-ufw-c72="" type="submit" disabled="">...</button> is not clickable at point (275, 431). Other element would receive the click: <span class="mat-button-wrapper">...</span>
  (Session info: chrome=103.0.5060.134)
Build info: version: '4.2.2', revision: '683ccb65d6'
System info: host: 'DESKTOP-P7LS7IG', ip: '192.168.1.22', os.name: 'Windows 11', os.arch: 'amd64', os.version: '10.0', java.version: '11.0.15.1'
Driver info: org.openqa.selenium.chrome.ChromeDriver
Command: [9d6489cf253403a5e012beb171004233, clickElement {id=5c16a2f0-4587-4a40-b872-bed1b73b85b9}]
Capabilities {acceptInsecureCerts: false, browserName: chrome, browserVersion: 103.0.5060.134, chrome: {chromedriverVersion: 102.0.5005.61 (0e59bcc00cc4..., userDataDir: C:\Users\97253\AppData\Loca...}, goog:chromeOptions: {debuggerAddress: localhost:62736}, networkConnectionEnabled: false, pageLoadStrategy: normal, platformName: WINDOWS, proxy: Proxy(), se:cdp: ws://localhost:62736/devtoo..., se:cdpVersion: 103.0.5060.134, setWindowRect: true, strictFileInteractability: false, timeouts: {implicit: 0, pageLoad: 300000, script: 30000}, unhandledPromptBehavior: dismiss and notify, webauthn:extension:credBlob: true, webauthn:extension:largeBlob: true, webauthn:virtualAuthenticators: true}
Element: [[ChromeDriver: chrome on WINDOWS (9d6489cf253403a5e012beb171004233)] -> css selector: button[type='submit']]
Session ID: 9d6489cf253403a5e012beb171004233
16:20:32.732  INFO  manager.MyListener - WebDriver start find element -->By.cssSelector: .logo
16:20:33.831  INFO  manager.MyListener - The name of method with error -->click
16:20:33.832  INFO  manager.MyListener - We have a problem ---> org.openqa.selenium.ElementClickInterceptedException: element click intercepted: Element <a _ngcontent-ufw-c25="" href="/" class="logo">...</a> is not clickable at point (284, 34). Other element would receive the click: <div class="cdk-overlay-backdrop mat-overlay-transparent-backdrop cdk-overlay-backdrop-showing"></div>
  (Session info: chrome=103.0.5060.134)
Build info: version: '4.2.2', revision: '683ccb65d6'
System info: host: 'DESKTOP-P7LS7IG', ip: '192.168.1.22', os.name: 'Windows 11', os.arch: 'amd64', os.version: '10.0', java.version: '11.0.15.1'
Driver info: org.openqa.selenium.chrome.ChromeDriver
Command: [9d6489cf253403a5e012beb171004233, clickElement {id=ac3e1aa7-5df7-423a-8345-eba1566fe00c}]
Capabilities {acceptInsecureCerts: false, browserName: chrome, browserVersion: 103.0.5060.134, chrome: {chromedriverVersion: 102.0.5005.61 (0e59bcc00cc4..., userDataDir: C:\Users\97253\AppData\Loca...}, goog:chromeOptions: {debuggerAddress: localhost:62736}, networkConnectionEnabled: false, pageLoadStrategy: normal, platformName: WINDOWS, proxy: Proxy(), se:cdp: ws://localhost:62736/devtoo..., se:cdpVersion: 103.0.5060.134, setWindowRect: true, strictFileInteractability: false, timeouts: {implicit: 0, pageLoad: 300000, script: 30000}, unhandledPromptBehavior: dismiss and notify, webauthn:extension:credBlob: true, webauthn:extension:largeBlob: true, webauthn:virtualAuthenticators: true}
Element: [[ChromeDriver: chrome on WINDOWS (9d6489cf253403a5e012beb171004233)] -> css selector: .logo]
Session ID: 9d6489cf253403a5e012beb171004233
