17:42:47.410  INFO  manager.ApplicationManager - All Tests run in Chrome Driver
17:42:49.021  INFO  manager.ApplicationManager - Current Url --> https://ilcarro-1578153671498.web.app/search
17:42:49.050  INFO  tests.TestBase - Start test with name --->addNewCarSuccess
17:42:49.052  INFO  manager.MyListener - New Before find by --> By.xpath: //a[text()=' Logout ']
17:42:54.110  INFO  manager.MyListener - WebDriver start find element -->By.xpath: //a[text()=' Log in ']
17:42:54.171  INFO  manager.MyListener - WebDriver start find element -->By.id: email
17:42:54.289  INFO  manager.MyListener - WebDriver start find element -->By.id: password
17:42:54.371  INFO  manager.MyListener - WebDriver start find element -->By.cssSelector: button[type='submit']
17:42:54.421  INFO  manager.MyListener - WebDriver start find element -->By.cssSelector: button[type='submit']
17:42:54.477  INFO  manager.MyListener - New Before find by --> By.xpath: //button[text()='Ok']
17:42:55.544  INFO  manager.MyListener - WebDriver start find element -->By.xpath: //button[text()='Ok']
17:42:56.599  INFO  manager.MyListener - WebDriver start find element -->By.id: 1
17:42:56.672  INFO  manager.MyListener - WebDriver start find element -->By.id: pickUpPlace
17:42:56.789  INFO  manager.MyListener - WebDriver start find element -->By.cssSelector: div.pac-item
17:42:57.658  INFO  manager.MyListener - WebDriver start find element -->By.id: make
17:42:57.742  INFO  manager.MyListener - WebDriver start find element -->By.id: model
17:42:57.826  INFO  manager.MyListener - WebDriver start find element -->By.id: year
17:42:57.914  INFO  manager.MyListener - WebDriver start find element -->By.id: engine
17:42:57.992  INFO  manager.MyListener - WebDriver start find element -->By.id: fuel
17:42:58.050  INFO  manager.MyListener - WebDriver start find element -->By.id: gear
17:42:58.107  INFO  manager.MyListener - WebDriver start find element -->By.id: wheelsDrive
17:42:58.170  INFO  manager.MyListener - WebDriver start find element -->By.id: doors
17:42:58.277  INFO  manager.MyListener - WebDriver start find element -->By.id: seats
17:42:58.365  INFO  manager.MyListener - WebDriver start find element -->By.id: class
17:42:58.457  INFO  manager.MyListener - WebDriver start find element -->By.id: fuelConsumption
17:42:58.559  INFO  manager.MyListener - WebDriver start find element -->By.id: serialNumber
17:42:58.656  INFO  manager.MyListener - WebDriver start find element -->By.id: price
17:42:58.754  INFO  manager.MyListener - WebDriver start find element -->By.id: distance
17:42:58.846  INFO  manager.MyListener - WebDriver start find element -->By.cssSelector: input[placeholder='Type feature']
17:42:58.937  INFO  manager.MyListener - WebDriver start find element -->By.id: about
17:42:59.018  INFO  manager.MyListener - WebDriver start find element -->By.id: photos
17:42:59.061  INFO  manager.MyListener - WebDriver start find element -->By.cssSelector: button[type='submit']
17:43:00.664  INFO  manager.MyListener - WebDriver start find element -->By.cssSelector: button[type='submit']
17:43:00.701  INFO  manager.MyListener - WebDriver start find element -->By.cssSelector: div.dialog-container
17:43:02.667  INFO  manager.MyListener - WebDriver start find element -->By.cssSelector: div.dialog-container h1
17:43:02.695  INFO  manager.MyListener - WebDriver start find element -->By.xpath: //button[text()='Search cars']
17:43:02.737  INFO  tests.TestBase - Start test with name --->addNewCarSuccess2
17:43:02.737  INFO  manager.MyListener - New Before find by --> By.xpath: //a[text()=' Logout ']
17:43:03.782  INFO  manager.MyListener - WebDriver start find element -->By.id: 1
17:43:03.838  INFO  manager.MyListener - WebDriver start find element -->By.id: pickUpPlace
17:43:03.920  INFO  manager.MyListener - WebDriver start find element -->By.cssSelector: div.pac-item
17:43:04.710  INFO  manager.MyListener - WebDriver start find element -->By.id: make
17:43:04.799  INFO  manager.MyListener - WebDriver start find element -->By.id: model
17:43:04.883  INFO  manager.MyListener - WebDriver start find element -->By.id: year
17:43:04.980  INFO  manager.MyListener - WebDriver start find element -->By.id: engine
17:43:05.063  INFO  manager.MyListener - WebDriver start find element -->By.id: fuel
17:43:05.117  INFO  manager.MyListener - WebDriver start find element -->By.id: gear
17:43:05.184  INFO  manager.MyListener - WebDriver start find element -->By.id: wheelsDrive
17:43:05.246  INFO  manager.MyListener - WebDriver start find element -->By.id: doors
17:43:05.341  INFO  manager.MyListener - WebDriver start find element -->By.id: seats
17:43:05.439  INFO  manager.MyListener - WebDriver start find element -->By.id: class
17:43:05.527  INFO  manager.MyListener - WebDriver start find element -->By.id: fuelConsumption
17:43:05.620  INFO  manager.MyListener - WebDriver start find element -->By.id: serialNumber
17:43:05.709  INFO  manager.MyListener - WebDriver start find element -->By.id: price
17:43:05.792  INFO  manager.MyListener - WebDriver start find element -->By.id: distance
17:43:05.895  INFO  manager.MyListener - WebDriver start find element -->By.cssSelector: input[placeholder='Type feature']
17:43:05.979  INFO  manager.MyListener - WebDriver start find element -->By.id: about
17:43:06.058  INFO  manager.MyListener - WebDriver start find element -->By.id: photos
17:43:06.089  INFO  manager.MyListener - WebDriver start find element -->By.cssSelector: button[type='submit']
17:43:07.172  INFO  manager.MyListener - WebDriver start find element -->By.cssSelector: button[type='submit']
17:43:07.208  INFO  manager.MyListener - WebDriver start find element -->By.cssSelector: div.dialog-container
17:43:09.119  INFO  manager.MyListener - WebDriver start find element -->By.cssSelector: div.dialog-container h1
17:43:09.140  INFO  manager.MyListener - WebDriver start find element -->By.xpath: //button[text()='Search cars']
17:43:09.170  INFO  tests.TestBase - Start test with name --->addNewCarSuccess2
17:43:09.171  INFO  manager.MyListener - New Before find by --> By.xpath: //a[text()=' Logout ']
17:43:10.186  INFO  manager.MyListener - WebDriver start find element -->By.id: 1
17:43:10.236  INFO  manager.MyListener - WebDriver start find element -->By.id: pickUpPlace
17:43:10.326  INFO  manager.MyListener - WebDriver start find element -->By.cssSelector: div.pac-item
17:43:11.126  INFO  manager.MyListener - WebDriver start find element -->By.id: make
17:43:11.214  INFO  manager.MyListener - WebDriver start find element -->By.id: model
17:43:11.288  INFO  manager.MyListener - WebDriver start find element -->By.id: year
17:43:11.372  INFO  manager.MyListener - WebDriver start find element -->By.id: engine
17:43:11.460  INFO  manager.MyListener - WebDriver start find element -->By.id: fuel
17:43:11.529  INFO  manager.MyListener - WebDriver start find element -->By.id: gear
17:43:11.587  INFO  manager.MyListener - WebDriver start find element -->By.id: wheelsDrive
17:43:11.638  INFO  manager.MyListener - WebDriver start find element -->By.id: doors
17:43:11.746  INFO  manager.MyListener - WebDriver start find element -->By.id: seats
17:43:11.832  INFO  manager.MyListener - WebDriver start find element -->By.id: class
17:43:11.910  INFO  manager.MyListener - WebDriver start find element -->By.id: fuelConsumption
17:43:11.995  INFO  manager.MyListener - WebDriver start find element -->By.id: serialNumber
17:43:12.079  INFO  manager.MyListener - WebDriver start find element -->By.id: price
17:43:12.163  INFO  manager.MyListener - WebDriver start find element -->By.id: distance
17:43:12.258  INFO  manager.MyListener - WebDriver start find element -->By.cssSelector: input[placeholder='Type feature']
17:43:12.358  INFO  manager.MyListener - WebDriver start find element -->By.id: about
17:43:12.432  INFO  manager.MyListener - WebDriver start find element -->By.id: photos
17:43:12.465  INFO  manager.MyListener - WebDriver start find element -->By.cssSelector: button[type='submit']
17:43:13.567  INFO  manager.MyListener - WebDriver start find element -->By.cssSelector: button[type='submit']
17:43:13.597  INFO  manager.MyListener - WebDriver start find element -->By.cssSelector: div.dialog-container
17:43:14.965  INFO  manager.MyListener - WebDriver start find element -->By.cssSelector: div.dialog-container h1
17:43:14.989  INFO  manager.MyListener - WebDriver start find element -->By.xpath: //button[text()='Search cars']
17:43:15.034  INFO  tests.TestBase - Start test with name --->loginSuccess
17:43:15.034  INFO  manager.MyListener - New Before find by --> By.xpath: //a[text()=' Logout ']
17:43:15.049  INFO  manager.MyListener - WebDriver start find element -->By.xpath: //a[text()=' Logout ']
17:43:15.171  INFO  tests.TestBase - Test start with logout
17:43:15.172  INFO  tests.TestBase - Test start with email : noa@gmail.com & password: Nnoa12345$
17:43:15.172  INFO  manager.MyListener - WebDriver start find element -->By.xpath: //a[text()=' Log in ']
17:43:15.218  INFO  manager.MyListener - WebDriver start find element -->By.id: email
17:43:15.320  INFO  manager.MyListener - WebDriver start find element -->By.id: password
17:43:15.393  INFO  manager.MyListener - WebDriver start find element -->By.cssSelector: button[type='submit']
17:43:15.417  INFO  manager.MyListener - WebDriver start find element -->By.cssSelector: button[type='submit']
17:43:15.449  INFO  manager.MyListener - WebDriver start find element -->By.cssSelector: div.dialog-container
17:43:16.456  INFO  manager.MyListener - WebDriver start find element -->By.cssSelector: div.dialog-container h1
17:43:16.476  INFO  tests.TestBase - Test passed
17:43:16.477  INFO  manager.MyListener - New Before find by --> By.xpath: //button[text()='Ok']
17:43:16.490  INFO  manager.MyListener - WebDriver start find element -->By.xpath: //button[text()='Ok']
17:43:16.530  INFO  tests.TestBase - Start test with name --->loginSuccess
17:43:16.531  INFO  manager.MyListener - New Before find by --> By.xpath: //a[text()=' Logout ']
17:43:16.538  INFO  manager.MyListener - WebDriver start find element -->By.xpath: //a[text()=' Logout ']
17:43:16.584  INFO  tests.TestBase - Test start with logout
17:43:16.584  INFO  tests.TestBase - Test start with email : sonya@gmail.com & password: Ss12345$
17:43:16.584  INFO  manager.MyListener - WebDriver start find element -->By.xpath: //a[text()=' Log in ']
17:43:16.638  INFO  manager.MyListener - WebDriver start find element -->By.id: email
17:43:21.667  INFO  manager.MyListener - The name of method with error -->findElement
17:43:21.669  INFO  manager.MyListener - We have a problem ---> org.openqa.selenium.NoSuchElementException: no such element: Unable to locate element: {"method":"css selector","selector":"#email"}
  (Session info: chrome=103.0.5060.134)
For documentation on this error, please visit: https://selenium.dev/exceptions/#no_such_element
Build info: version: '4.3.0', revision: 'a4995e2c09*'
System info: host: 'DESKTOP-P7LS7IG', ip: '192.168.1.21', os.name: 'Windows 11', os.arch: 'amd64', os.version: '10.0', java.version: '11.0.15.1'
Driver info: org.openqa.selenium.chrome.ChromeDriver
Command: [f21deafda1152fd871a7b02fe669387d, findElement {using=id, value=email}]
Capabilities {acceptInsecureCerts: false, browserName: chrome, browserVersion: 103.0.5060.134, chrome: {chromedriverVersion: 102.0.5005.61 (0e59bcc00cc4..., userDataDir: C:\Users\97253\AppData\Loca...}, goog:chromeOptions: {debuggerAddress: localhost:62630}, networkConnectionEnabled: false, pageLoadStrategy: normal, platformName: WINDOWS, proxy: Proxy(), se:cdp: ws://localhost:62630/devtoo..., se:cdpVersion: 103.0.5060.134, setWindowRect: true, strictFileInteractability: false, timeouts: {implicit: 0, pageLoad: 300000, script: 30000}, unhandledPromptBehavior: dismiss and notify, webauthn:extension:credBlob: true, webauthn:extension:largeBlob: true, webauthn:virtualAuthenticators: true}
Session ID: f21deafda1152fd871a7b02fe669387d
17:43:21.671  INFO  manager.MyListener - New Before find by --> By.xpath: //button[text()='Ok']
17:43:26.697  INFO  tests.TestBase - Start test with name --->loginSuccess
17:43:26.698  INFO  manager.MyListener - New Before find by --> By.xpath: //a[text()=' Logout ']
17:43:31.721  INFO  tests.TestBase - Test start with email : noa@gmail.com & password: Nnoa12345$
17:43:31.721  INFO  manager.MyListener - WebDriver start find element -->By.xpath: //a[text()=' Log in ']
17:43:31.769  INFO  manager.MyListener - WebDriver start find element -->By.id: email
17:43:31.849  INFO  manager.MyListener - WebDriver start find element -->By.id: password
17:43:31.930  INFO  manager.MyListener - WebDriver start find element -->By.cssSelector: button[type='submit']
17:43:31.961  INFO  manager.MyListener - WebDriver start find element -->By.cssSelector: button[type='submit']
17:43:31.997  INFO  manager.MyListener - WebDriver start find element -->By.cssSelector: div.dialog-container
17:43:33.061  INFO  manager.MyListener - WebDriver start find element -->By.cssSelector: div.dialog-container h1
17:43:33.084  INFO  tests.TestBase - Test passed
17:43:33.085  INFO  manager.MyListener - New Before find by --> By.xpath: //button[text()='Ok']
17:43:33.098  INFO  manager.MyListener - WebDriver start find element -->By.xpath: //button[text()='Ok']
17:43:33.137  INFO  tests.TestBase - Start test with name --->loginSuccess
17:43:33.137  INFO  manager.MyListener - New Before find by --> By.xpath: //a[text()=' Logout ']
17:43:33.147  INFO  manager.MyListener - WebDriver start find element -->By.xpath: //a[text()=' Logout ']
17:43:33.200  INFO  tests.TestBase - Test start with logout
17:43:33.201  INFO  tests.TestBase - Test start with email : sonya@gmail.com & password: Ss12345$
17:43:33.201  INFO  manager.MyListener - WebDriver start find element -->By.xpath: //a[text()=' Log in ']
17:43:33.252  INFO  manager.MyListener - WebDriver start find element -->By.id: email
17:43:33.341  INFO  manager.MyListener - WebDriver start find element -->By.id: password
17:43:33.417  INFO  manager.MyListener - WebDriver start find element -->By.cssSelector: button[type='submit']
17:43:33.441  INFO  manager.MyListener - WebDriver start find element -->By.cssSelector: button[type='submit']
17:43:33.478  INFO  manager.MyListener - WebDriver start find element -->By.cssSelector: div.dialog-container
17:43:33.995  INFO  manager.MyListener - WebDriver start find element -->By.cssSelector: div.dialog-container h1
17:43:34.015  INFO  tests.TestBase - Test passed
17:43:34.015  INFO  manager.MyListener - New Before find by --> By.xpath: //button[text()='Ok']
17:43:34.027  INFO  manager.MyListener - WebDriver start find element -->By.xpath: //button[text()='Ok']
17:43:34.066  INFO  tests.TestBase - Start test with name --->registrationSuccess
17:43:34.067  INFO  manager.MyListener - New Before find by --> By.xpath: //a[text()=' Logout ']
17:43:34.078  INFO  manager.MyListener - WebDriver start find element -->By.xpath: //a[text()=' Logout ']
17:43:34.133  INFO  manager.MyListener - WebDriver start find element -->By.xpath: //a[text()=' Sign up ']
17:43:34.186  INFO  manager.MyListener - WebDriver start find element -->By.id: name
17:43:34.258  INFO  manager.MyListener - WebDriver start find element -->By.id: lastName
17:43:34.333  INFO  manager.MyListener - WebDriver start find element -->By.id: email
17:43:34.431  INFO  manager.MyListener - WebDriver start find element -->By.id: password
17:43:34.501  INFO  manager.MyListener - WebDriver start find element -->By.cssSelector: label[for='terms-of-use']
17:43:34.648  INFO  manager.MyListener - WebDriver start find element -->By.cssSelector: button[type='submit']
17:43:34.669  INFO  manager.MyListener - WebDriver start find element -->By.cssSelector: button[type='submit']
17:43:34.706  INFO  manager.MyListener - WebDriver start find element -->By.cssSelector: div.dialog-container
17:43:35.683  INFO  manager.MyListener - WebDriver start find element -->By.cssSelector: div.dialog-container h1
17:43:35.704  INFO  manager.MyListener - New Before find by --> By.xpath: //button[text()='Ok']
17:43:35.714  INFO  manager.MyListener - WebDriver start find element -->By.xpath: //button[text()='Ok']
17:43:35.755  INFO  tests.TestBase - Start test with name --->registrationWrongPasswordFormatSize
17:43:35.756  INFO  manager.MyListener - New Before find by --> By.xpath: //a[text()=' Logout ']
17:43:35.763  INFO  manager.MyListener - WebDriver start find element -->By.xpath: //a[text()=' Logout ']
17:43:35.803  INFO  manager.MyListener - WebDriver start find element -->By.xpath: //a[text()=' Sign up ']
17:43:35.845  INFO  manager.MyListener - WebDriver start find element -->By.id: name
17:43:35.873  INFO  manager.MyListener - The name of method with error -->click
17:43:35.873  INFO  manager.MyListener - We have a problem ---> org.openqa.selenium.StaleElementReferenceException: stale element reference: element is not attached to the page document
  (Session info: chrome=103.0.5060.134)
For documentation on this error, please visit: https://selenium.dev/exceptions/#stale_element_reference
Build info: version: '4.3.0', revision: 'a4995e2c09*'
System info: host: 'DESKTOP-P7LS7IG', ip: '192.168.1.21', os.name: 'Windows 11', os.arch: 'amd64', os.version: '10.0', java.version: '11.0.15.1'
Driver info: org.openqa.selenium.chrome.ChromeDriver
Command: [f21deafda1152fd871a7b02fe669387d, clickElement {id=81607453-1c56-47c5-99a9-9931312a7e80}]
Capabilities {acceptInsecureCerts: false, browserName: chrome, browserVersion: 103.0.5060.134, chrome: {chromedriverVersion: 102.0.5005.61 (0e59bcc00cc4..., userDataDir: C:\Users\97253\AppData\Loca...}, goog:chromeOptions: {debuggerAddress: localhost:62630}, networkConnectionEnabled: false, pageLoadStrategy: normal, platformName: WINDOWS, proxy: Proxy(), se:cdp: ws://localhost:62630/devtoo..., se:cdpVersion: 103.0.5060.134, setWindowRect: true, strictFileInteractability: false, timeouts: {implicit: 0, pageLoad: 300000, script: 30000}, unhandledPromptBehavior: dismiss and notify, webauthn:extension:credBlob: true, webauthn:extension:largeBlob: true, webauthn:virtualAuthenticators: true}
Element: [[ChromeDriver: chrome on WINDOWS (f21deafda1152fd871a7b02fe669387d)] -> id: name]
Session ID: f21deafda1152fd871a7b02fe669387d
17:43:35.875  INFO  manager.MyListener - New Before find by --> By.xpath: //button[text()='Ok']
17:43:40.896  INFO  tests.TestBase - Start test with name --->searchAnyPeriod
17:43:40.897  INFO  manager.MyListener - WebDriver start find element -->By.cssSelector: .logo
17:43:41.107  INFO  manager.MyListener - WebDriver start find element -->By.id: city
17:43:41.131  INFO  manager.MyListener - WebDriver start find element -->By.id: city
17:43:41.727  INFO  manager.MyListener - WebDriver start find element -->By.cssSelector: .pac-item
17:43:41.777  INFO  manager.MyListener - WebDriver start find element -->By.id: dates
17:43:41.843  INFO  manager.MyListener - WebDriver start find element -->By.id: dates
17:43:41.911  INFO  manager.MyListener - WebDriver start find element -->By.xpath: //button[@aria-label='Next month']
17:43:41.962  INFO  manager.MyListener - WebDriver start find element -->By.xpath: //button[@aria-label='Next month']
17:43:42.010  INFO  manager.MyListener - WebDriver start find element -->By.xpath: //button[@aria-label='Next month']
17:43:42.051  INFO  manager.MyListener - WebDriver start find element -->By.xpath: //button[@aria-label='Next month']
17:43:42.105  INFO  manager.MyListener - WebDriver start find element -->By.xpath: //button[@aria-label='Next month']
17:43:42.144  INFO  manager.MyListener - WebDriver start find element -->By.xpath: //button[@aria-label='Next month']
17:43:42.185  INFO  manager.MyListener - WebDriver start find element -->By.xpath: //button[@aria-label='Next month']
17:43:42.223  INFO  manager.MyListener - WebDriver start find element -->By.xpath: //button[@aria-label='Next month']
17:43:42.257  INFO  manager.MyListener - WebDriver start find element -->By.xpath: //button[@aria-label='Next month']
17:43:42.292  INFO  manager.MyListener - WebDriver start find element -->By.xpath: //button[@aria-label='Next month']
17:43:42.329  INFO  manager.MyListener - WebDriver start find element -->By.xpath: //button[@aria-label='Next month']
17:43:42.365  INFO  manager.MyListener - WebDriver start find element -->By.xpath: //div[text()=' 10 ']
17:43:42.414  INFO  manager.MyListener - WebDriver start find element -->By.xpath: //button[@aria-label='Next month']
17:43:42.449  INFO  manager.MyListener - WebDriver start find element -->By.xpath: //div[text()=' 15 ']
17:43:42.500  INFO  manager.MyListener - WebDriver start find element -->By.cssSelector: button[type='submit']
17:43:42.528  INFO  manager.MyListener - WebDriver start find element -->By.cssSelector: button[type='submit']
17:43:42.593  INFO  manager.MyListener - New Before find by --> By.cssSelector: .cars-container.ng-star-inserted
17:43:43.795  INFO  tests.TestBase - Start test with name --->searchCurrentYear
17:43:43.795  INFO  manager.MyListener - WebDriver start find element -->By.cssSelector: .logo
17:43:43.918  INFO  manager.MyListener - WebDriver start find element -->By.id: city
17:43:43.944  INFO  manager.MyListener - WebDriver start find element -->By.id: city
17:43:44.566  INFO  manager.MyListener - WebDriver start find element -->By.cssSelector: .pac-item
17:43:44.612  INFO  manager.MyListener - WebDriver start find element -->By.id: dates
17:43:44.660  INFO  manager.MyListener - WebDriver start find element -->By.id: dates
17:43:44.705  INFO  manager.MyListener - WebDriver start find element -->By.xpath: //button[@aria-label='Next month']
17:43:44.746  INFO  manager.MyListener - WebDriver start find element -->By.xpath: //div[text()=' 10 ']
17:43:44.789  INFO  manager.MyListener - WebDriver start find element -->By.xpath: //div[text()=' 20 ']
17:43:44.838  INFO  manager.MyListener - WebDriver start find element -->By.cssSelector: button[type='submit']
17:43:44.862  INFO  manager.MyListener - WebDriver start find element -->By.cssSelector: button[type='submit']
17:43:44.927  INFO  manager.MyListener - New Before find by --> By.cssSelector: .cars-container.ng-star-inserted
17:43:46.277  INFO  tests.TestBase - Start test with name --->searchCurrentYearLocalDate
17:43:46.278  INFO  manager.MyListener - WebDriver start find element -->By.cssSelector: .logo
17:43:46.403  INFO  manager.MyListener - WebDriver start find element -->By.id: city
17:43:46.426  INFO  manager.MyListener - WebDriver start find element -->By.id: city
17:43:47.035  INFO  manager.MyListener - WebDriver start find element -->By.cssSelector: .pac-item
17:43:47.086  INFO  manager.MyListener - WebDriver start find element -->By.id: dates
17:43:47.134  INFO  manager.MyListener - WebDriver start find element -->By.id: dates
17:43:47.177  INFO  manager.MyListener - WebDriver start find element -->By.xpath: //button[@aria-label='Next month']
17:43:47.218  INFO  manager.MyListener - WebDriver start find element -->By.xpath: //div[text()=' 10 ']
17:43:47.262  INFO  manager.MyListener - WebDriver start find element -->By.xpath: //button[@aria-label='Next month']
17:43:47.298  INFO  manager.MyListener - WebDriver start find element -->By.xpath: //button[@aria-label='Next month']
17:43:47.341  INFO  manager.MyListener - WebDriver start find element -->By.xpath: //div[text()=' 20 ']
17:43:47.388  INFO  manager.MyListener - WebDriver start find element -->By.cssSelector: button[type='submit']
17:43:47.412  INFO  manager.MyListener - WebDriver start find element -->By.cssSelector: button[type='submit']
17:43:47.467  INFO  manager.MyListener - New Before find by --> By.cssSelector: .cars-container.ng-star-inserted
17:43:48.402  INFO  tests.TestBase - Start test with name --->searchNextMonth
17:43:48.403  INFO  manager.MyListener - WebDriver start find element -->By.cssSelector: .logo
17:43:48.565  INFO  manager.MyListener - WebDriver start find element -->By.id: city
17:43:48.586  INFO  manager.MyListener - WebDriver start find element -->By.id: city
17:43:49.214  INFO  manager.MyListener - WebDriver start find element -->By.cssSelector: .pac-item
17:43:49.247  INFO  manager.MyListener - WebDriver start find element -->By.id: dates
17:43:49.308  INFO  manager.MyListener - WebDriver start find element -->By.id: dates
17:43:49.366  INFO  manager.MyListener - WebDriver start find element -->By.xpath: //button[@aria-label='Next month']
17:43:49.410  INFO  manager.MyListener - WebDriver start find element -->By.xpath: //div[text()=' 28 ']
17:43:49.457  INFO  manager.MyListener - WebDriver start find element -->By.xpath: //div[text()=' 27 ']
17:43:49.506  INFO  manager.MyListener - WebDriver start find element -->By.cssSelector: button[type='submit']
17:43:49.530  INFO  manager.MyListener - WebDriver start find element -->By.cssSelector: button[type='submit']
17:43:49.596  INFO  manager.MyListener - New Before find by --> By.cssSelector: .cars-container.ng-star-inserted
17:43:50.708  INFO  tests.TestBase - Start test with name --->searchPeriodPast
17:43:50.709  INFO  manager.MyListener - WebDriver start find element -->By.cssSelector: .logo
17:43:50.844  INFO  manager.MyListener - WebDriver start find element -->By.id: city
17:43:50.865  INFO  manager.MyListener - WebDriver start find element -->By.id: city
17:43:51.484  INFO  manager.MyListener - WebDriver start find element -->By.cssSelector: .pac-item
17:43:51.516  INFO  manager.MyListener - WebDriver start find element -->By.id: dates
17:43:51.572  INFO  manager.MyListener - WebDriver start find element -->By.id: dates
17:43:51.712  INFO  manager.MyListener - WebDriver start find element -->By.cssSelector: .cdk-overlay-container
17:43:51.754  INFO  manager.MyListener - WebDriver start find element -->By.cssSelector: button[type='submit']
17:43:51.788  INFO  manager.MyListener - New Before find by --> By.cssSelector: button[disabled]
17:43:51.801  INFO  manager.MyListener - WebDriver start find element -->By.cssSelector: [type='submit']
17:43:51.815  INFO  manager.MyListener - WebDriver start find element -->By.cssSelector: div.error div
