15:16:01.102  INFO  manager.ApplicationManager - All Tests run in Chrome Driver
15:16:02.825  INFO  manager.ApplicationManager - Current Url --> https://ilcarro-1578153671498.web.app/search
15:16:02.856  INFO  tests.TestBase - Start test with name --->addNewCarSuccess2
15:16:02.857  INFO  manager.MyListener - New Before find by --> By.xpath: //a[text()=' Logout ']
15:16:07.900  INFO  manager.MyListener - WebDriver start find element -->By.xpath: //a[text()=' Log in ']
15:16:07.961  INFO  manager.MyListener - WebDriver start find element -->By.id: email
15:16:08.065  INFO  manager.MyListener - WebDriver start find element -->By.id: password
15:16:08.148  INFO  manager.MyListener - WebDriver start find element -->By.cssSelector: button[type='submit']
15:16:08.198  INFO  manager.MyListener - WebDriver start find element -->By.cssSelector: button[type='submit']
15:16:08.242  INFO  manager.MyListener - New Before find by --> By.xpath: //button[text()='Ok']
15:16:09.552  INFO  manager.MyListener - WebDriver start find element -->By.xpath: //button[text()='Ok']
15:16:10.613  INFO  manager.MyListener - WebDriver start find element -->By.id: 1
15:16:10.688  INFO  manager.MyListener - WebDriver start find element -->By.id: pickUpPlace
15:16:10.785  INFO  manager.MyListener - WebDriver start find element -->By.cssSelector: div.pac-item
15:16:11.714  INFO  manager.MyListener - WebDriver start find element -->By.id: make
15:16:11.805  INFO  manager.MyListener - WebDriver start find element -->By.id: model
15:16:11.888  INFO  manager.MyListener - WebDriver start find element -->By.id: year
15:16:11.977  INFO  manager.MyListener - WebDriver start find element -->By.id: engine
15:16:12.059  INFO  manager.MyListener - WebDriver start find element -->By.id: fuel
15:16:12.122  INFO  manager.MyListener - WebDriver start find element -->By.id: gear
15:16:12.184  INFO  manager.MyListener - WebDriver start find element -->By.id: wheelsDrive
15:16:12.246  INFO  manager.MyListener - WebDriver start find element -->By.id: doors
15:16:12.349  INFO  manager.MyListener - WebDriver start find element -->By.id: seats
15:16:12.444  INFO  manager.MyListener - WebDriver start find element -->By.id: class
15:16:12.527  INFO  manager.MyListener - WebDriver start find element -->By.id: fuelConsumption
15:16:12.620  INFO  manager.MyListener - WebDriver start find element -->By.id: serialNumber
15:16:12.716  INFO  manager.MyListener - WebDriver start find element -->By.id: price
15:16:12.819  INFO  manager.MyListener - WebDriver start find element -->By.id: distance
15:16:12.923  INFO  manager.MyListener - WebDriver start find element -->By.cssSelector: input[placeholder='Type feature']
15:16:13.007  INFO  manager.MyListener - WebDriver start find element -->By.id: about
15:16:13.086  INFO  manager.MyListener - WebDriver start find element -->By.id: photos
15:16:13.128  INFO  manager.MyListener - WebDriver start find element -->By.cssSelector: button[type='submit']
15:16:14.748  INFO  manager.MyListener - WebDriver start find element -->By.cssSelector: button[type='submit']
15:16:14.786  INFO  manager.MyListener - WebDriver start find element -->By.cssSelector: div.dialog-container
15:16:15.794  INFO  manager.MyListener - WebDriver start find element -->By.cssSelector: div.dialog-container h1
15:16:15.825  INFO  manager.MyListener - WebDriver start find element -->By.xpath: //button[text()='Search cars']
15:16:20.860  INFO  manager.MyListener - The name of method with error -->findElement
15:16:20.862  INFO  manager.MyListener - We have a problem ---> org.openqa.selenium.NoSuchElementException: no such element: Unable to locate element: {"method":"xpath","selector":"//button[text()='Search cars']"}
  (Session info: chrome=103.0.5060.134)
For documentation on this error, please visit: https://selenium.dev/exceptions/#no_such_element
Build info: version: '4.3.0', revision: 'a4995e2c09*'
System info: host: 'DESKTOP-P7LS7IG', ip: '192.168.1.22', os.name: 'Windows 11', os.arch: 'amd64', os.version: '10.0', java.version: '11.0.15.1'
Driver info: org.openqa.selenium.chrome.ChromeDriver
Command: [7e302361d9c2d17f2554ef8cfae52323, findElement {using=xpath, value=//button[text()='Search cars']}]
Capabilities {acceptInsecureCerts: false, browserName: chrome, browserVersion: 103.0.5060.134, chrome: {chromedriverVersion: 102.0.5005.61 (0e59bcc00cc4..., userDataDir: C:\Users\97253\AppData\Loca...}, goog:chromeOptions: {debuggerAddress: localhost:63400}, networkConnectionEnabled: false, pageLoadStrategy: normal, platformName: WINDOWS, proxy: Proxy(), se:cdp: ws://localhost:63400/devtoo..., se:cdpVersion: 103.0.5060.134, setWindowRect: true, strictFileInteractability: false, timeouts: {implicit: 0, pageLoad: 300000, script: 30000}, unhandledPromptBehavior: dismiss and notify, webauthn:extension:credBlob: true, webauthn:extension:largeBlob: true, webauthn:virtualAuthenticators: true}
Session ID: 7e302361d9c2d17f2554ef8cfae52323
