20:24:59.025  INFO  manager.ApplicationManager - All Tests run in Chrome Driver
20:25:05.000  INFO  manager.ApplicationManager - Current Url --> https://ilcarro-1578153671498.web.app/search
20:25:05.031  INFO  tests.TestBase - Start test with name --->addNewCarSuccess
20:25:05.032  INFO  manager.MyListener - New Before find by --> By.xpath: //a[text()=' Logout ']
20:25:10.047  INFO  manager.MyListener - WebDriver start find element -->By.xpath: //a[text()=' Log in ']
20:25:10.108  INFO  manager.MyListener - WebDriver start find element -->By.id: email
20:25:10.213  INFO  manager.MyListener - WebDriver start find element -->By.id: password
20:25:10.299  INFO  manager.MyListener - WebDriver start find element -->By.cssSelector: button[type='submit']
20:25:10.347  INFO  manager.MyListener - WebDriver start find element -->By.cssSelector: button[type='submit']
20:25:10.395  INFO  manager.MyListener - New Before find by --> By.xpath: //button[text()='Ok']
20:25:11.531  INFO  manager.MyListener - WebDriver start find element -->By.xpath: //button[text()='Ok']
20:25:12.586  INFO  manager.MyListener - WebDriver start find element -->By.id: 1
20:25:12.662  INFO  manager.MyListener - WebDriver start find element -->By.id: pickUpPlace
20:25:12.768  INFO  manager.MyListener - WebDriver start find element -->By.cssSelector: div.pac-item
20:25:13.706  INFO  manager.MyListener - WebDriver start find element -->By.id: make
20:25:13.797  INFO  manager.MyListener - WebDriver start find element -->By.id: model
20:25:13.912  INFO  manager.MyListener - WebDriver start find element -->By.id: year
20:25:14.018  INFO  manager.MyListener - WebDriver start find element -->By.id: engine
20:25:14.112  INFO  manager.MyListener - WebDriver start find element -->By.id: fuel
20:25:14.175  INFO  manager.MyListener - WebDriver start find element -->By.id: gear
20:25:14.240  INFO  manager.MyListener - WebDriver start find element -->By.id: wheelsDrive
20:25:14.316  INFO  manager.MyListener - WebDriver start find element -->By.id: doors
20:25:14.427  INFO  manager.MyListener - WebDriver start find element -->By.id: seats
20:25:14.531  INFO  manager.MyListener - WebDriver start find element -->By.id: class
20:25:14.621  INFO  manager.MyListener - WebDriver start find element -->By.id: fuelConsumption
20:25:14.763  INFO  manager.MyListener - WebDriver start find element -->By.id: serialNumber
20:25:14.854  INFO  manager.MyListener - WebDriver start find element -->By.id: price
20:25:14.951  INFO  manager.MyListener - WebDriver start find element -->By.id: distance
20:25:15.060  INFO  manager.MyListener - WebDriver start find element -->By.cssSelector: input[placeholder='Type feature']
20:25:15.161  INFO  manager.MyListener - WebDriver start find element -->By.id: about
20:25:15.255  INFO  manager.MyListener - WebDriver start find element -->By.id: photos
20:25:15.308  INFO  manager.MyListener - WebDriver start find element -->By.cssSelector: button[type='submit']
20:25:16.926  INFO  manager.MyListener - WebDriver start find element -->By.cssSelector: button[type='submit']
20:25:16.966  INFO  manager.MyListener - WebDriver start find element -->By.cssSelector: div.dialog-container
20:25:18.427  INFO  manager.MyListener - WebDriver start find element -->By.cssSelector: div.dialog-container h1
20:25:18.468  INFO  manager.MyListener - WebDriver start find element -->By.xpath: //button[text()='Search cars']
20:25:18.519  INFO  tests.TestBase - Start test with name --->loginSuccess
20:25:18.520  INFO  manager.MyListener - New Before find by --> By.xpath: //a[text()=' Logout ']
20:25:18.536  INFO  manager.MyListener - WebDriver start find element -->By.xpath: //a[text()=' Logout ']
20:25:18.675  INFO  tests.TestBase - Test start with logout
20:25:18.677  INFO  tests.TestBase - Test start with email : noa@gmail.com & password: Nnoa12345$
20:25:18.677  INFO  manager.MyListener - WebDriver start find element -->By.xpath: //a[text()=' Log in ']
20:25:18.741  INFO  manager.MyListener - WebDriver start find element -->By.id: email
20:25:19.346  INFO  manager.MyListener - New Before find by --> By.xpath: //button[text()='Ok']
20:25:24.362  INFO  tests.TestBase - Start test with name --->loginSuccess
20:25:24.363  INFO  manager.MyListener - New Before find by --> By.xpath: //a[text()=' Logout ']
20:25:29.376  INFO  tests.TestBase - Test start with email : sonya@gmail.com & password: Ss12345$
20:25:29.376  INFO  manager.MyListener - WebDriver start find element -->By.xpath: //a[text()=' Log in ']
20:25:29.410  INFO  manager.MyListener - WebDriver start find element -->By.id: email
20:25:29.902  INFO  manager.MyListener - New Before find by --> By.xpath: //button[text()='Ok']
20:25:34.947  INFO  tests.TestBase - Start test with name --->loginSuccess
20:25:34.948  INFO  manager.MyListener - New Before find by --> By.xpath: //a[text()=' Logout ']
20:25:39.971  INFO  tests.TestBase - Test start with email : noa@gmail.com & password: Nnoa12345$
20:25:39.971  INFO  manager.MyListener - WebDriver start find element -->By.xpath: //a[text()=' Log in ']
20:25:40.014  INFO  manager.MyListener - WebDriver start find element -->By.id: email
20:25:40.492  INFO  manager.MyListener - New Before find by --> By.xpath: //button[text()='Ok']
20:25:45.522  INFO  tests.TestBase - Start test with name --->loginSuccess
20:25:45.523  INFO  manager.MyListener - New Before find by --> By.xpath: //a[text()=' Logout ']
20:25:50.567  INFO  tests.TestBase - Test start with email : sonya@gmail.com & password: Ss12345$
20:25:50.567  INFO  manager.MyListener - WebDriver start find element -->By.xpath: //a[text()=' Log in ']
20:25:50.599  INFO  manager.MyListener - WebDriver start find element -->By.id: email
20:25:51.022  INFO  manager.MyListener - New Before find by --> By.xpath: //button[text()='Ok']
20:25:56.034  INFO  tests.TestBase - Start test with name --->loginSuccess2
20:25:56.036  INFO  manager.MyListener - New Before find by --> By.xpath: //a[text()=' Logout ']
20:26:01.043  INFO  manager.MyListener - WebDriver start find element -->By.xpath: //a[text()=' Log in ']
20:26:01.080  INFO  manager.MyListener - WebDriver start find element -->By.id: email
20:26:01.482  INFO  manager.MyListener - New Before find by --> By.xpath: //button[text()='Ok']
20:26:06.507  INFO  tests.TestBase - Start test with name --->loginSuccessDP
20:26:06.507  INFO  manager.MyListener - New Before find by --> By.xpath: //a[text()=' Logout ']
20:26:11.523  INFO  manager.MyListener - WebDriver start find element -->By.xpath: //a[text()=' Log in ']
20:26:11.556  INFO  manager.MyListener - WebDriver start find element -->By.id: email
20:26:11.637  INFO  manager.MyListener - WebDriver start find element -->By.id: password
20:26:11.707  INFO  manager.MyListener - WebDriver start find element -->By.cssSelector: button[type='submit']
20:26:11.738  INFO  manager.MyListener - WebDriver start find element -->By.cssSelector: button[type='submit']
20:26:11.783  INFO  manager.MyListener - WebDriver start find element -->By.cssSelector: div.dialog-container
20:26:13.345  INFO  manager.MyListener - WebDriver start find element -->By.cssSelector: div.dialog-container h1
20:26:13.369  INFO  manager.MyListener - New Before find by --> By.xpath: //button[text()='Ok']
20:26:13.380  INFO  manager.MyListener - WebDriver start find element -->By.xpath: //button[text()='Ok']
20:26:13.418  INFO  tests.TestBase - Start test with name --->loginSuccessDP
20:26:13.418  INFO  manager.MyListener - New Before find by --> By.xpath: //a[text()=' Logout ']
20:26:13.430  INFO  manager.MyListener - WebDriver start find element -->By.xpath: //a[text()=' Logout ']
20:26:13.485  INFO  tests.TestBase - Test start with logout
20:26:13.486  INFO  manager.MyListener - WebDriver start find element -->By.xpath: //a[text()=' Log in ']
20:26:13.533  INFO  manager.MyListener - WebDriver start find element -->By.id: email
20:26:13.620  INFO  manager.MyListener - WebDriver start find element -->By.id: password
20:26:13.690  INFO  manager.MyListener - WebDriver start find element -->By.cssSelector: button[type='submit']
20:26:13.714  INFO  manager.MyListener - WebDriver start find element -->By.cssSelector: button[type='submit']
20:26:13.753  INFO  manager.MyListener - WebDriver start find element -->By.cssSelector: div.dialog-container
20:26:14.801  INFO  manager.MyListener - WebDriver start find element -->By.cssSelector: div.dialog-container h1
20:26:14.823  INFO  manager.MyListener - New Before find by --> By.xpath: //button[text()='Ok']
20:26:14.834  INFO  manager.MyListener - WebDriver start find element -->By.xpath: //button[text()='Ok']
20:26:14.876  INFO  tests.TestBase - Start test with name --->loginSuccessDP
20:26:14.878  INFO  manager.MyListener - New Before find by --> By.xpath: //a[text()=' Logout ']
20:26:14.889  INFO  manager.MyListener - WebDriver start find element -->By.xpath: //a[text()=' Logout ']
20:26:14.937  INFO  tests.TestBase - Test start with logout
20:26:14.938  INFO  manager.MyListener - WebDriver start find element -->By.xpath: //a[text()=' Log in ']
20:26:14.989  INFO  manager.MyListener - WebDriver start find element -->By.id: email
20:26:15.088  INFO  manager.MyListener - WebDriver start find element -->By.id: password
20:26:15.171  INFO  manager.MyListener - WebDriver start find element -->By.cssSelector: button[type='submit']
20:26:15.204  INFO  manager.MyListener - WebDriver start find element -->By.cssSelector: button[type='submit']
20:26:15.255  INFO  manager.MyListener - WebDriver start find element -->By.cssSelector: div.dialog-container
20:26:16.330  INFO  manager.MyListener - WebDriver start find element -->By.cssSelector: div.dialog-container h1
20:26:16.351  INFO  manager.MyListener - New Before find by --> By.xpath: //button[text()='Ok']
20:26:16.360  INFO  manager.MyListener - WebDriver start find element -->By.xpath: //button[text()='Ok']
20:26:16.401  INFO  tests.TestBase - Start test with name --->loginSuccessDP
20:26:16.401  INFO  manager.MyListener - New Before find by --> By.xpath: //a[text()=' Logout ']
20:26:16.413  INFO  manager.MyListener - WebDriver start find element -->By.xpath: //a[text()=' Logout ']
20:26:16.462  INFO  tests.TestBase - Test start with logout
20:26:16.463  INFO  manager.MyListener - WebDriver start find element -->By.xpath: //a[text()=' Log in ']
20:26:16.519  INFO  manager.MyListener - WebDriver start find element -->By.id: email
20:26:16.627  INFO  manager.MyListener - WebDriver start find element -->By.id: password
20:26:16.705  INFO  manager.MyListener - WebDriver start find element -->By.cssSelector: button[type='submit']
20:26:16.731  INFO  manager.MyListener - WebDriver start find element -->By.cssSelector: button[type='submit']
20:26:16.802  INFO  manager.MyListener - WebDriver start find element -->By.cssSelector: div.dialog-container
20:26:17.560  INFO  manager.MyListener - WebDriver start find element -->By.cssSelector: div.dialog-container h1
20:26:17.583  INFO  manager.MyListener - New Before find by --> By.xpath: //button[text()='Ok']
20:26:17.603  INFO  manager.MyListener - WebDriver start find element -->By.xpath: //button[text()='Ok']
20:26:17.649  INFO  tests.TestBase - Start test with name --->registrationSuccess
20:26:17.650  INFO  manager.MyListener - New Before find by --> By.xpath: //a[text()=' Logout ']
20:26:17.661  INFO  manager.MyListener - WebDriver start find element -->By.xpath: //a[text()=' Logout ']
20:26:17.709  INFO  manager.MyListener - WebDriver start find element -->By.xpath: //a[text()=' Sign up ']
20:26:17.757  INFO  manager.MyListener - WebDriver start find element -->By.id: name
20:26:17.870  INFO  manager.MyListener - WebDriver start find element -->By.id: lastName
20:26:17.950  INFO  manager.MyListener - WebDriver start find element -->By.id: email
20:26:18.058  INFO  manager.MyListener - WebDriver start find element -->By.id: password
20:26:18.150  INFO  manager.MyListener - WebDriver start find element -->By.cssSelector: label[for='terms-of-use']
20:26:18.308  INFO  manager.MyListener - WebDriver start find element -->By.cssSelector: button[type='submit']
20:26:18.339  INFO  manager.MyListener - WebDriver start find element -->By.cssSelector: button[type='submit']
20:26:18.376  INFO  manager.MyListener - WebDriver start find element -->By.cssSelector: div.dialog-container
20:26:18.839  INFO  manager.MyListener - WebDriver start find element -->By.cssSelector: div.dialog-container h1
20:26:18.861  INFO  manager.MyListener - New Before find by --> By.xpath: //button[text()='Ok']
20:26:18.870  INFO  manager.MyListener - WebDriver start find element -->By.xpath: //button[text()='Ok']
20:26:18.908  INFO  tests.TestBase - Start test with name --->registrationWrongPasswordFormatSize
20:26:18.908  INFO  manager.MyListener - New Before find by --> By.xpath: //a[text()=' Logout ']
20:26:18.920  INFO  manager.MyListener - WebDriver start find element -->By.xpath: //a[text()=' Logout ']
20:26:18.975  INFO  manager.MyListener - WebDriver start find element -->By.xpath: //a[text()=' Sign up ']
20:26:19.025  INFO  manager.MyListener - WebDriver start find element -->By.id: name
20:26:19.101  INFO  manager.MyListener - WebDriver start find element -->By.id: lastName
20:26:19.181  INFO  manager.MyListener - WebDriver start find element -->By.id: email
20:26:19.274  INFO  manager.MyListener - WebDriver start find element -->By.id: password
20:26:19.356  INFO  manager.MyListener - WebDriver start find element -->By.cssSelector: label[for='terms-of-use']
20:26:19.414  INFO  manager.MyListener - WebDriver start find element -->By.cssSelector: div.error div:last-child
20:26:19.436  INFO  manager.MyListener - WebDriver start find element -->By.cssSelector: div.error div:last-child
20:26:19.455  INFO  manager.MyListener - WebDriver start find element -->By.cssSelector: div.error div:first-child
20:26:19.483  INFO  manager.MyListener - WebDriver start find element -->By.cssSelector: div.error div:first-child
20:26:19.498  INFO  manager.MyListener - New Before find by --> By.cssSelector: button[disabled]
20:26:19.507  INFO  manager.MyListener - WebDriver start find element -->By.cssSelector: [type='submit']
20:26:19.527  INFO  manager.MyListener - New Before find by --> By.xpath: //button[text()='Ok']
20:26:24.552  INFO  tests.TestBase - Start test with name --->searchAnyPeriod
20:26:24.552  INFO  manager.MyListener - WebDriver start find element -->By.id: city
20:26:29.571  INFO  manager.MyListener - The name of method with error -->findElement
20:26:29.573  INFO  manager.MyListener - We have a problem ---> org.openqa.selenium.NoSuchElementException: no such element: Unable to locate element: {"method":"css selector","selector":"#city"}
  (Session info: chrome=103.0.5060.134)
For documentation on this error, please visit: https://selenium.dev/exceptions/#no_such_element
Build info: version: '4.3.0', revision: 'a4995e2c09*'
System info: host: 'DESKTOP-P7LS7IG', ip: '192.168.1.22', os.name: 'Windows 11', os.arch: 'amd64', os.version: '10.0', java.version: '11.0.15.1'
Driver info: org.openqa.selenium.chrome.ChromeDriver
Command: [d201e6ca84a0926defa0aee17da4cd9d, findElement {using=id, value=city}]
Capabilities {acceptInsecureCerts: false, browserName: chrome, browserVersion: 103.0.5060.134, chrome: {chromedriverVersion: 102.0.5005.61 (0e59bcc00cc4..., userDataDir: C:\Users\97253\AppData\Loca...}, goog:chromeOptions: {debuggerAddress: localhost:50574}, networkConnectionEnabled: false, pageLoadStrategy: normal, platformName: WINDOWS, proxy: Proxy(), se:cdp: ws://localhost:50574/devtoo..., se:cdpVersion: 103.0.5060.134, setWindowRect: true, strictFileInteractability: false, timeouts: {implicit: 0, pageLoad: 300000, script: 30000}, unhandledPromptBehavior: dismiss and notify, webauthn:extension:credBlob: true, webauthn:extension:largeBlob: true, webauthn:virtualAuthenticators: true}
Session ID: d201e6ca84a0926defa0aee17da4cd9d
20:26:29.575  INFO  manager.MyListener - WebDriver start find element -->By.cssSelector: .logo
20:26:29.855  INFO  tests.TestBase - Start test with name --->searchCurrentMonth
20:26:29.855  INFO  manager.MyListener - WebDriver start find element -->By.id: city
20:26:29.879  INFO  manager.MyListener - WebDriver start find element -->By.id: city
20:26:30.502  INFO  manager.MyListener - WebDriver start find element -->By.cssSelector: .pac-item
20:26:30.544  INFO  manager.MyListener - WebDriver start find element -->By.id: dates
20:26:30.604  INFO  manager.MyListener - WebDriver start find element -->By.id: dates
20:26:30.728  INFO  manager.MyListener - WebDriver start find element -->By.xpath: //div[text()=' 31 ']
20:26:30.785  INFO  manager.MyListener - WebDriver start find element -->By.xpath: //div[text()=' 30 ']
20:26:30.851  INFO  manager.MyListener - WebDriver start find element -->By.cssSelector: button[type='submit']
20:26:30.898  INFO  manager.MyListener - WebDriver start find element -->By.cssSelector: button[type='submit']
20:26:30.963  INFO  manager.MyListener - New Before find by --> By.cssSelector: .cars-container.ng-star-inserted
20:26:32.098  INFO  manager.MyListener - WebDriver start find element -->By.cssSelector: .logo
20:26:32.267  INFO  tests.TestBase - Start test with name --->searchCurrentYear
20:26:32.267  INFO  manager.MyListener - WebDriver start find element -->By.id: city
20:26:32.288  INFO  manager.MyListener - WebDriver start find element -->By.id: city
20:26:32.905  INFO  manager.MyListener - WebDriver start find element -->By.cssSelector: .pac-item
20:26:32.939  INFO  manager.MyListener - WebDriver start find element -->By.id: dates
20:26:32.996  INFO  manager.MyListener - WebDriver start find element -->By.id: dates
20:26:33.048  INFO  manager.MyListener - WebDriver start find element -->By.xpath: //button[@aria-label='Next month']
20:26:33.103  INFO  manager.MyListener - WebDriver start find element -->By.xpath: //div[text()=' 10 ']
20:26:33.158  INFO  manager.MyListener - WebDriver start find element -->By.xpath: //div[text()=' 20 ']
20:26:33.219  INFO  manager.MyListener - WebDriver start find element -->By.cssSelector: button[type='submit']
20:26:33.246  INFO  manager.MyListener - WebDriver start find element -->By.cssSelector: button[type='submit']
20:26:33.307  INFO  manager.MyListener - New Before find by --> By.cssSelector: .cars-container.ng-star-inserted
20:26:34.593  INFO  manager.MyListener - WebDriver start find element -->By.cssSelector: .logo
20:26:34.903  INFO  tests.TestBase - Start test with name --->searchCurrentYearLocalDate
20:26:34.904  INFO  manager.MyListener - WebDriver start find element -->By.id: city
20:26:34.923  INFO  manager.MyListener - WebDriver start find element -->By.id: city
20:26:35.581  INFO  manager.MyListener - WebDriver start find element -->By.cssSelector: .pac-item
20:26:35.615  INFO  manager.MyListener - WebDriver start find element -->By.id: dates
20:26:35.675  INFO  manager.MyListener - WebDriver start find element -->By.id: dates
20:26:35.860  INFO  manager.MyListener - WebDriver start find element -->By.xpath: //button[@aria-label='Next month']
20:26:35.934  INFO  manager.MyListener - WebDriver start find element -->By.xpath: //div[text()=' 10 ']
20:26:35.985  INFO  manager.MyListener - WebDriver start find element -->By.xpath: //button[@aria-label='Next month']
20:26:36.038  INFO  manager.MyListener - WebDriver start find element -->By.xpath: //button[@aria-label='Next month']
20:26:36.100  INFO  manager.MyListener - WebDriver start find element -->By.xpath: //div[text()=' 20 ']
20:26:36.157  INFO  manager.MyListener - WebDriver start find element -->By.cssSelector: button[type='submit']
20:26:36.180  INFO  manager.MyListener - WebDriver start find element -->By.cssSelector: button[type='submit']
20:26:36.247  INFO  manager.MyListener - New Before find by --> By.cssSelector: .cars-container.ng-star-inserted
20:26:37.444  INFO  manager.MyListener - WebDriver start find element -->By.cssSelector: .logo
20:26:37.605  INFO  tests.TestBase - Start test with name --->searchNextMonth
20:26:37.605  INFO  manager.MyListener - WebDriver start find element -->By.id: city
20:26:37.628  INFO  manager.MyListener - WebDriver start find element -->By.id: city
20:26:38.278  INFO  manager.MyListener - WebDriver start find element -->By.cssSelector: .pac-item
20:26:38.314  INFO  manager.MyListener - WebDriver start find element -->By.id: dates
20:26:38.368  INFO  manager.MyListener - WebDriver start find element -->By.id: dates
20:26:38.419  INFO  manager.MyListener - WebDriver start find element -->By.xpath: //button[@aria-label='Next month']
20:26:38.488  INFO  manager.MyListener - WebDriver start find element -->By.xpath: //div[text()=' 28 ']
20:26:38.553  INFO  manager.MyListener - WebDriver start find element -->By.xpath: //div[text()=' 27 ']
20:26:38.609  INFO  manager.MyListener - WebDriver start find element -->By.cssSelector: button[type='submit']
20:26:38.636  INFO  manager.MyListener - WebDriver start find element -->By.cssSelector: button[type='submit']
20:26:38.701  INFO  manager.MyListener - New Before find by --> By.cssSelector: .cars-container.ng-star-inserted
20:26:39.863  INFO  manager.MyListener - WebDriver start find element -->By.cssSelector: .logo
20:26:40.024  INFO  tests.TestBase - Start test with name --->searchPeriodPast
20:26:40.024  INFO  manager.MyListener - WebDriver start find element -->By.id: city
20:26:40.064  INFO  manager.MyListener - WebDriver start find element -->By.id: city
20:26:40.680  INFO  manager.MyListener - WebDriver start find element -->By.cssSelector: .pac-item
20:26:40.713  INFO  manager.MyListener - WebDriver start find element -->By.id: dates
20:26:40.808  INFO  manager.MyListener - WebDriver start find element -->By.id: dates
20:26:40.953  INFO  manager.MyListener - WebDriver start find element -->By.cssSelector: .cdk-overlay-container
20:26:41.004  INFO  manager.MyListener - WebDriver start find element -->By.cssSelector: button[type='submit']
20:26:41.033  INFO  manager.MyListener - New Before find by --> By.cssSelector: button[disabled]
20:26:41.046  INFO  manager.MyListener - WebDriver start find element -->By.cssSelector: [type='submit']
20:26:41.063  INFO  manager.MyListener - WebDriver start find element -->By.cssSelector: div.error div
20:26:41.240  INFO  manager.MyListener - WebDriver start find element -->By.cssSelector: .logo
