20:56:39.398  INFO  manager.ApplicationManager - All Tests run in Chrome Driver
20:56:41.466  INFO  manager.ApplicationManager - Current Url --> https://ilcarro-1578153671498.web.app/search
20:56:41.498  INFO  tests.TestBase - Start test with name --->addNewCarSuccess
20:56:41.499  INFO  manager.MyListener - New Before find by --> By.xpath: //a[text()=' Logout ']
20:56:46.531  INFO  manager.MyListener - WebDriver start find element -->By.xpath: //a[text()=' Log in ']
20:56:46.600  INFO  manager.MyListener - WebDriver start find element -->By.id: email
20:56:46.721  INFO  manager.MyListener - WebDriver start find element -->By.id: password
20:56:46.813  INFO  manager.MyListener - WebDriver start find element -->By.cssSelector: button[type='submit']
20:56:46.873  INFO  manager.MyListener - WebDriver start find element -->By.cssSelector: button[type='submit']
20:56:46.919  INFO  manager.MyListener - New Before find by --> By.xpath: //button[text()='Ok']
20:56:47.932  INFO  manager.MyListener - WebDriver start find element -->By.xpath: //button[text()='Ok']
20:56:48.989  INFO  manager.MyListener - WebDriver start find element -->By.id: 1
20:56:49.072  INFO  manager.MyListener - WebDriver start find element -->By.id: pickUpPlace
20:56:49.192  INFO  manager.MyListener - WebDriver start find element -->By.cssSelector: div.pac-item
20:56:50.116  INFO  manager.MyListener - WebDriver start find element -->By.id: make
20:56:50.201  INFO  manager.MyListener - WebDriver start find element -->By.id: model
20:56:50.279  INFO  manager.MyListener - WebDriver start find element -->By.id: year
20:56:50.370  INFO  manager.MyListener - WebDriver start find element -->By.id: engine
20:56:50.450  INFO  manager.MyListener - WebDriver start find element -->By.id: fuel
20:56:50.511  INFO  manager.MyListener - WebDriver start find element -->By.id: gear
20:56:50.582  INFO  manager.MyListener - WebDriver start find element -->By.id: wheelsDrive
20:56:50.645  INFO  manager.MyListener - WebDriver start find element -->By.id: doors
20:56:50.754  INFO  manager.MyListener - WebDriver start find element -->By.id: seats
20:56:50.849  INFO  manager.MyListener - WebDriver start find element -->By.id: class
20:56:50.937  INFO  manager.MyListener - WebDriver start find element -->By.id: fuelConsumption
20:56:51.033  INFO  manager.MyListener - WebDriver start find element -->By.id: serialNumber
20:56:51.124  INFO  manager.MyListener - WebDriver start find element -->By.id: price
20:56:51.214  INFO  manager.MyListener - WebDriver start find element -->By.id: distance
20:56:51.319  INFO  manager.MyListener - WebDriver start find element -->By.cssSelector: input[placeholder='Type feature']
20:56:51.421  INFO  manager.MyListener - WebDriver start find element -->By.id: about
20:56:51.514  INFO  manager.MyListener - WebDriver start find element -->By.id: photos
20:56:51.570  INFO  manager.MyListener - WebDriver start find element -->By.cssSelector: button[type='submit']
20:56:53.193  INFO  manager.MyListener - WebDriver start find element -->By.cssSelector: button[type='submit']
20:56:53.233  INFO  manager.MyListener - WebDriver start find element -->By.cssSelector: div.dialog-container
20:56:54.738  INFO  manager.MyListener - WebDriver start find element -->By.cssSelector: div.dialog-container h1
20:56:54.766  INFO  manager.MyListener - WebDriver start find element -->By.xpath: //button[text()='Search cars']
20:56:54.814  INFO  tests.TestBase - Start test with name --->loginSuccess
20:56:54.815  INFO  manager.MyListener - New Before find by --> By.xpath: //a[text()=' Logout ']
20:56:54.831  INFO  manager.MyListener - WebDriver start find element -->By.xpath: //a[text()=' Logout ']
20:56:54.963  INFO  tests.TestBase - Test start with logout
20:56:54.963  INFO  tests.TestBase - Test start with email : noa@gmail.com & password: Nnoa12345$
20:56:54.964  INFO  manager.MyListener - WebDriver start find element -->By.xpath: //a[text()=' Log in ']
20:56:55.015  INFO  manager.MyListener - WebDriver start find element -->By.id: email
20:56:55.555  INFO  manager.MyListener - New Before find by --> By.xpath: //button[text()='Ok']
20:57:00.601  INFO  tests.TestBase - Start test with name --->loginSuccess
20:57:00.602  INFO  manager.MyListener - New Before find by --> By.xpath: //a[text()=' Logout ']
20:57:05.635  INFO  tests.TestBase - Test start with email : sonya@gmail.com & password: Ss12345$
20:57:05.635  INFO  manager.MyListener - WebDriver start find element -->By.xpath: //a[text()=' Log in ']
20:57:05.674  INFO  manager.MyListener - WebDriver start find element -->By.id: email
20:57:06.085  INFO  manager.MyListener - New Before find by --> By.xpath: //button[text()='Ok']
20:57:11.139  INFO  tests.TestBase - Start test with name --->loginSuccess
20:57:11.140  INFO  manager.MyListener - New Before find by --> By.xpath: //a[text()=' Logout ']
20:57:16.175  INFO  tests.TestBase - Test start with email : noa@gmail.com & password: Nnoa12345$
20:57:16.176  INFO  manager.MyListener - WebDriver start find element -->By.xpath: //a[text()=' Log in ']
20:57:16.223  INFO  manager.MyListener - WebDriver start find element -->By.id: email
20:57:16.653  INFO  manager.MyListener - New Before find by --> By.xpath: //button[text()='Ok']
20:57:21.685  INFO  tests.TestBase - Start test with name --->loginSuccess
20:57:21.687  INFO  manager.MyListener - New Before find by --> By.xpath: //a[text()=' Logout ']
20:57:26.716  INFO  tests.TestBase - Test start with email : sonya@gmail.com & password: Ss12345$
20:57:26.716  INFO  manager.MyListener - WebDriver start find element -->By.xpath: //a[text()=' Log in ']
20:57:26.753  INFO  manager.MyListener - WebDriver start find element -->By.id: email
20:57:27.181  INFO  manager.MyListener - New Before find by --> By.xpath: //button[text()='Ok']
20:57:32.210  INFO  tests.TestBase - Start test with name --->loginSuccess2
20:57:32.211  INFO  manager.MyListener - New Before find by --> By.xpath: //a[text()=' Logout ']
20:57:37.234  INFO  manager.MyListener - WebDriver start find element -->By.xpath: //a[text()=' Log in ']
20:57:37.269  INFO  manager.MyListener - WebDriver start find element -->By.id: email
20:57:37.668  INFO  manager.MyListener - New Before find by --> By.xpath: //button[text()='Ok']
20:57:42.696  INFO  tests.TestBase - Start test with name --->loginSuccessDP
20:57:42.697  INFO  manager.MyListener - New Before find by --> By.xpath: //a[text()=' Logout ']
20:57:47.738  INFO  manager.MyListener - WebDriver start find element -->By.xpath: //a[text()=' Log in ']
20:57:47.770  INFO  manager.MyListener - WebDriver start find element -->By.id: email
20:57:47.855  INFO  manager.MyListener - WebDriver start find element -->By.id: password
20:57:47.935  INFO  manager.MyListener - WebDriver start find element -->By.cssSelector: button[type='submit']
20:57:47.966  INFO  manager.MyListener - WebDriver start find element -->By.cssSelector: button[type='submit']
20:57:48.009  INFO  manager.MyListener - WebDriver start find element -->By.cssSelector: div.dialog-container
20:57:49.030  INFO  manager.MyListener - WebDriver start find element -->By.cssSelector: div.dialog-container h1
20:57:49.057  INFO  manager.MyListener - New Before find by --> By.xpath: //button[text()='Ok']
20:57:49.068  INFO  manager.MyListener - WebDriver start find element -->By.xpath: //button[text()='Ok']
20:57:49.109  INFO  tests.TestBase - Start test with name --->loginSuccessDP
20:57:49.110  INFO  manager.MyListener - New Before find by --> By.xpath: //a[text()=' Logout ']
20:57:49.122  INFO  manager.MyListener - WebDriver start find element -->By.xpath: //a[text()=' Logout ']
20:57:49.185  INFO  tests.TestBase - Test start with logout
20:57:49.186  INFO  manager.MyListener - WebDriver start find element -->By.xpath: //a[text()=' Log in ']
20:57:49.241  INFO  manager.MyListener - WebDriver start find element -->By.id: email
20:57:49.344  INFO  manager.MyListener - WebDriver start find element -->By.id: password
20:57:49.423  INFO  manager.MyListener - WebDriver start find element -->By.cssSelector: button[type='submit']
20:57:49.447  INFO  manager.MyListener - WebDriver start find element -->By.cssSelector: button[type='submit']
20:57:49.483  INFO  manager.MyListener - WebDriver start find element -->By.cssSelector: div.dialog-container
20:57:50.578  INFO  manager.MyListener - WebDriver start find element -->By.cssSelector: div.dialog-container h1
20:57:50.601  INFO  manager.MyListener - New Before find by --> By.xpath: //button[text()='Ok']
20:57:50.610  INFO  manager.MyListener - WebDriver start find element -->By.xpath: //button[text()='Ok']
20:57:50.643  INFO  tests.TestBase - Start test with name --->loginSuccessDP
20:57:50.643  INFO  manager.MyListener - New Before find by --> By.xpath: //a[text()=' Logout ']
20:57:50.654  INFO  manager.MyListener - WebDriver start find element -->By.xpath: //a[text()=' Logout ']
20:57:50.702  INFO  tests.TestBase - Test start with logout
20:57:50.702  INFO  manager.MyListener - WebDriver start find element -->By.xpath: //a[text()=' Log in ']
20:57:50.749  INFO  manager.MyListener - WebDriver start find element -->By.id: email
20:57:50.836  INFO  manager.MyListener - WebDriver start find element -->By.id: password
20:57:50.929  INFO  manager.MyListener - WebDriver start find element -->By.cssSelector: button[type='submit']
20:57:50.956  INFO  manager.MyListener - WebDriver start find element -->By.cssSelector: button[type='submit']
20:57:50.996  INFO  manager.MyListener - WebDriver start find element -->By.cssSelector: div.dialog-container
20:57:52.588  INFO  manager.MyListener - WebDriver start find element -->By.cssSelector: div.dialog-container h1
20:57:52.608  INFO  manager.MyListener - New Before find by --> By.xpath: //button[text()='Ok']
20:57:52.618  INFO  manager.MyListener - WebDriver start find element -->By.xpath: //button[text()='Ok']
20:57:52.653  INFO  tests.TestBase - Start test with name --->loginSuccessDP
20:57:52.654  INFO  manager.MyListener - New Before find by --> By.xpath: //a[text()=' Logout ']
20:57:52.662  INFO  manager.MyListener - WebDriver start find element -->By.xpath: //a[text()=' Logout ']
20:57:52.709  INFO  tests.TestBase - Test start with logout
20:57:52.710  INFO  manager.MyListener - WebDriver start find element -->By.xpath: //a[text()=' Log in ']
20:57:52.771  INFO  manager.MyListener - WebDriver start find element -->By.id: email
20:57:57.822  INFO  manager.MyListener - The name of method with error -->findElement
20:57:57.825  INFO  manager.MyListener - We have a problem ---> org.openqa.selenium.NoSuchElementException: no such element: Unable to locate element: {"method":"css selector","selector":"#email"}
  (Session info: chrome=103.0.5060.134)
For documentation on this error, please visit: https://selenium.dev/exceptions/#no_such_element
Build info: version: '4.3.0', revision: 'a4995e2c09*'
System info: host: 'DESKTOP-P7LS7IG', ip: '192.168.1.22', os.name: 'Windows 11', os.arch: 'amd64', os.version: '10.0', java.version: '11.0.15.1'
Driver info: org.openqa.selenium.chrome.ChromeDriver
Command: [dbe4fc2b41a636aa9f49e1d020b70e5e, findElement {using=id, value=email}]
Capabilities {acceptInsecureCerts: false, browserName: chrome, browserVersion: 103.0.5060.134, chrome: {chromedriverVersion: 102.0.5005.61 (0e59bcc00cc4..., userDataDir: C:\Users\97253\AppData\Loca...}, goog:chromeOptions: {debuggerAddress: localhost:52152}, networkConnectionEnabled: false, pageLoadStrategy: normal, platformName: WINDOWS, proxy: Proxy(), se:cdp: ws://localhost:52152/devtoo..., se:cdpVersion: 103.0.5060.134, setWindowRect: true, strictFileInteractability: false, timeouts: {implicit: 0, pageLoad: 300000, script: 30000}, unhandledPromptBehavior: dismiss and notify, webauthn:extension:credBlob: true, webauthn:extension:largeBlob: true, webauthn:virtualAuthenticators: true}
Session ID: dbe4fc2b41a636aa9f49e1d020b70e5e
20:57:57.826  INFO  manager.MyListener - New Before find by --> By.xpath: //button[text()='Ok']
20:58:02.882  INFO  tests.TestBase - Start test with name --->registrationSuccess
20:58:02.883  INFO  manager.MyListener - New Before find by --> By.xpath: //a[text()=' Logout ']
20:58:07.900  INFO  manager.MyListener - WebDriver start find element -->By.xpath: //a[text()=' Sign up ']
20:58:07.952  INFO  manager.MyListener - WebDriver start find element -->By.id: name
20:58:08.019  INFO  manager.MyListener - WebDriver start find element -->By.id: lastName
20:58:08.087  INFO  manager.MyListener - WebDriver start find element -->By.id: email
20:58:08.174  INFO  manager.MyListener - WebDriver start find element -->By.id: password
20:58:08.248  INFO  manager.MyListener - WebDriver start find element -->By.cssSelector: label[for='terms-of-use']
20:58:08.390  INFO  manager.MyListener - WebDriver start find element -->By.cssSelector: button[type='submit']
20:58:08.424  INFO  manager.MyListener - WebDriver start find element -->By.cssSelector: button[type='submit']
20:58:08.468  INFO  manager.MyListener - WebDriver start find element -->By.cssSelector: div.dialog-container
20:58:08.931  INFO  manager.MyListener - WebDriver start find element -->By.cssSelector: div.dialog-container h1
20:58:08.956  INFO  manager.MyListener - New Before find by --> By.xpath: //button[text()='Ok']
20:58:08.966  INFO  manager.MyListener - WebDriver start find element -->By.xpath: //button[text()='Ok']
20:58:09.007  INFO  tests.TestBase - Start test with name --->registrationWrongPasswordFormatSize
20:58:09.008  INFO  manager.MyListener - New Before find by --> By.xpath: //a[text()=' Logout ']
20:58:09.017  INFO  manager.MyListener - WebDriver start find element -->By.xpath: //a[text()=' Logout ']
20:58:09.068  INFO  manager.MyListener - WebDriver start find element -->By.xpath: //a[text()=' Sign up ']
20:58:09.119  INFO  manager.MyListener - WebDriver start find element -->By.id: name
20:58:09.189  INFO  manager.MyListener - WebDriver start find element -->By.id: lastName
20:58:09.258  INFO  manager.MyListener - WebDriver start find element -->By.id: email
20:58:09.338  INFO  manager.MyListener - WebDriver start find element -->By.id: password
20:58:09.420  INFO  manager.MyListener - WebDriver start find element -->By.cssSelector: label[for='terms-of-use']
20:58:09.454  INFO  manager.MyListener - WebDriver start find element -->By.cssSelector: div.error div:last-child
20:58:09.476  INFO  manager.MyListener - WebDriver start find element -->By.cssSelector: div.error div:last-child
20:58:09.494  INFO  manager.MyListener - WebDriver start find element -->By.cssSelector: div.error div:first-child
20:58:09.515  INFO  manager.MyListener - WebDriver start find element -->By.cssSelector: div.error div:first-child
20:58:09.532  INFO  manager.MyListener - New Before find by --> By.cssSelector: button[disabled]
20:58:09.544  INFO  manager.MyListener - WebDriver start find element -->By.cssSelector: [type='submit']
20:58:09.567  INFO  manager.MyListener - New Before find by --> By.xpath: //button[text()='Ok']
20:58:14.591  INFO  tests.TestBase - Start test with name --->searchAnyPeriod
20:58:14.592  INFO  manager.MyListener - WebDriver start find element -->By.id: city
20:58:19.629  INFO  manager.MyListener - The name of method with error -->findElement
20:58:19.629  INFO  manager.MyListener - We have a problem ---> org.openqa.selenium.NoSuchElementException: no such element: Unable to locate element: {"method":"css selector","selector":"#city"}
  (Session info: chrome=103.0.5060.134)
For documentation on this error, please visit: https://selenium.dev/exceptions/#no_such_element
Build info: version: '4.3.0', revision: 'a4995e2c09*'
System info: host: 'DESKTOP-P7LS7IG', ip: '192.168.1.22', os.name: 'Windows 11', os.arch: 'amd64', os.version: '10.0', java.version: '11.0.15.1'
Driver info: org.openqa.selenium.chrome.ChromeDriver
Command: [dbe4fc2b41a636aa9f49e1d020b70e5e, findElement {using=id, value=city}]
Capabilities {acceptInsecureCerts: false, browserName: chrome, browserVersion: 103.0.5060.134, chrome: {chromedriverVersion: 102.0.5005.61 (0e59bcc00cc4..., userDataDir: C:\Users\97253\AppData\Loca...}, goog:chromeOptions: {debuggerAddress: localhost:52152}, networkConnectionEnabled: false, pageLoadStrategy: normal, platformName: WINDOWS, proxy: Proxy(), se:cdp: ws://localhost:52152/devtoo..., se:cdpVersion: 103.0.5060.134, setWindowRect: true, strictFileInteractability: false, timeouts: {implicit: 0, pageLoad: 300000, script: 30000}, unhandledPromptBehavior: dismiss and notify, webauthn:extension:credBlob: true, webauthn:extension:largeBlob: true, webauthn:virtualAuthenticators: true}
Session ID: dbe4fc2b41a636aa9f49e1d020b70e5e
20:58:19.630  INFO  manager.MyListener - WebDriver start find element -->By.cssSelector: .logo
20:58:19.845  INFO  tests.TestBase - Start test with name --->searchCurrentMonth
20:58:19.846  INFO  manager.MyListener - WebDriver start find element -->By.id: city
20:58:19.870  INFO  manager.MyListener - WebDriver start find element -->By.id: city
20:58:20.479  INFO  manager.MyListener - WebDriver start find element -->By.cssSelector: .pac-item
20:58:20.524  INFO  manager.MyListener - WebDriver start find element -->By.id: dates
20:58:20.579  INFO  manager.MyListener - WebDriver start find element -->By.id: dates
20:58:20.682  INFO  manager.MyListener - WebDriver start find element -->By.xpath: //div[text()=' 31 ']
20:58:20.735  INFO  manager.MyListener - WebDriver start find element -->By.xpath: //div[text()=' 30 ']
20:58:20.789  INFO  manager.MyListener - WebDriver start find element -->By.cssSelector: button[type='submit']
20:58:20.826  INFO  manager.MyListener - WebDriver start find element -->By.cssSelector: button[type='submit']
20:58:20.902  INFO  manager.MyListener - New Before find by --> By.cssSelector: .cars-container.ng-star-inserted
20:58:22.141  INFO  manager.MyListener - WebDriver start find element -->By.cssSelector: .logo
20:58:22.290  INFO  tests.TestBase - Start test with name --->searchCurrentYear
20:58:22.290  INFO  manager.MyListener - WebDriver start find element -->By.id: city
20:58:22.311  INFO  manager.MyListener - WebDriver start find element -->By.id: city
20:58:22.915  INFO  manager.MyListener - WebDriver start find element -->By.cssSelector: .pac-item
20:58:22.953  INFO  manager.MyListener - WebDriver start find element -->By.id: dates
20:58:23.014  INFO  manager.MyListener - WebDriver start find element -->By.id: dates
20:58:23.070  INFO  manager.MyListener - WebDriver start find element -->By.xpath: //button[@aria-label='Next month']
20:58:23.119  INFO  manager.MyListener - WebDriver start find element -->By.xpath: //div[text()=' 10 ']
20:58:23.177  INFO  manager.MyListener - WebDriver start find element -->By.xpath: //div[text()=' 20 ']
20:58:23.225  INFO  manager.MyListener - WebDriver start find element -->By.cssSelector: button[type='submit']
20:58:23.250  INFO  manager.MyListener - WebDriver start find element -->By.cssSelector: button[type='submit']
20:58:23.304  INFO  manager.MyListener - New Before find by --> By.cssSelector: .cars-container.ng-star-inserted
20:58:24.351  INFO  manager.MyListener - WebDriver start find element -->By.cssSelector: .logo
20:58:24.494  INFO  tests.TestBase - Start test with name --->searchCurrentYearLocalDate
20:58:24.495  INFO  manager.MyListener - WebDriver start find element -->By.id: city
20:58:24.518  INFO  manager.MyListener - WebDriver start find element -->By.id: city
20:58:25.145  INFO  manager.MyListener - WebDriver start find element -->By.cssSelector: .pac-item
20:58:25.184  INFO  manager.MyListener - WebDriver start find element -->By.id: dates
20:58:25.240  INFO  manager.MyListener - WebDriver start find element -->By.id: dates
20:58:25.288  INFO  manager.MyListener - WebDriver start find element -->By.xpath: //button[@aria-label='Next month']
20:58:25.332  INFO  manager.MyListener - WebDriver start find element -->By.xpath: //div[text()=' 10 ']
20:58:25.372  INFO  manager.MyListener - WebDriver start find element -->By.xpath: //button[@aria-label='Next month']
20:58:25.409  INFO  manager.MyListener - WebDriver start find element -->By.xpath: //button[@aria-label='Next month']
20:58:25.451  INFO  manager.MyListener - WebDriver start find element -->By.xpath: //div[text()=' 20 ']
20:58:25.499  INFO  manager.MyListener - WebDriver start find element -->By.cssSelector: button[type='submit']
20:58:25.523  INFO  manager.MyListener - WebDriver start find element -->By.cssSelector: button[type='submit']
20:58:25.598  INFO  manager.MyListener - New Before find by --> By.cssSelector: .cars-container.ng-star-inserted
20:58:26.566  INFO  manager.MyListener - WebDriver start find element -->By.cssSelector: .logo
20:58:26.723  INFO  tests.TestBase - Start test with name --->searchNextMonth
20:58:26.724  INFO  manager.MyListener - WebDriver start find element -->By.id: city
20:58:26.744  INFO  manager.MyListener - WebDriver start find element -->By.id: city
20:58:27.377  INFO  manager.MyListener - WebDriver start find element -->By.cssSelector: .pac-item
20:58:27.408  INFO  manager.MyListener - WebDriver start find element -->By.id: dates
20:58:27.469  INFO  manager.MyListener - WebDriver start find element -->By.id: dates
20:58:27.526  INFO  manager.MyListener - WebDriver start find element -->By.xpath: //button[@aria-label='Next month']
20:58:27.572  INFO  manager.MyListener - WebDriver start find element -->By.xpath: //div[text()=' 28 ']
20:58:27.673  INFO  manager.MyListener - WebDriver start find element -->By.xpath: //div[text()=' 27 ']
20:58:27.722  INFO  manager.MyListener - WebDriver start find element -->By.cssSelector: button[type='submit']
20:58:27.744  INFO  manager.MyListener - WebDriver start find element -->By.cssSelector: button[type='submit']
20:58:27.832  INFO  manager.MyListener - New Before find by --> By.cssSelector: .cars-container.ng-star-inserted
20:58:28.964  INFO  manager.MyListener - WebDriver start find element -->By.cssSelector: .logo
20:58:29.127  INFO  tests.TestBase - Start test with name --->searchPeriodPast
20:58:29.128  INFO  manager.MyListener - WebDriver start find element -->By.id: city
20:58:29.150  INFO  manager.MyListener - WebDriver start find element -->By.id: city
20:58:29.753  INFO  manager.MyListener - WebDriver start find element -->By.cssSelector: .pac-item
20:58:29.822  INFO  manager.MyListener - WebDriver start find element -->By.id: dates
20:58:29.882  INFO  manager.MyListener - WebDriver start find element -->By.id: dates
20:58:30.010  INFO  manager.MyListener - WebDriver start find element -->By.cssSelector: .cdk-overlay-container
20:58:30.054  INFO  manager.MyListener - WebDriver start find element -->By.cssSelector: button[type='submit']
20:58:30.085  INFO  manager.MyListener - New Before find by --> By.cssSelector: button[disabled]
20:58:30.100  INFO  manager.MyListener - WebDriver start find element -->By.cssSelector: [type='submit']
20:58:30.117  INFO  manager.MyListener - WebDriver start find element -->By.cssSelector: div.error div
20:58:30.310  INFO  manager.MyListener - WebDriver start find element -->By.cssSelector: .logo
