15:43:07.157  INFO  manager.ApplicationManager - All Tests run in Chrome Driver
15:43:10.480  INFO  manager.ApplicationManager - Current Url --> https://ilcarro-1578153671498.web.app/search
15:43:10.510  INFO  tests.TestBase - Start test with name --->addNewCarSuccess
15:43:10.512  INFO  manager.MyListener - New Before find by --> By.xpath: //a[text()=' Logout ']
15:43:15.572  INFO  manager.MyListener - WebDriver start find element -->By.xpath: //a[text()=' Log in ']
15:43:15.639  INFO  manager.MyListener - WebDriver start find element -->By.id: email
15:43:15.744  INFO  manager.MyListener - WebDriver start find element -->By.id: password
15:43:15.833  INFO  manager.MyListener - WebDriver start find element -->By.cssSelector: button[type='submit']
15:43:15.879  INFO  manager.MyListener - WebDriver start find element -->By.cssSelector: button[type='submit']
15:43:15.924  INFO  manager.MyListener - New Before find by --> By.xpath: //button[text()='Ok']
15:43:17.134  INFO  manager.MyListener - WebDriver start find element -->By.xpath: //button[text()='Ok']
15:43:18.188  INFO  manager.MyListener - WebDriver start find element -->By.id: 1
15:43:18.262  INFO  manager.MyListener - WebDriver start find element -->By.id: pickUpPlace
15:43:18.367  INFO  manager.MyListener - WebDriver start find element -->By.cssSelector: div.pac-item
15:43:19.354  INFO  manager.MyListener - WebDriver start find element -->By.id: make
15:43:19.455  INFO  manager.MyListener - WebDriver start find element -->By.id: model
15:43:19.541  INFO  manager.MyListener - WebDriver start find element -->By.id: year
15:43:19.640  INFO  manager.MyListener - WebDriver start find element -->By.id: engine
15:43:19.730  INFO  manager.MyListener - WebDriver start find element -->By.id: fuel
15:43:19.794  INFO  manager.MyListener - WebDriver start find element -->By.id: gear
15:43:19.858  INFO  manager.MyListener - WebDriver start find element -->By.id: wheelsDrive
15:43:19.921  INFO  manager.MyListener - WebDriver start find element -->By.id: doors
15:43:20.016  INFO  manager.MyListener - WebDriver start find element -->By.id: seats
15:43:20.113  INFO  manager.MyListener - WebDriver start find element -->By.id: class
15:43:20.196  INFO  manager.MyListener - WebDriver start find element -->By.id: fuelConsumption
15:43:20.298  INFO  manager.MyListener - WebDriver start find element -->By.id: serialNumber
15:43:20.397  INFO  manager.MyListener - WebDriver start find element -->By.id: price
15:43:20.494  INFO  manager.MyListener - WebDriver start find element -->By.id: distance
15:43:20.589  INFO  manager.MyListener - WebDriver start find element -->By.cssSelector: input[placeholder='Type feature']
15:43:20.685  INFO  manager.MyListener - WebDriver start find element -->By.id: about
15:43:20.773  INFO  manager.MyListener - WebDriver start find element -->By.id: photos
15:43:20.820  INFO  manager.MyListener - WebDriver start find element -->By.cssSelector: button[type='submit']
15:43:22.448  INFO  manager.MyListener - WebDriver start find element -->By.cssSelector: button[type='submit']
15:43:22.481  INFO  manager.MyListener - WebDriver start find element -->By.cssSelector: div.dialog-container
15:43:24.036  INFO  manager.MyListener - WebDriver start find element -->By.cssSelector: div.dialog-container h1
15:43:24.066  INFO  manager.MyListener - WebDriver start find element -->By.xpath: //button[text()='Search cars']
15:43:24.108  INFO  tests.TestBase - Start test with name --->loginSuccess
15:43:24.109  INFO  manager.MyListener - New Before find by --> By.xpath: //a[text()=' Logout ']
15:43:24.123  INFO  manager.MyListener - WebDriver start find element -->By.xpath: //a[text()=' Logout ']
15:43:24.235  INFO  tests.TestBase - Test start with logout
15:43:24.236  INFO  tests.TestBase - Test start with email : 'noa@gmail.com' & password 'Nnoa12345$'
15:43:24.237  INFO  manager.MyListener - WebDriver start find element -->By.xpath: //a[text()=' Log in ']
15:43:24.286  INFO  manager.MyListener - WebDriver start find element -->By.id: email
15:43:24.805  INFO  manager.MyListener - New Before find by --> By.xpath: //button[text()='Ok']
15:43:29.845  INFO  tests.TestBase - Start test with name --->loginSuccess2
15:43:29.846  INFO  manager.MyListener - New Before find by --> By.xpath: //a[text()=' Logout ']
15:43:34.898  INFO  manager.MyListener - WebDriver start find element -->By.xpath: //a[text()=' Log in ']
15:43:34.937  INFO  manager.MyListener - WebDriver start find element -->By.id: email
15:43:35.362  INFO  manager.MyListener - New Before find by --> By.xpath: //button[text()='Ok']
15:43:40.409  INFO  tests.TestBase - Start test with name --->registrationSuccess
15:43:40.409  INFO  manager.MyListener - New Before find by --> By.xpath: //a[text()=' Logout ']
15:43:45.449  INFO  manager.MyListener - WebDriver start find element -->By.xpath: //a[text()=' Sign up ']
15:43:45.506  INFO  manager.MyListener - WebDriver start find element -->By.id: name
15:43:45.575  INFO  manager.MyListener - WebDriver start find element -->By.id: lastName
15:43:45.658  INFO  manager.MyListener - WebDriver start find element -->By.id: email
15:43:45.744  INFO  manager.MyListener - WebDriver start find element -->By.id: password
15:43:45.849  INFO  manager.MyListener - WebDriver start find element -->By.cssSelector: label[for='terms-of-use']
15:43:46.278  INFO  manager.MyListener - WebDriver start find element -->By.cssSelector: button[type='submit']
15:43:51.301  INFO  manager.MyListener - The name of method with error -->findElement
15:43:51.303  INFO  manager.MyListener - We have a problem ---> org.openqa.selenium.NoSuchElementException: no such element: Unable to locate element: {"method":"css selector","selector":"button[type='submit']"}
  (Session info: chrome=103.0.5060.134)
For documentation on this error, please visit: https://selenium.dev/exceptions/#no_such_element
Build info: version: '4.2.2', revision: '683ccb65d6'
System info: host: 'DESKTOP-P7LS7IG', ip: '192.168.1.22', os.name: 'Windows 11', os.arch: 'amd64', os.version: '10.0', java.version: '11.0.15.1'
Driver info: org.openqa.selenium.chrome.ChromeDriver
Command: [781da741a767fe9f3cfdc59a9c9ed641, findElement {using=css selector, value=button[type='submit']}]
Capabilities {acceptInsecureCerts: false, browserName: chrome, browserVersion: 103.0.5060.134, chrome: {chromedriverVersion: 102.0.5005.61 (0e59bcc00cc4..., userDataDir: C:\Users\97253\AppData\Loca...}, goog:chromeOptions: {debuggerAddress: localhost:55760}, networkConnectionEnabled: false, pageLoadStrategy: normal, platformName: WINDOWS, proxy: Proxy(), se:cdp: ws://localhost:55760/devtoo..., se:cdpVersion: 103.0.5060.134, setWindowRect: true, strictFileInteractability: false, timeouts: {implicit: 0, pageLoad: 300000, script: 30000}, unhandledPromptBehavior: dismiss and notify, webauthn:extension:credBlob: true, webauthn:extension:largeBlob: true, webauthn:virtualAuthenticators: true}
Session ID: 781da741a767fe9f3cfdc59a9c9ed641
15:43:51.304  INFO  manager.MyListener - New Before find by --> By.xpath: //button[text()='Ok']
15:43:56.350  INFO  tests.TestBase - Start test with name --->registrationSuccess2
15:43:56.351  INFO  manager.MyListener - New Before find by --> By.xpath: //a[text()=' Logout ']
15:44:01.361  INFO  manager.MyListener - WebDriver start find element -->By.xpath: //a[text()=' Sign up ']
15:44:01.425  INFO  manager.MyListener - WebDriver start find element -->By.id: name
15:44:01.508  INFO  manager.MyListener - WebDriver start find element -->By.id: lastName
15:44:01.591  INFO  manager.MyListener - WebDriver start find element -->By.id: email
15:44:01.693  INFO  manager.MyListener - WebDriver start find element -->By.id: password
15:44:01.820  INFO  manager.MyListener - WebDriver start find element -->By.cssSelector: label[for='terms-of-use']
15:44:01.986  INFO  manager.MyListener - WebDriver start find element -->By.cssSelector: button[type='submit']
15:44:02.023  INFO  manager.MyListener - WebDriver start find element -->By.cssSelector: button[type='submit']
15:44:02.063  INFO  manager.MyListener - WebDriver start find element -->By.cssSelector: div.dialog-container
15:44:03.045  INFO  manager.MyListener - WebDriver start find element -->By.cssSelector: div.dialog-container h1
15:44:03.067  INFO  manager.MyListener - New Before find by --> By.xpath: //button[text()='Ok']
15:44:03.076  INFO  manager.MyListener - WebDriver start find element -->By.xpath: //button[text()='Ok']
15:44:03.119  INFO  tests.TestBase - Start test with name --->registrationWrongPasswordFormatSize
15:44:03.120  INFO  manager.MyListener - New Before find by --> By.xpath: //a[text()=' Logout ']
15:44:03.131  INFO  manager.MyListener - WebDriver start find element -->By.xpath: //a[text()=' Logout ']
15:44:03.184  INFO  manager.MyListener - WebDriver start find element -->By.xpath: //a[text()=' Sign up ']
15:44:03.227  INFO  manager.MyListener - WebDriver start find element -->By.id: name
15:44:03.254  INFO  manager.MyListener - The name of method with error -->click
15:44:03.254  INFO  manager.MyListener - We have a problem ---> org.openqa.selenium.StaleElementReferenceException: stale element reference: element is not attached to the page document
  (Session info: chrome=103.0.5060.134)
For documentation on this error, please visit: https://selenium.dev/exceptions/#stale_element_reference
Build info: version: '4.2.2', revision: '683ccb65d6'
System info: host: 'DESKTOP-P7LS7IG', ip: '192.168.1.22', os.name: 'Windows 11', os.arch: 'amd64', os.version: '10.0', java.version: '11.0.15.1'
Driver info: org.openqa.selenium.chrome.ChromeDriver
Command: [781da741a767fe9f3cfdc59a9c9ed641, clickElement {id=55625345-5bf3-49f0-9d6d-15b273812b5a}]
Capabilities {acceptInsecureCerts: false, browserName: chrome, browserVersion: 103.0.5060.134, chrome: {chromedriverVersion: 102.0.5005.61 (0e59bcc00cc4..., userDataDir: C:\Users\97253\AppData\Loca...}, goog:chromeOptions: {debuggerAddress: localhost:55760}, networkConnectionEnabled: false, pageLoadStrategy: normal, platformName: WINDOWS, proxy: Proxy(), se:cdp: ws://localhost:55760/devtoo..., se:cdpVersion: 103.0.5060.134, setWindowRect: true, strictFileInteractability: false, timeouts: {implicit: 0, pageLoad: 300000, script: 30000}, unhandledPromptBehavior: dismiss and notify, webauthn:extension:credBlob: true, webauthn:extension:largeBlob: true, webauthn:virtualAuthenticators: true}
Element: [[ChromeDriver: chrome on WINDOWS (781da741a767fe9f3cfdc59a9c9ed641)] -> id: name]
Session ID: 781da741a767fe9f3cfdc59a9c9ed641
15:44:03.255  INFO  manager.MyListener - New Before find by --> By.xpath: //button[text()='Ok']
15:44:08.315  INFO  tests.TestBase - Start test with name --->searchAnyPeriod
15:44:08.316  INFO  manager.MyListener - WebDriver start find element -->By.id: city
15:44:13.327  INFO  manager.MyListener - The name of method with error -->findElement
15:44:13.328  INFO  manager.MyListener - We have a problem ---> org.openqa.selenium.NoSuchElementException: no such element: Unable to locate element: {"method":"css selector","selector":"#city"}
  (Session info: chrome=103.0.5060.134)
For documentation on this error, please visit: https://selenium.dev/exceptions/#no_such_element
Build info: version: '4.2.2', revision: '683ccb65d6'
System info: host: 'DESKTOP-P7LS7IG', ip: '192.168.1.22', os.name: 'Windows 11', os.arch: 'amd64', os.version: '10.0', java.version: '11.0.15.1'
Driver info: org.openqa.selenium.chrome.ChromeDriver
Command: [781da741a767fe9f3cfdc59a9c9ed641, findElement {using=id, value=city}]
Capabilities {acceptInsecureCerts: false, browserName: chrome, browserVersion: 103.0.5060.134, chrome: {chromedriverVersion: 102.0.5005.61 (0e59bcc00cc4..., userDataDir: C:\Users\97253\AppData\Loca...}, goog:chromeOptions: {debuggerAddress: localhost:55760}, networkConnectionEnabled: false, pageLoadStrategy: normal, platformName: WINDOWS, proxy: Proxy(), se:cdp: ws://localhost:55760/devtoo..., se:cdpVersion: 103.0.5060.134, setWindowRect: true, strictFileInteractability: false, timeouts: {implicit: 0, pageLoad: 300000, script: 30000}, unhandledPromptBehavior: dismiss and notify, webauthn:extension:credBlob: true, webauthn:extension:largeBlob: true, webauthn:virtualAuthenticators: true}
Session ID: 781da741a767fe9f3cfdc59a9c9ed641
15:44:13.329  INFO  manager.MyListener - WebDriver start find element -->By.cssSelector: .logo
15:44:13.506  INFO  tests.TestBase - Start test with name --->searchCurrentMonth
15:44:13.506  INFO  manager.MyListener - WebDriver start find element -->By.id: city
15:44:13.531  INFO  manager.MyListener - WebDriver start find element -->By.id: city
15:44:14.130  INFO  manager.MyListener - WebDriver start find element -->By.cssSelector: .pac-item
15:44:14.171  INFO  manager.MyListener - WebDriver start find element -->By.id: dates
15:44:14.239  INFO  manager.MyListener - WebDriver start find element -->By.id: dates
15:44:14.334  INFO  manager.MyListener - WebDriver start find element -->By.xpath: //div[text()=' 31 ']
15:44:14.389  INFO  manager.MyListener - WebDriver start find element -->By.xpath: //div[text()=' 30 ']
15:44:14.441  INFO  manager.MyListener - WebDriver start find element -->By.cssSelector: button[type='submit']
15:44:14.467  INFO  manager.MyListener - WebDriver start find element -->By.cssSelector: button[type='submit']
15:44:14.548  INFO  manager.MyListener - New Before find by --> By.cssSelector: .cars-container.ng-star-inserted
15:44:15.649  INFO  manager.MyListener - WebDriver start find element -->By.cssSelector: .logo
15:44:15.809  INFO  tests.TestBase - Start test with name --->searchCurrentYear
15:44:15.810  INFO  manager.MyListener - WebDriver start find element -->By.id: city
15:44:15.837  INFO  manager.MyListener - WebDriver start find element -->By.id: city
15:44:16.468  INFO  manager.MyListener - WebDriver start find element -->By.cssSelector: .pac-item
15:44:16.502  INFO  manager.MyListener - WebDriver start find element -->By.id: dates
15:44:16.549  INFO  manager.MyListener - WebDriver start find element -->By.id: dates
15:44:16.604  INFO  manager.MyListener - WebDriver start find element -->By.xpath: //button[@aria-label='Next month']
15:44:16.656  INFO  manager.MyListener - WebDriver start find element -->By.xpath: //div[text()=' 10 ']
15:44:16.708  INFO  manager.MyListener - WebDriver start find element -->By.xpath: //div[text()=' 20 ']
15:44:16.761  INFO  manager.MyListener - WebDriver start find element -->By.cssSelector: button[type='submit']
15:44:16.792  INFO  manager.MyListener - WebDriver start find element -->By.cssSelector: button[type='submit']
15:44:16.865  INFO  manager.MyListener - New Before find by --> By.cssSelector: .cars-container.ng-star-inserted
15:44:17.819  INFO  manager.MyListener - WebDriver start find element -->By.cssSelector: .logo
15:44:17.958  INFO  tests.TestBase - Start test with name --->searchCurrentYearLocalDate
15:44:17.959  INFO  manager.MyListener - WebDriver start find element -->By.id: city
15:44:17.986  INFO  manager.MyListener - WebDriver start find element -->By.id: city
15:44:18.614  INFO  manager.MyListener - WebDriver start find element -->By.cssSelector: .pac-item
15:44:18.655  INFO  manager.MyListener - WebDriver start find element -->By.id: dates
15:44:18.711  INFO  manager.MyListener - WebDriver start find element -->By.id: dates
15:44:18.770  INFO  manager.MyListener - WebDriver start find element -->By.xpath: //button[@aria-label='Next month']
15:44:18.819  INFO  manager.MyListener - WebDriver start find element -->By.xpath: //div[text()=' 10 ']
15:44:18.869  INFO  manager.MyListener - WebDriver start find element -->By.xpath: //button[@aria-label='Next month']
15:44:18.917  INFO  manager.MyListener - WebDriver start find element -->By.xpath: //button[@aria-label='Next month']
15:44:18.964  INFO  manager.MyListener - WebDriver start find element -->By.xpath: //div[text()=' 20 ']
15:44:19.024  INFO  manager.MyListener - WebDriver start find element -->By.cssSelector: button[type='submit']
15:44:19.052  INFO  manager.MyListener - WebDriver start find element -->By.cssSelector: button[type='submit']
15:44:19.117  INFO  manager.MyListener - New Before find by --> By.cssSelector: .cars-container.ng-star-inserted
15:44:19.969  INFO  manager.MyListener - WebDriver start find element -->By.cssSelector: .logo
15:44:20.120  INFO  tests.TestBase - Start test with name --->searchNextMonth
15:44:20.120  INFO  manager.MyListener - WebDriver start find element -->By.id: city
15:44:20.142  INFO  manager.MyListener - WebDriver start find element -->By.id: city
15:44:20.759  INFO  manager.MyListener - WebDriver start find element -->By.cssSelector: .pac-item
15:44:20.802  INFO  manager.MyListener - WebDriver start find element -->By.id: dates
15:44:20.857  INFO  manager.MyListener - WebDriver start find element -->By.id: dates
15:44:20.913  INFO  manager.MyListener - WebDriver start find element -->By.xpath: //button[@aria-label='Next month']
15:44:20.962  INFO  manager.MyListener - WebDriver start find element -->By.xpath: //div[text()=' 28 ']
15:44:21.013  INFO  manager.MyListener - WebDriver start find element -->By.xpath: //div[text()=' 27 ']
15:44:21.067  INFO  manager.MyListener - WebDriver start find element -->By.cssSelector: button[type='submit']
15:44:21.092  INFO  manager.MyListener - WebDriver start find element -->By.cssSelector: button[type='submit']
15:44:21.174  INFO  manager.MyListener - New Before find by --> By.cssSelector: .cars-container.ng-star-inserted
15:44:22.494  INFO  manager.MyListener - WebDriver start find element -->By.cssSelector: .logo
15:44:22.645  INFO  tests.TestBase - Start test with name --->searchPeriodPast
15:44:22.645  INFO  manager.MyListener - WebDriver start find element -->By.id: city
15:44:22.668  INFO  manager.MyListener - WebDriver start find element -->By.id: city
15:44:23.292  INFO  manager.MyListener - WebDriver start find element -->By.cssSelector: .pac-item
15:44:23.337  INFO  manager.MyListener - WebDriver start find element -->By.id: dates
15:44:23.388  INFO  manager.MyListener - WebDriver start find element -->By.id: dates
15:44:23.511  INFO  manager.MyListener - WebDriver start find element -->By.cssSelector: .cdk-overlay-container
15:44:23.553  INFO  manager.MyListener - WebDriver start find element -->By.cssSelector: button[type='submit']
15:44:23.589  INFO  manager.MyListener - New Before find by --> By.cssSelector: button[disabled]
15:44:23.604  INFO  manager.MyListener - WebDriver start find element -->By.cssSelector: [type='submit']
15:44:23.625  INFO  manager.MyListener - WebDriver start find element -->By.cssSelector: div.error div
15:44:24.044  INFO  manager.MyListener - WebDriver start find element -->By.cssSelector: .logo
