16:35:06.540  INFO  manager.ApplicationManager - All Tests run in Chrome Driver
16:35:08.289  INFO  manager.ApplicationManager - Current Url --> https://ilcarro-1578153671498.web.app/search
16:35:08.321  INFO  tests.TestBase - Start test with name --->searchPeriodPast
16:35:08.324  INFO  manager.MyListener - WebDriver start find element -->By.id: city
16:35:08.952  INFO  manager.MyListener - WebDriver start find element -->By.cssSelector: .pac-item
16:35:09.010  INFO  manager.MyListener - WebDriver start find element -->By.id: dates
16:35:09.083  INFO  manager.MyListener - WebDriver start find element -->By.id: dates
16:35:09.306  INFO  manager.MyListener - WebDriver start find element -->By.cssSelector: .search-card
16:35:10.414  INFO  manager.MyListener - The name of method with error -->click
16:35:10.417  INFO  manager.MyListener - We have a problem ---> org.openqa.selenium.ElementClickInterceptedException: element click intercepted: Element <div _ngcontent-eqe-c72="" class="search-card">...</div> is not clickable at point (951, 506). Other element would receive the click: <div class="cdk-overlay-backdrop mat-overlay-transparent-backdrop cdk-overlay-backdrop-showing"></div>
  (Session info: chrome=103.0.5060.134)
Build info: version: '4.2.2', revision: '683ccb65d6'
System info: host: 'DESKTOP-P7LS7IG', ip: '192.168.1.22', os.name: 'Windows 11', os.arch: 'amd64', os.version: '10.0', java.version: '11.0.15.1'
Driver info: org.openqa.selenium.chrome.ChromeDriver
Command: [50fc482cb44c135453a1276eef932daa, clickElement {id=9c706f0c-cde6-4dbf-b1f0-cf56aec77e6a}]
Capabilities {acceptInsecureCerts: false, browserName: chrome, browserVersion: 103.0.5060.134, chrome: {chromedriverVersion: 102.0.5005.61 (0e59bcc00cc4..., userDataDir: C:\Users\97253\AppData\Loca...}, goog:chromeOptions: {debuggerAddress: localhost:63411}, networkConnectionEnabled: false, pageLoadStrategy: normal, platformName: WINDOWS, proxy: Proxy(), se:cdp: ws://localhost:63411/devtoo..., se:cdpVersion: 103.0.5060.134, setWindowRect: true, strictFileInteractability: false, timeouts: {implicit: 0, pageLoad: 300000, script: 30000}, unhandledPromptBehavior: dismiss and notify, webauthn:extension:credBlob: true, webauthn:extension:largeBlob: true, webauthn:virtualAuthenticators: true}
Element: [[ChromeDriver: chrome on WINDOWS (50fc482cb44c135453a1276eef932daa)] -> css selector: .search-card]
Session ID: 50fc482cb44c135453a1276eef932daa
16:35:10.420  INFO  manager.MyListener - WebDriver start find element -->By.cssSelector: .logo
16:35:11.506  INFO  manager.MyListener - The name of method with error -->click
16:35:11.506  INFO  manager.MyListener - We have a problem ---> org.openqa.selenium.ElementClickInterceptedException: element click intercepted: Element <a _ngcontent-eqe-c25="" href="/" class="logo">...</a> is not clickable at point (284, 34). Other element would receive the click: <div class="cdk-overlay-backdrop mat-overlay-transparent-backdrop cdk-overlay-backdrop-showing"></div>
  (Session info: chrome=103.0.5060.134)
Build info: version: '4.2.2', revision: '683ccb65d6'
System info: host: 'DESKTOP-P7LS7IG', ip: '192.168.1.22', os.name: 'Windows 11', os.arch: 'amd64', os.version: '10.0', java.version: '11.0.15.1'
Driver info: org.openqa.selenium.chrome.ChromeDriver
Command: [50fc482cb44c135453a1276eef932daa, clickElement {id=51948c58-dece-46e6-8e01-97d74ab505b3}]
Capabilities {acceptInsecureCerts: false, browserName: chrome, browserVersion: 103.0.5060.134, chrome: {chromedriverVersion: 102.0.5005.61 (0e59bcc00cc4..., userDataDir: C:\Users\97253\AppData\Loca...}, goog:chromeOptions: {debuggerAddress: localhost:63411}, networkConnectionEnabled: false, pageLoadStrategy: normal, platformName: WINDOWS, proxy: Proxy(), se:cdp: ws://localhost:63411/devtoo..., se:cdpVersion: 103.0.5060.134, setWindowRect: true, strictFileInteractability: false, timeouts: {implicit: 0, pageLoad: 300000, script: 30000}, unhandledPromptBehavior: dismiss and notify, webauthn:extension:credBlob: true, webauthn:extension:largeBlob: true, webauthn:virtualAuthenticators: true}
Element: [[ChromeDriver: chrome on WINDOWS (50fc482cb44c135453a1276eef932daa)] -> css selector: .logo]
Session ID: 50fc482cb44c135453a1276eef932daa
