16:32:47.855  INFO  manager.ApplicationManager - All Tests run in Chrome Driver
16:32:49.890  INFO  manager.ApplicationManager - Current Url --> https://ilcarro-1578153671498.web.app/search
16:32:49.929  INFO  tests.TestBase - Start test with name --->loginSuccess
16:32:49.931  INFO  manager.MyListener - New Before find by --> By.xpath: //a[text()=' Logout ']
16:32:54.981  INFO  tests.TestBase - Test start with email : noa@gmail.com & password: Nnoa12345$
16:32:54.981  INFO  manager.MyListener - WebDriver start find element -->By.xpath: //a[text()=' Log in ']
16:32:55.050  INFO  manager.MyListener - WebDriver start find element -->By.id: email
16:32:55.611  INFO  manager.MyListener - WebDriver start find element -->By.id: password
16:32:55.724  INFO  manager.MyListener - WebDriver start find element -->By.cssSelector: button[type='submit']
16:32:55.793  INFO  manager.MyListener - WebDriver start find element -->By.cssSelector: button[type='submit']
16:32:55.832  INFO  manager.MyListener - WebDriver start find element -->By.cssSelector: div.dialog-container
16:32:56.994  INFO  manager.MyListener - WebDriver start find element -->By.cssSelector: div.dialog-container h1
16:32:57.026  INFO  tests.TestBase - Test passed
16:32:57.028  INFO  manager.MyListener - New Before find by --> By.xpath: //button[text()='Ok']
16:32:57.047  INFO  manager.MyListener - WebDriver start find element -->By.xpath: //button[text()='Ok']
16:32:57.096  INFO  tests.TestBase - Start test with name --->loginSuccess
16:32:57.097  INFO  manager.MyListener - New Before find by --> By.xpath: //a[text()=' Logout ']
16:32:57.113  INFO  manager.MyListener - WebDriver start find element -->By.xpath: //a[text()=' Logout ']
16:32:57.178  INFO  tests.TestBase - Test start with logout
16:32:57.179  INFO  tests.TestBase - Test start with email : sonya@gmail.com & password: Ss12345$
16:32:57.179  INFO  manager.MyListener - WebDriver start find element -->By.xpath: //a[text()=' Log in ']
16:32:57.230  INFO  manager.MyListener - WebDriver start find element -->By.id: email
16:33:02.283  INFO  manager.MyListener - The name of method with error -->findElement
16:33:02.285  INFO  manager.MyListener - We have a problem ---> org.openqa.selenium.NoSuchElementException: no such element: Unable to locate element: {"method":"css selector","selector":"#email"}
  (Session info: chrome=103.0.5060.134)
For documentation on this error, please visit: https://selenium.dev/exceptions/#no_such_element
Build info: version: '4.2.2', revision: '683ccb65d6'
System info: host: 'DESKTOP-P7LS7IG', ip: '192.168.1.22', os.name: 'Windows 11', os.arch: 'amd64', os.version: '10.0', java.version: '11.0.15.1'
Driver info: org.openqa.selenium.chrome.ChromeDriver
Command: [a9b809219cbd7ae230b086f7956bcebf, findElement {using=id, value=email}]
Capabilities {acceptInsecureCerts: false, browserName: chrome, browserVersion: 103.0.5060.134, chrome: {chromedriverVersion: 102.0.5005.61 (0e59bcc00cc4..., userDataDir: C:\Users\97253\AppData\Loca...}, goog:chromeOptions: {debuggerAddress: localhost:57663}, networkConnectionEnabled: false, pageLoadStrategy: normal, platformName: WINDOWS, proxy: Proxy(), se:cdp: ws://localhost:57663/devtoo..., se:cdpVersion: 103.0.5060.134, setWindowRect: true, strictFileInteractability: false, timeouts: {implicit: 0, pageLoad: 300000, script: 30000}, unhandledPromptBehavior: dismiss and notify, webauthn:extension:credBlob: true, webauthn:extension:largeBlob: true, webauthn:virtualAuthenticators: true}
Session ID: a9b809219cbd7ae230b086f7956bcebf
16:33:02.286  INFO  manager.MyListener - New Before find by --> By.xpath: //button[text()='Ok']
16:33:07.334  INFO  tests.TestBase - Start test with name --->loginSuccess
16:33:07.334  INFO  manager.MyListener - New Before find by --> By.xpath: //a[text()=' Logout ']
16:33:12.351  INFO  tests.TestBase - Test start with email : noa@gmail.com & password: Nnoa12345$
16:33:12.351  INFO  manager.MyListener - WebDriver start find element -->By.xpath: //a[text()=' Log in ']
16:33:12.411  INFO  manager.MyListener - WebDriver start find element -->By.id: email
16:33:12.730  INFO  manager.MyListener - WebDriver start find element -->By.id: password
16:33:12.817  INFO  manager.MyListener - WebDriver start find element -->By.cssSelector: button[type='submit']
16:33:12.849  INFO  manager.MyListener - WebDriver start find element -->By.cssSelector: button[type='submit']
16:33:12.892  INFO  manager.MyListener - WebDriver start find element -->By.cssSelector: div.dialog-container
16:33:13.913  INFO  manager.MyListener - WebDriver start find element -->By.cssSelector: div.dialog-container h1
16:33:13.944  INFO  tests.TestBase - Test passed
16:33:13.945  INFO  manager.MyListener - New Before find by --> By.xpath: //button[text()='Ok']
16:33:13.957  INFO  manager.MyListener - WebDriver start find element -->By.xpath: //button[text()='Ok']
16:33:14.000  INFO  tests.TestBase - Start test with name --->loginSuccess
16:33:14.001  INFO  manager.MyListener - New Before find by --> By.xpath: //a[text()=' Logout ']
16:33:14.011  INFO  manager.MyListener - WebDriver start find element -->By.xpath: //a[text()=' Logout ']
16:33:14.071  INFO  tests.TestBase - Test start with logout
16:33:14.072  INFO  tests.TestBase - Test start with email : sonya@gmail.com & password: Ss12345$
16:33:14.072  INFO  manager.MyListener - WebDriver start find element -->By.xpath: //a[text()=' Log in ']
16:33:14.122  INFO  manager.MyListener - WebDriver start find element -->By.id: email
16:33:14.440  INFO  manager.MyListener - WebDriver start find element -->By.id: password
16:33:14.536  INFO  manager.MyListener - WebDriver start find element -->By.cssSelector: button[type='submit']
16:33:14.564  INFO  manager.MyListener - WebDriver start find element -->By.cssSelector: button[type='submit']
16:33:14.605  INFO  manager.MyListener - WebDriver start find element -->By.cssSelector: div.dialog-container
16:33:14.993  INFO  manager.MyListener - WebDriver start find element -->By.cssSelector: div.dialog-container h1
16:33:15.013  INFO  tests.TestBase - Test passed
16:33:15.015  INFO  manager.MyListener - New Before find by --> By.xpath: //button[text()='Ok']
16:33:15.025  INFO  manager.MyListener - WebDriver start find element -->By.xpath: //button[text()='Ok']
