16:39:19.592  INFO  manager.ApplicationManager - All Tests run in Chrome Driver
16:39:21.310  INFO  manager.ApplicationManager - Current Url --> https://ilcarro-1578153671498.web.app/search
16:39:21.333  INFO  tests.TestBase - Start test with name --->addNewCarSuccess
16:39:21.335  INFO  manager.MyListener - New Before find by --> By.xpath: //a[text()=' Logout ']
16:39:26.390  INFO  manager.MyListener - WebDriver start find element -->By.xpath: //a[text()=' Log in ']
16:39:26.449  INFO  manager.MyListener - WebDriver start find element -->By.id: email
16:39:26.558  INFO  manager.MyListener - WebDriver start find element -->By.id: password
16:39:26.643  INFO  manager.MyListener - WebDriver start find element -->By.cssSelector: button[type='submit']
16:39:26.689  INFO  manager.MyListener - WebDriver start find element -->By.cssSelector: button[type='submit']
16:39:26.735  INFO  manager.MyListener - New Before find by --> By.xpath: //button[text()='Ok']
16:39:28.046  INFO  manager.MyListener - WebDriver start find element -->By.xpath: //button[text()='Ok']
16:39:29.091  INFO  manager.MyListener - WebDriver start find element -->By.id: 1
16:39:29.168  INFO  manager.MyListener - WebDriver start find element -->By.id: pickUpPlace
16:39:29.271  INFO  manager.MyListener - WebDriver start find element -->By.cssSelector: div.pac-item
16:39:30.188  INFO  manager.MyListener - WebDriver start find element -->By.id: make
16:39:30.288  INFO  manager.MyListener - WebDriver start find element -->By.id: model
16:39:30.369  INFO  manager.MyListener - WebDriver start find element -->By.id: year
16:39:30.455  INFO  manager.MyListener - WebDriver start find element -->By.id: engine
16:39:30.536  INFO  manager.MyListener - WebDriver start find element -->By.id: fuel
16:39:30.600  INFO  manager.MyListener - WebDriver start find element -->By.id: gear
16:39:30.662  INFO  manager.MyListener - WebDriver start find element -->By.id: wheelsDrive
16:39:30.731  INFO  manager.MyListener - WebDriver start find element -->By.id: doors
16:39:30.826  INFO  manager.MyListener - WebDriver start find element -->By.id: seats
16:39:30.911  INFO  manager.MyListener - WebDriver start find element -->By.id: class
16:39:30.992  INFO  manager.MyListener - WebDriver start find element -->By.id: fuelConsumption
16:39:31.077  INFO  manager.MyListener - WebDriver start find element -->By.id: serialNumber
16:39:31.165  INFO  manager.MyListener - WebDriver start find element -->By.id: price
16:39:31.251  INFO  manager.MyListener - WebDriver start find element -->By.id: distance
16:39:31.349  INFO  manager.MyListener - WebDriver start find element -->By.cssSelector: input[placeholder='Type feature']
16:39:31.432  INFO  manager.MyListener - WebDriver start find element -->By.id: about
16:39:31.510  INFO  manager.MyListener - WebDriver start find element -->By.id: photos
16:39:31.553  INFO  manager.MyListener - WebDriver start find element -->By.cssSelector: button[type='submit']
16:39:33.155  INFO  manager.MyListener - WebDriver start find element -->By.cssSelector: button[type='submit']
16:39:33.191  INFO  manager.MyListener - WebDriver start find element -->By.cssSelector: div.dialog-container
16:39:34.707  INFO  manager.MyListener - WebDriver start find element -->By.cssSelector: div.dialog-container h1
16:39:34.736  INFO  manager.MyListener - WebDriver start find element -->By.xpath: //button[text()='Search cars']
16:39:34.781  INFO  tests.TestBase - Start test with name --->loginSuccess
16:39:34.781  INFO  manager.MyListener - New Before find by --> By.xpath: //a[text()=' Logout ']
16:39:34.794  INFO  manager.MyListener - WebDriver start find element -->By.xpath: //a[text()=' Logout ']
16:39:34.920  INFO  tests.TestBase - Test start with logout
16:39:34.921  INFO  tests.TestBase - Test start with email : noa@gmail.com & password: Nnoa12345$
16:39:34.921  INFO  manager.MyListener - WebDriver start find element -->By.xpath: //a[text()=' Log in ']
16:39:34.970  INFO  manager.MyListener - WebDriver start find element -->By.id: email
16:39:35.064  INFO  manager.MyListener - WebDriver start find element -->By.id: password
16:39:35.144  INFO  manager.MyListener - WebDriver start find element -->By.cssSelector: button[type='submit']
16:39:35.171  INFO  manager.MyListener - WebDriver start find element -->By.cssSelector: button[type='submit']
16:39:35.214  INFO  manager.MyListener - WebDriver start find element -->By.cssSelector: div.dialog-container
16:39:37.051  INFO  manager.MyListener - WebDriver start find element -->By.cssSelector: div.dialog-container h1
16:39:37.075  INFO  tests.TestBase - Test passed
16:39:37.076  INFO  manager.MyListener - New Before find by --> By.xpath: //button[text()='Ok']
16:39:37.088  INFO  manager.MyListener - WebDriver start find element -->By.xpath: //button[text()='Ok']
16:39:37.127  INFO  tests.TestBase - Start test with name --->loginSuccess
16:39:37.128  INFO  manager.MyListener - New Before find by --> By.xpath: //a[text()=' Logout ']
16:39:37.137  INFO  manager.MyListener - WebDriver start find element -->By.xpath: //a[text()=' Logout ']
16:39:37.179  INFO  tests.TestBase - Test start with logout
16:39:37.180  INFO  tests.TestBase - Test start with email : sonya@gmail.com & password: Ss12345$
16:39:37.180  INFO  manager.MyListener - WebDriver start find element -->By.xpath: //a[text()=' Log in ']
16:39:37.228  INFO  manager.MyListener - WebDriver start find element -->By.id: email
16:39:37.317  INFO  manager.MyListener - WebDriver start find element -->By.id: password
16:39:37.392  INFO  manager.MyListener - WebDriver start find element -->By.cssSelector: button[type='submit']
16:39:37.414  INFO  manager.MyListener - WebDriver start find element -->By.cssSelector: button[type='submit']
16:39:37.448  INFO  manager.MyListener - WebDriver start find element -->By.cssSelector: div.dialog-container
16:39:37.968  INFO  manager.MyListener - WebDriver start find element -->By.cssSelector: div.dialog-container h1
16:39:37.991  INFO  tests.TestBase - Test passed
16:39:37.991  INFO  manager.MyListener - New Before find by --> By.xpath: //button[text()='Ok']
16:39:38.002  INFO  manager.MyListener - WebDriver start find element -->By.xpath: //button[text()='Ok']
16:39:38.042  INFO  tests.TestBase - Start test with name --->loginSuccess
16:39:38.043  INFO  manager.MyListener - New Before find by --> By.xpath: //a[text()=' Logout ']
16:39:38.055  INFO  manager.MyListener - WebDriver start find element -->By.xpath: //a[text()=' Logout ']
16:39:38.107  INFO  tests.TestBase - Test start with logout
16:39:38.108  INFO  tests.TestBase - Test start with email : noa@gmail.com & password: Nnoa12345$
16:39:38.108  INFO  manager.MyListener - WebDriver start find element -->By.xpath: //a[text()=' Log in ']
16:39:38.159  INFO  manager.MyListener - WebDriver start find element -->By.id: email
16:39:38.246  INFO  manager.MyListener - WebDriver start find element -->By.id: password
16:39:38.322  INFO  manager.MyListener - WebDriver start find element -->By.cssSelector: button[type='submit']
16:39:38.346  INFO  manager.MyListener - WebDriver start find element -->By.cssSelector: button[type='submit']
16:39:38.389  INFO  manager.MyListener - WebDriver start find element -->By.cssSelector: div.dialog-container
16:39:39.520  INFO  manager.MyListener - WebDriver start find element -->By.cssSelector: div.dialog-container h1
16:39:39.540  INFO  tests.TestBase - Test passed
16:39:39.541  INFO  manager.MyListener - New Before find by --> By.xpath: //button[text()='Ok']
16:39:39.551  INFO  manager.MyListener - WebDriver start find element -->By.xpath: //button[text()='Ok']
16:39:39.586  INFO  tests.TestBase - Start test with name --->loginSuccess
16:39:39.587  INFO  manager.MyListener - New Before find by --> By.xpath: //a[text()=' Logout ']
16:39:39.596  INFO  manager.MyListener - WebDriver start find element -->By.xpath: //a[text()=' Logout ']
16:39:39.644  INFO  tests.TestBase - Test start with logout
16:39:39.644  INFO  tests.TestBase - Test start with email : sonya@gmail.com & password: Ss12345$
16:39:39.645  INFO  manager.MyListener - WebDriver start find element -->By.xpath: //a[text()=' Log in ']
16:39:39.692  INFO  manager.MyListener - WebDriver start find element -->By.id: email
16:39:39.795  INFO  manager.MyListener - WebDriver start find element -->By.id: password
16:39:39.893  INFO  manager.MyListener - WebDriver start find element -->By.cssSelector: button[type='submit']
16:39:39.923  INFO  manager.MyListener - WebDriver start find element -->By.cssSelector: button[type='submit']
16:39:39.960  INFO  manager.MyListener - WebDriver start find element -->By.cssSelector: div.dialog-container
16:39:40.938  INFO  manager.MyListener - WebDriver start find element -->By.cssSelector: div.dialog-container h1
16:39:40.956  INFO  tests.TestBase - Test passed
16:39:40.957  INFO  manager.MyListener - New Before find by --> By.xpath: //button[text()='Ok']
16:39:40.967  INFO  manager.MyListener - WebDriver start find element -->By.xpath: //button[text()='Ok']
16:39:41.001  INFO  tests.TestBase - Start test with name --->loginSuccess2
16:39:41.002  INFO  manager.MyListener - New Before find by --> By.xpath: //a[text()=' Logout ']
16:39:41.012  INFO  manager.MyListener - WebDriver start find element -->By.xpath: //a[text()=' Logout ']
16:39:41.057  INFO  tests.TestBase - Test start with logout
16:39:41.058  INFO  manager.MyListener - WebDriver start find element -->By.xpath: //a[text()=' Log in ']
16:39:41.103  INFO  manager.MyListener - WebDriver start find element -->By.id: email
16:39:41.192  INFO  manager.MyListener - WebDriver start find element -->By.id: password
16:39:41.261  INFO  manager.MyListener - WebDriver start find element -->By.cssSelector: button[type='submit']
16:39:41.283  INFO  manager.MyListener - WebDriver start find element -->By.cssSelector: button[type='submit']
16:39:41.320  INFO  manager.MyListener - WebDriver start find element -->By.cssSelector: div.dialog-container
16:39:42.452  INFO  manager.MyListener - WebDriver start find element -->By.cssSelector: div.dialog-container h1
16:39:42.473  INFO  manager.MyListener - New Before find by --> By.xpath: //button[text()='Ok']
16:39:42.484  INFO  manager.MyListener - WebDriver start find element -->By.xpath: //button[text()='Ok']
16:39:42.523  INFO  tests.TestBase - Start test with name --->registrationSuccess
16:39:42.523  INFO  manager.MyListener - New Before find by --> By.xpath: //a[text()=' Logout ']
16:39:42.531  INFO  manager.MyListener - WebDriver start find element -->By.xpath: //a[text()=' Logout ']
16:39:42.574  INFO  manager.MyListener - WebDriver start find element -->By.xpath: //a[text()=' Sign up ']
16:39:42.625  INFO  manager.MyListener - WebDriver start find element -->By.id: name
16:39:42.706  INFO  manager.MyListener - WebDriver start find element -->By.id: lastName
16:39:42.783  INFO  manager.MyListener - WebDriver start find element -->By.id: email
16:39:42.867  INFO  manager.MyListener - WebDriver start find element -->By.id: password
16:39:42.935  INFO  manager.MyListener - WebDriver start find element -->By.cssSelector: label[for='terms-of-use']
16:39:43.080  INFO  manager.MyListener - WebDriver start find element -->By.cssSelector: button[type='submit']
16:39:43.107  INFO  manager.MyListener - WebDriver start find element -->By.cssSelector: button[type='submit']
16:39:43.145  INFO  manager.MyListener - WebDriver start find element -->By.cssSelector: div.dialog-container
16:39:43.729  INFO  manager.MyListener - WebDriver start find element -->By.cssSelector: div.dialog-container h1
16:39:43.749  INFO  manager.MyListener - New Before find by --> By.xpath: //button[text()='Ok']
16:39:43.759  INFO  manager.MyListener - WebDriver start find element -->By.xpath: //button[text()='Ok']
16:39:43.796  INFO  tests.TestBase - Start test with name --->registrationWrongPasswordFormatSize
16:39:43.797  INFO  manager.MyListener - New Before find by --> By.xpath: //a[text()=' Logout ']
16:39:43.806  INFO  manager.MyListener - WebDriver start find element -->By.xpath: //a[text()=' Logout ']
16:39:43.851  INFO  manager.MyListener - WebDriver start find element -->By.xpath: //a[text()=' Sign up ']
16:39:43.900  INFO  manager.MyListener - WebDriver start find element -->By.id: name
16:39:43.976  INFO  manager.MyListener - WebDriver start find element -->By.id: lastName
16:39:44.047  INFO  manager.MyListener - WebDriver start find element -->By.id: email
16:39:44.138  INFO  manager.MyListener - WebDriver start find element -->By.id: password
16:39:44.206  INFO  manager.MyListener - WebDriver start find element -->By.cssSelector: label[for='terms-of-use']
16:39:44.251  INFO  manager.MyListener - WebDriver start find element -->By.cssSelector: div.error div:last-child
16:39:44.276  INFO  manager.MyListener - WebDriver start find element -->By.cssSelector: div.error div:last-child
16:39:44.293  INFO  manager.MyListener - WebDriver start find element -->By.cssSelector: div.error div:first-child
16:39:44.314  INFO  manager.MyListener - WebDriver start find element -->By.cssSelector: div.error div:first-child
16:39:44.330  INFO  manager.MyListener - New Before find by --> By.cssSelector: button[disabled]
16:39:44.343  INFO  manager.MyListener - WebDriver start find element -->By.cssSelector: [type='submit']
16:39:44.365  INFO  manager.MyListener - New Before find by --> By.xpath: //button[text()='Ok']
16:39:49.397  INFO  tests.TestBase - Start test with name --->searchAnyPeriod
16:39:49.399  INFO  manager.MyListener - WebDriver start find element -->By.cssSelector: .logo
16:39:49.643  INFO  manager.MyListener - WebDriver start find element -->By.id: city
16:39:49.671  INFO  manager.MyListener - WebDriver start find element -->By.id: city
16:39:50.269  INFO  manager.MyListener - WebDriver start find element -->By.cssSelector: .pac-item
16:39:50.306  INFO  manager.MyListener - WebDriver start find element -->By.id: dates
16:39:50.366  INFO  manager.MyListener - WebDriver start find element -->By.id: dates
16:39:50.445  INFO  manager.MyListener - WebDriver start find element -->By.xpath: //button[@aria-label='Next month']
16:39:50.499  INFO  manager.MyListener - WebDriver start find element -->By.xpath: //button[@aria-label='Next month']
16:39:50.556  INFO  manager.MyListener - WebDriver start find element -->By.xpath: //button[@aria-label='Next month']
16:39:50.598  INFO  manager.MyListener - WebDriver start find element -->By.xpath: //button[@aria-label='Next month']
16:39:50.640  INFO  manager.MyListener - WebDriver start find element -->By.xpath: //button[@aria-label='Next month']
16:39:50.676  INFO  manager.MyListener - WebDriver start find element -->By.xpath: //button[@aria-label='Next month']
16:39:50.710  INFO  manager.MyListener - WebDriver start find element -->By.xpath: //button[@aria-label='Next month']
16:39:50.744  INFO  manager.MyListener - WebDriver start find element -->By.xpath: //button[@aria-label='Next month']
16:39:50.778  INFO  manager.MyListener - WebDriver start find element -->By.xpath: //button[@aria-label='Next month']
16:39:50.807  INFO  manager.MyListener - WebDriver start find element -->By.xpath: //button[@aria-label='Next month']
16:39:50.840  INFO  manager.MyListener - WebDriver start find element -->By.xpath: //button[@aria-label='Next month']
16:39:50.872  INFO  manager.MyListener - WebDriver start find element -->By.xpath: //div[text()=' 10 ']
16:39:50.920  INFO  manager.MyListener - WebDriver start find element -->By.xpath: //button[@aria-label='Next month']
16:39:50.957  INFO  manager.MyListener - WebDriver start find element -->By.xpath: //div[text()=' 15 ']
16:39:51.004  INFO  manager.MyListener - WebDriver start find element -->By.cssSelector: button[type='submit']
16:39:51.025  INFO  manager.MyListener - WebDriver start find element -->By.cssSelector: button[type='submit']
16:39:51.088  INFO  manager.MyListener - New Before find by --> By.cssSelector: .cars-container.ng-star-inserted
16:39:52.243  INFO  tests.TestBase - Start test with name --->searchCurrentMonth
16:39:52.243  INFO  manager.MyListener - WebDriver start find element -->By.cssSelector: .logo
16:39:52.366  INFO  manager.MyListener - WebDriver start find element -->By.id: city
16:39:52.389  INFO  manager.MyListener - WebDriver start find element -->By.id: city
16:39:53.047  INFO  manager.MyListener - WebDriver start find element -->By.cssSelector: .pac-item
16:39:53.088  INFO  manager.MyListener - WebDriver start find element -->By.id: dates
16:39:53.141  INFO  manager.MyListener - WebDriver start find element -->By.id: dates
16:39:53.193  INFO  manager.MyListener - WebDriver start find element -->By.xpath: //div[text()=' 31 ']
16:39:53.247  INFO  manager.MyListener - WebDriver start find element -->By.xpath: //div[text()=' 1 ']
16:39:53.292  INFO  manager.MyListener - WebDriver start find element -->By.cssSelector: button[type='submit']
16:39:58.607  INFO  tests.TestBase - Start test with name --->searchCurrentYear
16:39:58.607  INFO  manager.MyListener - WebDriver start find element -->By.cssSelector: .logo
16:39:59.714  INFO  manager.MyListener - The name of method with error -->click
16:39:59.715  INFO  manager.MyListener - We have a problem ---> org.openqa.selenium.ElementClickInterceptedException: element click intercepted: Element <a _ngcontent-lan-c25="" href="/" class="logo">...</a> is not clickable at point (284, 34). Other element would receive the click: <div class="cdk-overlay-backdrop mat-overlay-transparent-backdrop cdk-overlay-backdrop-showing"></div>
  (Session info: chrome=103.0.5060.134)
Build info: version: '4.3.0', revision: 'a4995e2c09*'
System info: host: 'DESKTOP-P7LS7IG', ip: '192.168.1.22', os.name: 'Windows 11', os.arch: 'amd64', os.version: '10.0', java.version: '11.0.15.1'
Driver info: org.openqa.selenium.chrome.ChromeDriver
Command: [6ba6afcb4cb46911fc51e262fd5c8528, clickElement {id=be6b921f-1af3-482b-b005-427efdbe5279}]
Capabilities {acceptInsecureCerts: false, browserName: chrome, browserVersion: 103.0.5060.134, chrome: {chromedriverVersion: 102.0.5005.61 (0e59bcc00cc4..., userDataDir: C:\Users\97253\AppData\Loca...}, goog:chromeOptions: {debuggerAddress: localhost:61173}, networkConnectionEnabled: false, pageLoadStrategy: normal, platformName: WINDOWS, proxy: Proxy(), se:cdp: ws://localhost:61173/devtoo..., se:cdpVersion: 103.0.5060.134, setWindowRect: true, strictFileInteractability: false, timeouts: {implicit: 0, pageLoad: 300000, script: 30000}, unhandledPromptBehavior: dismiss and notify, webauthn:extension:credBlob: true, webauthn:extension:largeBlob: true, webauthn:virtualAuthenticators: true}
Element: [[ChromeDriver: chrome on WINDOWS (6ba6afcb4cb46911fc51e262fd5c8528)] -> css selector: .logo]
Session ID: 6ba6afcb4cb46911fc51e262fd5c8528
16:39:59.718  INFO  tests.TestBase - Start test with name --->searchCurrentYearLocalDate
16:39:59.718  INFO  manager.MyListener - WebDriver start find element -->By.cssSelector: .logo
16:40:00.804  INFO  manager.MyListener - The name of method with error -->click
16:40:00.804  INFO  manager.MyListener - We have a problem ---> org.openqa.selenium.ElementClickInterceptedException: element click intercepted: Element <a _ngcontent-lan-c25="" href="/" class="logo">...</a> is not clickable at point (284, 34). Other element would receive the click: <div class="cdk-overlay-backdrop mat-overlay-transparent-backdrop cdk-overlay-backdrop-showing"></div>
  (Session info: chrome=103.0.5060.134)
Build info: version: '4.3.0', revision: 'a4995e2c09*'
System info: host: 'DESKTOP-P7LS7IG', ip: '192.168.1.22', os.name: 'Windows 11', os.arch: 'amd64', os.version: '10.0', java.version: '11.0.15.1'
Driver info: org.openqa.selenium.chrome.ChromeDriver
Command: [6ba6afcb4cb46911fc51e262fd5c8528, clickElement {id=be6b921f-1af3-482b-b005-427efdbe5279}]
Capabilities {acceptInsecureCerts: false, browserName: chrome, browserVersion: 103.0.5060.134, chrome: {chromedriverVersion: 102.0.5005.61 (0e59bcc00cc4..., userDataDir: C:\Users\97253\AppData\Loca...}, goog:chromeOptions: {debuggerAddress: localhost:61173}, networkConnectionEnabled: false, pageLoadStrategy: normal, platformName: WINDOWS, proxy: Proxy(), se:cdp: ws://localhost:61173/devtoo..., se:cdpVersion: 103.0.5060.134, setWindowRect: true, strictFileInteractability: false, timeouts: {implicit: 0, pageLoad: 300000, script: 30000}, unhandledPromptBehavior: dismiss and notify, webauthn:extension:credBlob: true, webauthn:extension:largeBlob: true, webauthn:virtualAuthenticators: true}
Element: [[ChromeDriver: chrome on WINDOWS (6ba6afcb4cb46911fc51e262fd5c8528)] -> css selector: .logo]
Session ID: 6ba6afcb4cb46911fc51e262fd5c8528
16:40:00.806  INFO  tests.TestBase - Start test with name --->searchNextMonth
16:40:00.807  INFO  manager.MyListener - WebDriver start find element -->By.cssSelector: .logo
16:40:01.888  INFO  manager.MyListener - The name of method with error -->click
16:40:01.889  INFO  manager.MyListener - We have a problem ---> org.openqa.selenium.ElementClickInterceptedException: element click intercepted: Element <a _ngcontent-lan-c25="" href="/" class="logo">...</a> is not clickable at point (284, 34). Other element would receive the click: <div class="cdk-overlay-backdrop mat-overlay-transparent-backdrop cdk-overlay-backdrop-showing"></div>
  (Session info: chrome=103.0.5060.134)
Build info: version: '4.3.0', revision: 'a4995e2c09*'
System info: host: 'DESKTOP-P7LS7IG', ip: '192.168.1.22', os.name: 'Windows 11', os.arch: 'amd64', os.version: '10.0', java.version: '11.0.15.1'
Driver info: org.openqa.selenium.chrome.ChromeDriver
Command: [6ba6afcb4cb46911fc51e262fd5c8528, clickElement {id=be6b921f-1af3-482b-b005-427efdbe5279}]
Capabilities {acceptInsecureCerts: false, browserName: chrome, browserVersion: 103.0.5060.134, chrome: {chromedriverVersion: 102.0.5005.61 (0e59bcc00cc4..., userDataDir: C:\Users\97253\AppData\Loca...}, goog:chromeOptions: {debuggerAddress: localhost:61173}, networkConnectionEnabled: false, pageLoadStrategy: normal, platformName: WINDOWS, proxy: Proxy(), se:cdp: ws://localhost:61173/devtoo..., se:cdpVersion: 103.0.5060.134, setWindowRect: true, strictFileInteractability: false, timeouts: {implicit: 0, pageLoad: 300000, script: 30000}, unhandledPromptBehavior: dismiss and notify, webauthn:extension:credBlob: true, webauthn:extension:largeBlob: true, webauthn:virtualAuthenticators: true}
Element: [[ChromeDriver: chrome on WINDOWS (6ba6afcb4cb46911fc51e262fd5c8528)] -> css selector: .logo]
Session ID: 6ba6afcb4cb46911fc51e262fd5c8528
16:40:01.891  INFO  tests.TestBase - Start test with name --->searchPeriodPast
16:40:01.892  INFO  manager.MyListener - WebDriver start find element -->By.cssSelector: .logo
16:40:02.929  INFO  manager.MyListener - The name of method with error -->click
16:40:02.929  INFO  manager.MyListener - We have a problem ---> org.openqa.selenium.ElementClickInterceptedException: element click intercepted: Element <a _ngcontent-lan-c25="" href="/" class="logo">...</a> is not clickable at point (284, 34). Other element would receive the click: <div class="cdk-overlay-backdrop mat-overlay-transparent-backdrop cdk-overlay-backdrop-showing"></div>
  (Session info: chrome=103.0.5060.134)
Build info: version: '4.3.0', revision: 'a4995e2c09*'
System info: host: 'DESKTOP-P7LS7IG', ip: '192.168.1.22', os.name: 'Windows 11', os.arch: 'amd64', os.version: '10.0', java.version: '11.0.15.1'
Driver info: org.openqa.selenium.chrome.ChromeDriver
Command: [6ba6afcb4cb46911fc51e262fd5c8528, clickElement {id=be6b921f-1af3-482b-b005-427efdbe5279}]
Capabilities {acceptInsecureCerts: false, browserName: chrome, browserVersion: 103.0.5060.134, chrome: {chromedriverVersion: 102.0.5005.61 (0e59bcc00cc4..., userDataDir: C:\Users\97253\AppData\Loca...}, goog:chromeOptions: {debuggerAddress: localhost:61173}, networkConnectionEnabled: false, pageLoadStrategy: normal, platformName: WINDOWS, proxy: Proxy(), se:cdp: ws://localhost:61173/devtoo..., se:cdpVersion: 103.0.5060.134, setWindowRect: true, strictFileInteractability: false, timeouts: {implicit: 0, pageLoad: 300000, script: 30000}, unhandledPromptBehavior: dismiss and notify, webauthn:extension:credBlob: true, webauthn:extension:largeBlob: true, webauthn:virtualAuthenticators: true}
Element: [[ChromeDriver: chrome on WINDOWS (6ba6afcb4cb46911fc51e262fd5c8528)] -> css selector: .logo]
Session ID: 6ba6afcb4cb46911fc51e262fd5c8528
