19:22:20.403  INFO  manager.ApplicationManager - All Tests run in Chrome Driver
19:22:22.082  INFO  manager.ApplicationManager - Current Url --> https://ilcarro-1578153671498.web.app/search
19:22:22.106  INFO  tests.TestBase - Start test with name --->addNewCarSuccess
19:22:22.108  INFO  manager.MyListener - New Before find by --> By.xpath: //a[text()=' Logout ']
19:22:27.155  INFO  manager.MyListener - WebDriver start find element -->By.xpath: //a[text()=' Log in ']
19:22:27.217  INFO  manager.MyListener - WebDriver start find element -->By.id: email
19:22:27.330  INFO  manager.MyListener - WebDriver start find element -->By.id: password
19:22:27.418  INFO  manager.MyListener - WebDriver start find element -->By.cssSelector: button[type='submit']
19:22:27.466  INFO  manager.MyListener - WebDriver start find element -->By.cssSelector: button[type='submit']
19:22:27.513  INFO  manager.MyListener - New Before find by --> By.xpath: //button[text()='Ok']
19:22:28.706  INFO  manager.MyListener - WebDriver start find element -->By.xpath: //button[text()='Ok']
19:22:29.751  INFO  manager.MyListener - WebDriver start find element -->By.id: 1
19:22:29.824  INFO  manager.MyListener - WebDriver start find element -->By.id: pickUpPlace
19:22:29.930  INFO  manager.MyListener - WebDriver start find element -->By.cssSelector: div.pac-item
19:22:30.857  INFO  manager.MyListener - WebDriver start find element -->By.id: make
19:22:30.946  INFO  manager.MyListener - WebDriver start find element -->By.id: model
19:22:31.024  INFO  manager.MyListener - WebDriver start find element -->By.id: year
19:22:31.111  INFO  manager.MyListener - WebDriver start find element -->By.id: engine
19:22:31.191  INFO  manager.MyListener - WebDriver start find element -->By.id: fuel
19:22:31.251  INFO  manager.MyListener - WebDriver start find element -->By.id: gear
19:22:31.312  INFO  manager.MyListener - WebDriver start find element -->By.id: wheelsDrive
19:22:31.370  INFO  manager.MyListener - WebDriver start find element -->By.id: doors
19:22:31.470  INFO  manager.MyListener - WebDriver start find element -->By.id: seats
19:22:31.559  INFO  manager.MyListener - WebDriver start find element -->By.id: class
19:22:31.646  INFO  manager.MyListener - WebDriver start find element -->By.id: fuelConsumption
19:22:31.736  INFO  manager.MyListener - WebDriver start find element -->By.id: serialNumber
19:22:31.828  INFO  manager.MyListener - WebDriver start find element -->By.id: price
19:22:31.919  INFO  manager.MyListener - WebDriver start find element -->By.id: distance
19:22:32.012  INFO  manager.MyListener - WebDriver start find element -->By.cssSelector: input[placeholder='Type feature']
19:22:32.106  INFO  manager.MyListener - WebDriver start find element -->By.id: about
19:22:32.184  INFO  manager.MyListener - WebDriver start find element -->By.id: photos
19:22:32.227  INFO  manager.MyListener - WebDriver start find element -->By.cssSelector: button[type='submit']
19:22:33.833  INFO  manager.MyListener - WebDriver start find element -->By.cssSelector: button[type='submit']
19:22:33.870  INFO  manager.MyListener - WebDriver start find element -->By.cssSelector: div.dialog-container
19:22:35.903  INFO  manager.MyListener - WebDriver start find element -->By.cssSelector: div.dialog-container h1
19:22:35.930  INFO  manager.MyListener - WebDriver start find element -->By.xpath: //button[text()='Search cars']
19:22:35.975  INFO  tests.TestBase - Start test with name --->addNewCarSuccess2
19:22:35.976  INFO  manager.MyListener - New Before find by --> By.xpath: //a[text()=' Logout ']
19:22:37.002  INFO  manager.MyListener - WebDriver start find element -->By.id: 1
19:22:37.052  INFO  manager.MyListener - WebDriver start find element -->By.id: pickUpPlace
19:22:37.137  INFO  manager.MyListener - WebDriver start find element -->By.cssSelector: div.pac-item
19:22:37.994  INFO  manager.MyListener - WebDriver start find element -->By.id: make
19:22:38.081  INFO  manager.MyListener - WebDriver start find element -->By.id: model
19:22:38.170  INFO  manager.MyListener - WebDriver start find element -->By.id: year
19:22:38.264  INFO  manager.MyListener - WebDriver start find element -->By.id: engine
19:22:38.343  INFO  manager.MyListener - WebDriver start find element -->By.id: fuel
19:22:38.394  INFO  manager.MyListener - WebDriver start find element -->By.id: gear
19:22:38.453  INFO  manager.MyListener - WebDriver start find element -->By.id: wheelsDrive
19:22:38.510  INFO  manager.MyListener - WebDriver start find element -->By.id: doors
19:22:38.598  INFO  manager.MyListener - WebDriver start find element -->By.id: seats
19:22:38.681  INFO  manager.MyListener - WebDriver start find element -->By.id: class
19:22:38.758  INFO  manager.MyListener - WebDriver start find element -->By.id: fuelConsumption
19:22:38.841  INFO  manager.MyListener - WebDriver start find element -->By.id: serialNumber
19:22:38.933  INFO  manager.MyListener - WebDriver start find element -->By.id: price
19:22:39.025  INFO  manager.MyListener - WebDriver start find element -->By.id: distance
19:22:39.109  INFO  manager.MyListener - WebDriver start find element -->By.cssSelector: input[placeholder='Type feature']
19:22:39.196  INFO  manager.MyListener - WebDriver start find element -->By.id: about
19:22:39.270  INFO  manager.MyListener - WebDriver start find element -->By.id: photos
19:22:39.308  INFO  manager.MyListener - WebDriver start find element -->By.cssSelector: button[type='submit']
19:22:40.915  INFO  manager.MyListener - WebDriver start find element -->By.cssSelector: button[type='submit']
19:22:40.951  INFO  manager.MyListener - WebDriver start find element -->By.cssSelector: div.dialog-container
19:22:42.946  INFO  manager.MyListener - WebDriver start find element -->By.cssSelector: div.dialog-container h1
19:22:42.971  INFO  manager.MyListener - WebDriver start find element -->By.xpath: //button[text()='Search cars']
19:22:43.009  INFO  tests.TestBase - Start test with name --->addNewCarSuccess2
19:22:43.009  INFO  manager.MyListener - New Before find by --> By.xpath: //a[text()=' Logout ']
19:22:44.029  INFO  manager.MyListener - WebDriver start find element -->By.id: 1
19:22:44.087  INFO  manager.MyListener - WebDriver start find element -->By.id: pickUpPlace
19:22:44.172  INFO  manager.MyListener - WebDriver start find element -->By.cssSelector: div.pac-item
19:22:44.963  INFO  manager.MyListener - WebDriver start find element -->By.id: make
19:22:45.056  INFO  manager.MyListener - WebDriver start find element -->By.id: model
19:22:45.131  INFO  manager.MyListener - WebDriver start find element -->By.id: year
19:22:45.214  INFO  manager.MyListener - WebDriver start find element -->By.id: engine
19:22:45.300  INFO  manager.MyListener - WebDriver start find element -->By.id: fuel
19:22:45.355  INFO  manager.MyListener - WebDriver start find element -->By.id: gear
19:22:45.414  INFO  manager.MyListener - WebDriver start find element -->By.id: wheelsDrive
19:22:45.466  INFO  manager.MyListener - WebDriver start find element -->By.id: doors
19:22:45.552  INFO  manager.MyListener - WebDriver start find element -->By.id: seats
19:22:45.638  INFO  manager.MyListener - WebDriver start find element -->By.id: class
19:22:45.730  INFO  manager.MyListener - WebDriver start find element -->By.id: fuelConsumption
19:22:45.814  INFO  manager.MyListener - WebDriver start find element -->By.id: serialNumber
19:22:45.896  INFO  manager.MyListener - WebDriver start find element -->By.id: price
19:22:45.983  INFO  manager.MyListener - WebDriver start find element -->By.id: distance
19:22:46.073  INFO  manager.MyListener - WebDriver start find element -->By.cssSelector: input[placeholder='Type feature']
19:22:46.153  INFO  manager.MyListener - WebDriver start find element -->By.id: about
19:22:46.229  INFO  manager.MyListener - WebDriver start find element -->By.id: photos
19:22:46.260  INFO  manager.MyListener - WebDriver start find element -->By.cssSelector: button[type='submit']
19:22:47.885  INFO  manager.MyListener - WebDriver start find element -->By.cssSelector: button[type='submit']
19:22:47.922  INFO  manager.MyListener - WebDriver start find element -->By.cssSelector: div.dialog-container
19:22:49.496  INFO  manager.MyListener - WebDriver start find element -->By.cssSelector: div.dialog-container h1
19:22:49.518  INFO  manager.MyListener - WebDriver start find element -->By.xpath: //button[text()='Search cars']
19:22:49.563  INFO  tests.TestBase - Start test with name --->loginSuccess
19:22:49.564  INFO  manager.MyListener - New Before find by --> By.xpath: //a[text()=' Logout ']
19:22:49.578  INFO  manager.MyListener - WebDriver start find element -->By.xpath: //a[text()=' Logout ']
19:22:49.701  INFO  tests.TestBase - Test start with logout
19:22:49.702  INFO  tests.TestBase - Test start with email : noa@gmail.com & password: Nnoa12345$
19:22:49.702  INFO  manager.MyListener - WebDriver start find element -->By.xpath: //a[text()=' Log in ']
19:22:49.749  INFO  manager.MyListener - WebDriver start find element -->By.id: email
19:22:49.838  INFO  manager.MyListener - WebDriver start find element -->By.id: password
19:22:49.912  INFO  manager.MyListener - WebDriver start find element -->By.cssSelector: button[type='submit']
19:22:49.935  INFO  manager.MyListener - WebDriver start find element -->By.cssSelector: button[type='submit']
19:22:49.970  INFO  manager.MyListener - WebDriver start find element -->By.cssSelector: div.dialog-container
19:22:51.298  INFO  manager.MyListener - WebDriver start find element -->By.cssSelector: div.dialog-container h1
19:22:51.318  INFO  tests.TestBase - Test passed
19:22:51.319  INFO  manager.MyListener - New Before find by --> By.xpath: //button[text()='Ok']
19:22:51.332  INFO  manager.MyListener - WebDriver start find element -->By.xpath: //button[text()='Ok']
19:22:51.372  INFO  tests.TestBase - Start test with name --->loginSuccess
19:22:51.373  INFO  manager.MyListener - New Before find by --> By.xpath: //a[text()=' Logout ']
19:22:51.383  INFO  manager.MyListener - WebDriver start find element -->By.xpath: //a[text()=' Logout ']
19:22:51.432  INFO  tests.TestBase - Test start with logout
19:22:51.432  INFO  tests.TestBase - Test start with email : sonya@gmail.com & password: Ss12345$
19:22:51.433  INFO  manager.MyListener - WebDriver start find element -->By.xpath: //a[text()=' Log in ']
19:22:51.479  INFO  manager.MyListener - WebDriver start find element -->By.id: email
19:22:51.566  INFO  manager.MyListener - WebDriver start find element -->By.id: password
19:22:51.634  INFO  manager.MyListener - WebDriver start find element -->By.cssSelector: button[type='submit']
19:22:51.658  INFO  manager.MyListener - WebDriver start find element -->By.cssSelector: button[type='submit']
19:22:51.693  INFO  manager.MyListener - WebDriver start find element -->By.cssSelector: div.dialog-container
19:22:52.207  INFO  manager.MyListener - WebDriver start find element -->By.cssSelector: div.dialog-container h1
19:22:52.228  INFO  tests.TestBase - Test passed
19:22:52.229  INFO  manager.MyListener - New Before find by --> By.xpath: //button[text()='Ok']
19:22:52.239  INFO  manager.MyListener - WebDriver start find element -->By.xpath: //button[text()='Ok']
19:22:52.283  INFO  tests.TestBase - Start test with name --->loginSuccess
19:22:52.284  INFO  manager.MyListener - New Before find by --> By.xpath: //a[text()=' Logout ']
19:22:52.293  INFO  manager.MyListener - WebDriver start find element -->By.xpath: //a[text()=' Logout ']
19:22:52.336  INFO  tests.TestBase - Test start with logout
19:22:52.336  INFO  tests.TestBase - Test start with email : noa@gmail.com & password: Nnoa12345$
19:22:52.337  INFO  manager.MyListener - WebDriver start find element -->By.xpath: //a[text()=' Log in ']
19:22:52.398  INFO  manager.MyListener - WebDriver start find element -->By.id: email
19:22:57.421  INFO  manager.MyListener - The name of method with error -->findElement
19:22:57.423  INFO  manager.MyListener - We have a problem ---> org.openqa.selenium.NoSuchElementException: no such element: Unable to locate element: {"method":"css selector","selector":"#email"}
  (Session info: chrome=103.0.5060.134)
For documentation on this error, please visit: https://selenium.dev/exceptions/#no_such_element
Build info: version: '4.2.2', revision: '683ccb65d6'
System info: host: 'DESKTOP-P7LS7IG', ip: '192.168.1.22', os.name: 'Windows 11', os.arch: 'amd64', os.version: '10.0', java.version: '11.0.15.1'
Driver info: org.openqa.selenium.chrome.ChromeDriver
Command: [e7f339057063f98e26bfdc633e4f42ae, findElement {using=id, value=email}]
Capabilities {acceptInsecureCerts: false, browserName: chrome, browserVersion: 103.0.5060.134, chrome: {chromedriverVersion: 102.0.5005.61 (0e59bcc00cc4..., userDataDir: C:\Users\97253\AppData\Loca...}, goog:chromeOptions: {debuggerAddress: localhost:52420}, networkConnectionEnabled: false, pageLoadStrategy: normal, platformName: WINDOWS, proxy: Proxy(), se:cdp: ws://localhost:52420/devtoo..., se:cdpVersion: 103.0.5060.134, setWindowRect: true, strictFileInteractability: false, timeouts: {implicit: 0, pageLoad: 300000, script: 30000}, unhandledPromptBehavior: dismiss and notify, webauthn:extension:credBlob: true, webauthn:extension:largeBlob: true, webauthn:virtualAuthenticators: true}
Session ID: e7f339057063f98e26bfdc633e4f42ae
19:22:57.424  INFO  manager.MyListener - New Before find by --> By.xpath: //button[text()='Ok']
19:23:02.452  INFO  tests.TestBase - Start test with name --->loginSuccess
19:23:02.453  INFO  manager.MyListener - New Before find by --> By.xpath: //a[text()=' Logout ']
19:23:07.466  INFO  tests.TestBase - Test start with email : sonya@gmail.com & password: Ss12345$
19:23:07.466  INFO  manager.MyListener - WebDriver start find element -->By.xpath: //a[text()=' Log in ']
19:23:07.520  INFO  manager.MyListener - WebDriver start find element -->By.id: email
19:23:07.615  INFO  manager.MyListener - WebDriver start find element -->By.id: password
19:23:07.684  INFO  manager.MyListener - WebDriver start find element -->By.cssSelector: button[type='submit']
19:23:07.713  INFO  manager.MyListener - WebDriver start find element -->By.cssSelector: button[type='submit']
19:23:07.750  INFO  manager.MyListener - WebDriver start find element -->By.cssSelector: div.dialog-container
19:23:08.271  INFO  manager.MyListener - WebDriver start find element -->By.cssSelector: div.dialog-container h1
19:23:08.293  INFO  tests.TestBase - Test passed
19:23:08.294  INFO  manager.MyListener - New Before find by --> By.xpath: //button[text()='Ok']
19:23:08.303  INFO  manager.MyListener - WebDriver start find element -->By.xpath: //button[text()='Ok']
19:23:08.345  INFO  tests.TestBase - Start test with name --->loginSuccessDP
19:23:08.345  INFO  manager.MyListener - New Before find by --> By.xpath: //a[text()=' Logout ']
19:23:08.356  INFO  manager.MyListener - WebDriver start find element -->By.xpath: //a[text()=' Logout ']
19:23:08.409  INFO  tests.TestBase - Test start with logout
19:23:08.413  INFO  manager.MyListener - WebDriver start find element -->By.xpath: //a[text()=' Log in ']
19:23:08.460  INFO  manager.MyListener - WebDriver start find element -->By.id: email
19:23:08.557  INFO  manager.MyListener - WebDriver start find element -->By.id: password
19:23:08.629  INFO  manager.MyListener - WebDriver start find element -->By.cssSelector: button[type='submit']
19:23:08.651  INFO  manager.MyListener - WebDriver start find element -->By.cssSelector: button[type='submit']
19:23:08.687  INFO  manager.MyListener - WebDriver start find element -->By.cssSelector: div.dialog-container
19:23:09.884  INFO  manager.MyListener - WebDriver start find element -->By.cssSelector: div.dialog-container h1
19:23:09.905  INFO  manager.MyListener - New Before find by --> By.xpath: //button[text()='Ok']
19:23:09.914  INFO  manager.MyListener - WebDriver start find element -->By.xpath: //button[text()='Ok']
19:23:09.950  INFO  tests.TestBase - Start test with name --->loginSuccessDP
19:23:09.951  INFO  manager.MyListener - New Before find by --> By.xpath: //a[text()=' Logout ']
19:23:09.960  INFO  manager.MyListener - WebDriver start find element -->By.xpath: //a[text()=' Logout ']
19:23:10.003  INFO  tests.TestBase - Test start with logout
19:23:10.003  INFO  manager.MyListener - WebDriver start find element -->By.xpath: //a[text()=' Log in ']
19:23:10.055  INFO  manager.MyListener - WebDriver start find element -->By.id: email
19:23:15.121  INFO  manager.MyListener - The name of method with error -->findElement
19:23:15.122  INFO  manager.MyListener - We have a problem ---> org.openqa.selenium.NoSuchElementException: no such element: Unable to locate element: {"method":"css selector","selector":"#email"}
  (Session info: chrome=103.0.5060.134)
For documentation on this error, please visit: https://selenium.dev/exceptions/#no_such_element
Build info: version: '4.2.2', revision: '683ccb65d6'
System info: host: 'DESKTOP-P7LS7IG', ip: '192.168.1.22', os.name: 'Windows 11', os.arch: 'amd64', os.version: '10.0', java.version: '11.0.15.1'
Driver info: org.openqa.selenium.chrome.ChromeDriver
Command: [e7f339057063f98e26bfdc633e4f42ae, findElement {using=id, value=email}]
Capabilities {acceptInsecureCerts: false, browserName: chrome, browserVersion: 103.0.5060.134, chrome: {chromedriverVersion: 102.0.5005.61 (0e59bcc00cc4..., userDataDir: C:\Users\97253\AppData\Loca...}, goog:chromeOptions: {debuggerAddress: localhost:52420}, networkConnectionEnabled: false, pageLoadStrategy: normal, platformName: WINDOWS, proxy: Proxy(), se:cdp: ws://localhost:52420/devtoo..., se:cdpVersion: 103.0.5060.134, setWindowRect: true, strictFileInteractability: false, timeouts: {implicit: 0, pageLoad: 300000, script: 30000}, unhandledPromptBehavior: dismiss and notify, webauthn:extension:credBlob: true, webauthn:extension:largeBlob: true, webauthn:virtualAuthenticators: true}
Session ID: e7f339057063f98e26bfdc633e4f42ae
19:23:15.124  INFO  manager.MyListener - New Before find by --> By.xpath: //button[text()='Ok']
19:23:20.152  INFO  tests.TestBase - Start test with name --->loginSuccessDP
19:23:20.153  INFO  manager.MyListener - New Before find by --> By.xpath: //a[text()=' Logout ']
19:23:25.188  INFO  manager.MyListener - WebDriver start find element -->By.xpath: //a[text()=' Log in ']
19:23:25.228  INFO  manager.MyListener - WebDriver start find element -->By.id: email
19:23:25.324  INFO  manager.MyListener - WebDriver start find element -->By.id: password
19:23:25.409  INFO  manager.MyListener - WebDriver start find element -->By.cssSelector: button[type='submit']
19:23:25.435  INFO  manager.MyListener - WebDriver start find element -->By.cssSelector: button[type='submit']
19:23:25.474  INFO  manager.MyListener - WebDriver start find element -->By.cssSelector: div.dialog-container
19:23:28.234  INFO  manager.MyListener - WebDriver start find element -->By.cssSelector: div.dialog-container h1
19:23:28.258  INFO  manager.MyListener - New Before find by --> By.xpath: //button[text()='Ok']
19:23:28.268  INFO  manager.MyListener - WebDriver start find element -->By.xpath: //button[text()='Ok']
19:23:28.307  INFO  tests.TestBase - Start test with name --->loginSuccessDP
19:23:28.308  INFO  manager.MyListener - New Before find by --> By.xpath: //a[text()=' Logout ']
19:23:28.317  INFO  manager.MyListener - WebDriver start find element -->By.xpath: //a[text()=' Logout ']
19:23:28.374  INFO  tests.TestBase - Test start with logout
19:23:28.375  INFO  manager.MyListener - WebDriver start find element -->By.xpath: //a[text()=' Log in ']
19:23:28.423  INFO  manager.MyListener - WebDriver start find element -->By.id: email
19:23:28.527  INFO  manager.MyListener - WebDriver start find element -->By.id: password
19:23:28.597  INFO  manager.MyListener - WebDriver start find element -->By.cssSelector: button[type='submit']
19:23:28.622  INFO  manager.MyListener - WebDriver start find element -->By.cssSelector: button[type='submit']
19:23:28.655  INFO  manager.MyListener - WebDriver start find element -->By.cssSelector: div.dialog-container
19:23:29.168  INFO  manager.MyListener - WebDriver start find element -->By.cssSelector: div.dialog-container h1
19:23:29.189  INFO  manager.MyListener - New Before find by --> By.xpath: //button[text()='Ok']
19:23:29.197  INFO  manager.MyListener - WebDriver start find element -->By.xpath: //button[text()='Ok']
19:23:29.231  INFO  tests.TestBase - Start test with name --->registrationSuccess
19:23:29.231  INFO  manager.MyListener - New Before find by --> By.xpath: //a[text()=' Logout ']
19:23:29.239  INFO  manager.MyListener - WebDriver start find element -->By.xpath: //a[text()=' Logout ']
19:23:29.283  INFO  manager.MyListener - WebDriver start find element -->By.xpath: //a[text()=' Sign up ']
19:23:29.337  INFO  manager.MyListener - WebDriver start find element -->By.id: name
19:23:29.432  INFO  manager.MyListener - WebDriver start find element -->By.id: lastName
19:23:29.516  INFO  manager.MyListener - WebDriver start find element -->By.id: email
19:23:29.608  INFO  manager.MyListener - WebDriver start find element -->By.id: password
19:23:29.680  INFO  manager.MyListener - WebDriver start find element -->By.cssSelector: label[for='terms-of-use']
19:23:29.843  INFO  manager.MyListener - WebDriver start find element -->By.cssSelector: button[type='submit']
19:23:29.870  INFO  manager.MyListener - WebDriver start find element -->By.cssSelector: button[type='submit']
19:23:29.908  INFO  manager.MyListener - WebDriver start find element -->By.cssSelector: div.dialog-container
19:23:30.498  INFO  manager.MyListener - WebDriver start find element -->By.cssSelector: div.dialog-container h1
19:23:30.519  INFO  manager.MyListener - New Before find by --> By.xpath: //button[text()='Ok']
19:23:30.529  INFO  manager.MyListener - WebDriver start find element -->By.xpath: //button[text()='Ok']
19:23:30.568  INFO  tests.TestBase - Start test with name --->registrationWrongPasswordFormatSize
19:23:30.569  INFO  manager.MyListener - New Before find by --> By.xpath: //a[text()=' Logout ']
19:23:30.579  INFO  manager.MyListener - WebDriver start find element -->By.xpath: //a[text()=' Logout ']
19:23:30.630  INFO  manager.MyListener - WebDriver start find element -->By.xpath: //a[text()=' Sign up ']
19:23:30.681  INFO  manager.MyListener - WebDriver start find element -->By.id: name
19:23:30.776  INFO  manager.MyListener - WebDriver start find element -->By.id: lastName
19:23:30.859  INFO  manager.MyListener - WebDriver start find element -->By.id: email
19:23:30.957  INFO  manager.MyListener - WebDriver start find element -->By.id: password
19:23:31.032  INFO  manager.MyListener - WebDriver start find element -->By.cssSelector: label[for='terms-of-use']
19:23:31.067  INFO  manager.MyListener - WebDriver start find element -->By.cssSelector: div.error div:last-child
19:23:31.091  INFO  manager.MyListener - WebDriver start find element -->By.cssSelector: div.error div:last-child
19:23:31.109  INFO  manager.MyListener - WebDriver start find element -->By.cssSelector: div.error div:first-child
19:23:31.132  INFO  manager.MyListener - WebDriver start find element -->By.cssSelector: div.error div:first-child
19:23:31.148  INFO  manager.MyListener - New Before find by --> By.cssSelector: button[disabled]
19:23:31.159  INFO  manager.MyListener - WebDriver start find element -->By.cssSelector: [type='submit']
19:23:31.178  INFO  manager.MyListener - New Before find by --> By.xpath: //button[text()='Ok']
19:23:36.188  INFO  tests.TestBase - Start test with name --->searchAnyPeriod
19:23:36.189  INFO  manager.MyListener - WebDriver start find element -->By.cssSelector: .logo
19:23:36.399  INFO  manager.MyListener - WebDriver start find element -->By.id: city
19:23:36.420  INFO  manager.MyListener - WebDriver start find element -->By.id: city
19:23:37.011  INFO  manager.MyListener - WebDriver start find element -->By.cssSelector: .pac-item
19:23:37.063  INFO  manager.MyListener - WebDriver start find element -->By.id: dates
19:23:37.123  INFO  manager.MyListener - WebDriver start find element -->By.id: dates
19:23:37.188  INFO  manager.MyListener - WebDriver start find element -->By.xpath: //button[@aria-label='Next month']
19:23:37.237  INFO  manager.MyListener - WebDriver start find element -->By.xpath: //button[@aria-label='Next month']
19:23:37.275  INFO  manager.MyListener - WebDriver start find element -->By.xpath: //button[@aria-label='Next month']
19:23:37.314  INFO  manager.MyListener - WebDriver start find element -->By.xpath: //button[@aria-label='Next month']
19:23:37.361  INFO  manager.MyListener - WebDriver start find element -->By.xpath: //button[@aria-label='Next month']
19:23:37.400  INFO  manager.MyListener - WebDriver start find element -->By.xpath: //button[@aria-label='Next month']
19:23:37.439  INFO  manager.MyListener - WebDriver start find element -->By.xpath: //button[@aria-label='Next month']
19:23:37.476  INFO  manager.MyListener - WebDriver start find element -->By.xpath: //button[@aria-label='Next month']
19:23:37.510  INFO  manager.MyListener - WebDriver start find element -->By.xpath: //button[@aria-label='Next month']
19:23:37.544  INFO  manager.MyListener - WebDriver start find element -->By.xpath: //button[@aria-label='Next month']
19:23:37.575  INFO  manager.MyListener - WebDriver start find element -->By.xpath: //div[text()=' 10 ']
19:23:37.620  INFO  manager.MyListener - WebDriver start find element -->By.xpath: //button[@aria-label='Next month']
19:23:37.655  INFO  manager.MyListener - WebDriver start find element -->By.xpath: //div[text()=' 15 ']
19:23:37.704  INFO  manager.MyListener - WebDriver start find element -->By.cssSelector: button[type='submit']
19:23:37.732  INFO  manager.MyListener - WebDriver start find element -->By.cssSelector: button[type='submit']
19:23:37.796  INFO  manager.MyListener - New Before find by --> By.cssSelector: .cars-container.ng-star-inserted
19:23:39.374  INFO  tests.TestBase - Start test with name --->searchCurrentMonth
19:23:39.374  INFO  manager.MyListener - WebDriver start find element -->By.cssSelector: .logo
19:23:39.498  INFO  manager.MyListener - WebDriver start find element -->By.id: city
19:23:39.521  INFO  manager.MyListener - WebDriver start find element -->By.id: city
19:23:40.130  INFO  manager.MyListener - WebDriver start find element -->By.cssSelector: .pac-item
19:23:40.177  INFO  manager.MyListener - WebDriver start find element -->By.id: dates
19:23:40.223  INFO  manager.MyListener - WebDriver start find element -->By.id: dates
19:23:40.268  INFO  manager.MyListener - WebDriver start find element -->By.xpath: //div[text()=' 5 ']
19:23:40.317  INFO  manager.MyListener - WebDriver start find element -->By.xpath: //div[text()=' 4 ']
19:23:40.364  INFO  manager.MyListener - WebDriver start find element -->By.cssSelector: button[type='submit']
19:23:40.390  INFO  manager.MyListener - WebDriver start find element -->By.cssSelector: button[type='submit']
19:23:40.446  INFO  manager.MyListener - New Before find by --> By.cssSelector: .cars-container.ng-star-inserted
19:23:42.839  INFO  tests.TestBase - Start test with name --->searchCurrentYear
19:23:42.840  INFO  manager.MyListener - WebDriver start find element -->By.cssSelector: .logo
19:23:42.975  INFO  manager.MyListener - WebDriver start find element -->By.id: city
19:23:43.000  INFO  manager.MyListener - WebDriver start find element -->By.id: city
19:23:43.614  INFO  manager.MyListener - WebDriver start find element -->By.cssSelector: .pac-item
19:23:43.660  INFO  manager.MyListener - WebDriver start find element -->By.id: dates
19:23:43.705  INFO  manager.MyListener - WebDriver start find element -->By.id: dates
19:23:43.749  INFO  manager.MyListener - WebDriver start find element -->By.xpath: //button[@aria-label='Next month']
19:23:43.796  INFO  manager.MyListener - WebDriver start find element -->By.xpath: //div[text()=' 10 ']
19:23:43.841  INFO  manager.MyListener - WebDriver start find element -->By.xpath: //div[text()=' 20 ']
19:23:43.892  INFO  manager.MyListener - WebDriver start find element -->By.cssSelector: button[type='submit']
19:23:43.921  INFO  manager.MyListener - WebDriver start find element -->By.cssSelector: button[type='submit']
19:23:43.988  INFO  manager.MyListener - New Before find by --> By.cssSelector: .cars-container.ng-star-inserted
19:23:45.319  INFO  tests.TestBase - Start test with name --->searchCurrentYearLocalDate
19:23:45.320  INFO  manager.MyListener - WebDriver start find element -->By.cssSelector: .logo
19:23:45.441  INFO  manager.MyListener - WebDriver start find element -->By.id: city
19:23:45.462  INFO  manager.MyListener - WebDriver start find element -->By.id: city
19:23:46.081  INFO  manager.MyListener - WebDriver start find element -->By.cssSelector: .pac-item
19:23:46.132  INFO  manager.MyListener - WebDriver start find element -->By.id: dates
19:23:46.178  INFO  manager.MyListener - WebDriver start find element -->By.id: dates
19:23:46.224  INFO  manager.MyListener - WebDriver start find element -->By.xpath: //div[text()=' 10 ']
19:23:46.266  INFO  manager.MyListener - WebDriver start find element -->By.xpath: //button[@aria-label='Next month']
19:23:46.313  INFO  manager.MyListener - WebDriver start find element -->By.xpath: //button[@aria-label='Next month']
19:23:46.349  INFO  manager.MyListener - WebDriver start find element -->By.xpath: //div[text()=' 20 ']
19:23:46.395  INFO  manager.MyListener - WebDriver start find element -->By.cssSelector: button[type='submit']
19:23:46.420  INFO  manager.MyListener - WebDriver start find element -->By.cssSelector: button[type='submit']
19:23:46.475  INFO  manager.MyListener - New Before find by --> By.cssSelector: .cars-container.ng-star-inserted
19:23:48.687  INFO  tests.TestBase - Start test with name --->searchNextMonth
19:23:48.687  INFO  manager.MyListener - WebDriver start find element -->By.cssSelector: .logo
19:23:48.826  INFO  manager.MyListener - WebDriver start find element -->By.id: city
19:23:48.845  INFO  manager.MyListener - WebDriver start find element -->By.id: city
19:23:49.467  INFO  manager.MyListener - WebDriver start find element -->By.cssSelector: .pac-item
19:23:49.503  INFO  manager.MyListener - WebDriver start find element -->By.id: dates
19:23:49.557  INFO  manager.MyListener - WebDriver start find element -->By.id: dates
19:23:49.601  INFO  manager.MyListener - WebDriver start find element -->By.xpath: //button[@aria-label='Next month']
19:23:49.646  INFO  manager.MyListener - WebDriver start find element -->By.xpath: //div[text()=' 28 ']
19:23:49.693  INFO  manager.MyListener - WebDriver start find element -->By.xpath: //div[text()=' 27 ']
19:23:49.742  INFO  manager.MyListener - WebDriver start find element -->By.cssSelector: button[type='submit']
19:23:49.765  INFO  manager.MyListener - WebDriver start find element -->By.cssSelector: button[type='submit']
19:23:49.821  INFO  manager.MyListener - New Before find by --> By.cssSelector: .cars-container.ng-star-inserted
19:23:51.163  INFO  tests.TestBase - Start test with name --->searchPeriodPast
19:23:51.164  INFO  manager.MyListener - WebDriver start find element -->By.cssSelector: .logo
19:23:51.293  INFO  manager.MyListener - WebDriver start find element -->By.id: city
19:23:51.312  INFO  manager.MyListener - WebDriver start find element -->By.id: city
19:23:51.910  INFO  manager.MyListener - WebDriver start find element -->By.cssSelector: .pac-item
19:23:51.953  INFO  manager.MyListener - WebDriver start find element -->By.id: dates
19:23:51.998  INFO  manager.MyListener - WebDriver start find element -->By.id: dates
19:23:52.103  INFO  manager.MyListener - WebDriver start find element -->By.cssSelector: .cdk-overlay-container
19:23:52.141  INFO  manager.MyListener - WebDriver start find element -->By.cssSelector: button[type='submit']
19:23:52.170  INFO  manager.MyListener - New Before find by --> By.cssSelector: button[disabled]
19:23:52.182  INFO  manager.MyListener - WebDriver start find element -->By.cssSelector: [type='submit']
19:23:52.198  INFO  manager.MyListener - WebDriver start find element -->By.cssSelector: div.error div
