15:38:11.565  INFO  manager.ApplicationManager - All Tests run in Chrome Driver
15:38:14.296  INFO  manager.ApplicationManager - Current Url --> https://ilcarro-1578153671498.web.app/search
15:38:14.327  INFO  tests.TestBase - Start test with name --->addNewCarSuccess
15:38:14.328  INFO  manager.MyListener - New Before find by --> By.xpath: //a[text()=' Logout ']
15:38:19.345  INFO  manager.MyListener - WebDriver start find element -->By.xpath: //a[text()=' Log in ']
15:38:19.411  INFO  manager.MyListener - WebDriver start find element -->By.id: email
15:38:19.529  INFO  manager.MyListener - WebDriver start find element -->By.id: password
15:38:19.619  INFO  manager.MyListener - WebDriver start find element -->By.cssSelector: button[type='submit']
15:38:19.668  INFO  manager.MyListener - WebDriver start find element -->By.cssSelector: button[type='submit']
15:38:19.711  INFO  manager.MyListener - New Before find by --> By.xpath: //button[text()='Ok']
15:38:21.020  INFO  manager.MyListener - WebDriver start find element -->By.xpath: //button[text()='Ok']
15:38:22.070  INFO  manager.MyListener - WebDriver start find element -->By.id: 1
15:38:22.145  INFO  manager.MyListener - WebDriver start find element -->By.id: pickUpPlace
15:38:22.256  INFO  manager.MyListener - WebDriver start find element -->By.cssSelector: div.pac-item
15:38:23.181  INFO  manager.MyListener - WebDriver start find element -->By.id: make
15:38:23.276  INFO  manager.MyListener - WebDriver start find element -->By.id: model
15:38:23.358  INFO  manager.MyListener - WebDriver start find element -->By.id: year
15:38:23.447  INFO  manager.MyListener - WebDriver start find element -->By.id: engine
15:38:23.531  INFO  manager.MyListener - WebDriver start find element -->By.id: fuel
15:38:23.593  INFO  manager.MyListener - WebDriver start find element -->By.id: gear
15:38:23.658  INFO  manager.MyListener - WebDriver start find element -->By.id: wheelsDrive
15:38:23.719  INFO  manager.MyListener - WebDriver start find element -->By.id: doors
15:38:23.828  INFO  manager.MyListener - WebDriver start find element -->By.id: seats
15:38:23.929  INFO  manager.MyListener - WebDriver start find element -->By.id: class
15:38:24.023  INFO  manager.MyListener - WebDriver start find element -->By.id: fuelConsumption
15:38:24.119  INFO  manager.MyListener - WebDriver start find element -->By.id: serialNumber
15:38:24.214  INFO  manager.MyListener - WebDriver start find element -->By.id: price
15:38:24.318  INFO  manager.MyListener - WebDriver start find element -->By.id: distance
15:38:24.427  INFO  manager.MyListener - WebDriver start find element -->By.cssSelector: input[placeholder='Type feature']
15:38:24.525  INFO  manager.MyListener - WebDriver start find element -->By.id: about
15:38:24.604  INFO  manager.MyListener - WebDriver start find element -->By.id: photos
15:38:24.648  INFO  manager.MyListener - WebDriver start find element -->By.cssSelector: button[type='submit']
15:38:26.261  INFO  manager.MyListener - WebDriver start find element -->By.cssSelector: button[type='submit']
15:38:26.295  INFO  manager.MyListener - WebDriver start find element -->By.cssSelector: div.dialog-container
15:38:28.808  INFO  manager.MyListener - WebDriver start find element -->By.cssSelector: div.dialog-container h1
15:38:28.833  INFO  manager.MyListener - WebDriver start find element -->By.xpath: //button[text()='Search cars']
15:38:28.874  INFO  tests.TestBase - Start test with name --->loginSuccess
15:38:28.874  INFO  manager.MyListener - New Before find by --> By.xpath: //a[text()=' Logout ']
15:38:28.888  INFO  manager.MyListener - WebDriver start find element -->By.xpath: //a[text()=' Logout ']
15:38:29.002  INFO  tests.TestBase - Test start with logout
15:38:29.003  INFO  tests.TestBase - Test start with email : 'noa@gmail.com' & password 'Nnoa12345$'
15:38:29.004  INFO  manager.MyListener - WebDriver start find element -->By.xpath: //a[text()=' Log in ']
15:38:29.057  INFO  manager.MyListener - WebDriver start find element -->By.id: email
15:38:29.586  INFO  manager.MyListener - New Before find by --> By.xpath: //button[text()='Ok']
15:38:34.605  INFO  tests.TestBase - Start test with name --->loginSuccess2
15:38:34.605  INFO  manager.MyListener - New Before find by --> By.xpath: //a[text()=' Logout ']
15:38:39.669  INFO  manager.MyListener - WebDriver start find element -->By.xpath: //a[text()=' Log in ']
15:38:39.716  INFO  manager.MyListener - WebDriver start find element -->By.id: email
15:38:40.160  INFO  manager.MyListener - New Before find by --> By.xpath: //button[text()='Ok']
15:38:45.179  INFO  tests.TestBase - Start test with name --->registrationSuccess
15:38:45.180  INFO  manager.MyListener - New Before find by --> By.xpath: //a[text()=' Logout ']
15:38:50.238  INFO  manager.MyListener - WebDriver start find element -->By.xpath: //a[text()=' Sign up ']
15:38:50.317  INFO  manager.MyListener - WebDriver start find element -->By.id: name
15:38:50.404  INFO  manager.MyListener - WebDriver start find element -->By.id: lastName
15:38:50.481  INFO  manager.MyListener - WebDriver start find element -->By.id: email
15:38:50.574  INFO  manager.MyListener - WebDriver start find element -->By.id: password
15:38:50.673  INFO  manager.MyListener - WebDriver start find element -->By.cssSelector: label[for='terms-of-use']
15:38:51.134  INFO  manager.MyListener - WebDriver start find element -->By.cssSelector: button[type='submit']
15:38:56.153  INFO  manager.MyListener - The name of method with error -->findElement
15:38:56.156  INFO  manager.MyListener - We have a problem ---> org.openqa.selenium.NoSuchElementException: no such element: Unable to locate element: {"method":"css selector","selector":"button[type='submit']"}
  (Session info: chrome=103.0.5060.134)
For documentation on this error, please visit: https://selenium.dev/exceptions/#no_such_element
Build info: version: '4.2.2', revision: '683ccb65d6'
System info: host: 'DESKTOP-P7LS7IG', ip: '192.168.1.22', os.name: 'Windows 11', os.arch: 'amd64', os.version: '10.0', java.version: '11.0.15.1'
Driver info: org.openqa.selenium.chrome.ChromeDriver
Command: [c3e038b0c78e8b4845757a5c419e4534, findElement {using=css selector, value=button[type='submit']}]
Capabilities {acceptInsecureCerts: false, browserName: chrome, browserVersion: 103.0.5060.134, chrome: {chromedriverVersion: 102.0.5005.61 (0e59bcc00cc4..., userDataDir: C:\Users\97253\AppData\Loca...}, goog:chromeOptions: {debuggerAddress: localhost:55510}, networkConnectionEnabled: false, pageLoadStrategy: normal, platformName: WINDOWS, proxy: Proxy(), se:cdp: ws://localhost:55510/devtoo..., se:cdpVersion: 103.0.5060.134, setWindowRect: true, strictFileInteractability: false, timeouts: {implicit: 0, pageLoad: 300000, script: 30000}, unhandledPromptBehavior: dismiss and notify, webauthn:extension:credBlob: true, webauthn:extension:largeBlob: true, webauthn:virtualAuthenticators: true}
Session ID: c3e038b0c78e8b4845757a5c419e4534
15:38:56.157  INFO  manager.MyListener - New Before find by --> By.xpath: //button[text()='Ok']
15:39:01.222  INFO  tests.TestBase - Start test with name --->registrationSuccess2
15:39:01.223  INFO  manager.MyListener - New Before find by --> By.xpath: //a[text()=' Logout ']
15:39:06.274  INFO  manager.MyListener - WebDriver start find element -->By.xpath: //a[text()=' Sign up ']
15:39:06.335  INFO  manager.MyListener - WebDriver start find element -->By.id: name
15:39:06.421  INFO  manager.MyListener - WebDriver start find element -->By.id: lastName
15:39:06.506  INFO  manager.MyListener - WebDriver start find element -->By.id: email
15:39:06.625  INFO  manager.MyListener - WebDriver start find element -->By.id: password
15:39:06.731  INFO  manager.MyListener - WebDriver start find element -->By.cssSelector: label[for='terms-of-use']
15:39:06.891  INFO  manager.MyListener - WebDriver start find element -->By.cssSelector: button[type='submit']
15:39:06.927  INFO  manager.MyListener - WebDriver start find element -->By.cssSelector: button[type='submit']
15:39:06.967  INFO  manager.MyListener - WebDriver start find element -->By.cssSelector: div.dialog-container
15:39:07.954  INFO  manager.MyListener - WebDriver start find element -->By.cssSelector: div.dialog-container h1
15:39:07.975  INFO  manager.MyListener - New Before find by --> By.xpath: //button[text()='Ok']
15:39:07.985  INFO  manager.MyListener - WebDriver start find element -->By.xpath: //button[text()='Ok']
15:39:08.018  INFO  tests.TestBase - Start test with name --->registrationWrongPasswordFormatSize
15:39:08.018  INFO  manager.MyListener - New Before find by --> By.xpath: //a[text()=' Logout ']
15:39:08.028  INFO  manager.MyListener - WebDriver start find element -->By.xpath: //a[text()=' Logout ']
15:39:08.088  INFO  manager.MyListener - WebDriver start find element -->By.xpath: //a[text()=' Sign up ']
15:39:08.138  INFO  manager.MyListener - WebDriver start find element -->By.id: name
15:39:08.236  INFO  manager.MyListener - WebDriver start find element -->By.id: lastName
15:39:08.309  INFO  manager.MyListener - WebDriver start find element -->By.id: email
15:39:08.409  INFO  manager.MyListener - WebDriver start find element -->By.id: password
15:39:08.489  INFO  manager.MyListener - WebDriver start find element -->By.cssSelector: label[for='terms-of-use']
15:39:08.543  INFO  manager.MyListener - WebDriver start find element -->By.cssSelector: div.error div:last-child
15:39:08.569  INFO  manager.MyListener - WebDriver start find element -->By.cssSelector: div.error div:last-child
15:39:08.585  INFO  manager.MyListener - WebDriver start find element -->By.cssSelector: div.error div:first-child
15:39:08.606  INFO  manager.MyListener - WebDriver start find element -->By.cssSelector: div.error div:first-child
15:39:08.626  INFO  manager.MyListener - New Before find by --> By.cssSelector: button[disabled]
15:39:08.640  INFO  manager.MyListener - WebDriver start find element -->By.cssSelector: [type='submit']
15:39:08.660  INFO  manager.MyListener - New Before find by --> By.xpath: //button[text()='Ok']
15:39:13.672  INFO  tests.TestBase - Start test with name --->searchAnyPeriod
15:39:13.672  INFO  manager.MyListener - WebDriver start find element -->By.id: city
15:39:18.718  INFO  manager.MyListener - The name of method with error -->findElement
15:39:18.719  INFO  manager.MyListener - We have a problem ---> org.openqa.selenium.NoSuchElementException: no such element: Unable to locate element: {"method":"css selector","selector":"#city"}
  (Session info: chrome=103.0.5060.134)
For documentation on this error, please visit: https://selenium.dev/exceptions/#no_such_element
Build info: version: '4.2.2', revision: '683ccb65d6'
System info: host: 'DESKTOP-P7LS7IG', ip: '192.168.1.22', os.name: 'Windows 11', os.arch: 'amd64', os.version: '10.0', java.version: '11.0.15.1'
Driver info: org.openqa.selenium.chrome.ChromeDriver
Command: [c3e038b0c78e8b4845757a5c419e4534, findElement {using=id, value=city}]
Capabilities {acceptInsecureCerts: false, browserName: chrome, browserVersion: 103.0.5060.134, chrome: {chromedriverVersion: 102.0.5005.61 (0e59bcc00cc4..., userDataDir: C:\Users\97253\AppData\Loca...}, goog:chromeOptions: {debuggerAddress: localhost:55510}, networkConnectionEnabled: false, pageLoadStrategy: normal, platformName: WINDOWS, proxy: Proxy(), se:cdp: ws://localhost:55510/devtoo..., se:cdpVersion: 103.0.5060.134, setWindowRect: true, strictFileInteractability: false, timeouts: {implicit: 0, pageLoad: 300000, script: 30000}, unhandledPromptBehavior: dismiss and notify, webauthn:extension:credBlob: true, webauthn:extension:largeBlob: true, webauthn:virtualAuthenticators: true}
Session ID: c3e038b0c78e8b4845757a5c419e4534
15:39:18.720  INFO  manager.MyListener - WebDriver start find element -->By.cssSelector: .logo
15:39:18.901  INFO  tests.TestBase - Start test with name --->searchCurrentMonth
15:39:18.902  INFO  manager.MyListener - WebDriver start find element -->By.id: city
15:39:18.926  INFO  manager.MyListener - WebDriver start find element -->By.id: city
15:39:19.526  INFO  manager.MyListener - WebDriver start find element -->By.cssSelector: .pac-item
15:39:19.574  INFO  manager.MyListener - WebDriver start find element -->By.id: dates
15:39:19.635  INFO  manager.MyListener - WebDriver start find element -->By.id: dates
15:39:19.701  INFO  manager.MyListener - WebDriver start find element -->By.xpath: //div[text()=' 31 ']
15:39:19.751  INFO  manager.MyListener - WebDriver start find element -->By.xpath: //div[text()=' 30 ']
15:39:19.803  INFO  manager.MyListener - WebDriver start find element -->By.cssSelector: button[type='submit']
15:39:19.843  INFO  manager.MyListener - WebDriver start find element -->By.cssSelector: button[type='submit']
15:39:19.914  INFO  manager.MyListener - New Before find by --> By.cssSelector: .cars-container.ng-star-inserted
15:39:21.118  INFO  manager.MyListener - WebDriver start find element -->By.cssSelector: .logo
15:39:21.262  INFO  tests.TestBase - Start test with name --->searchCurrentYear
15:39:21.263  INFO  manager.MyListener - WebDriver start find element -->By.id: city
15:39:21.289  INFO  manager.MyListener - WebDriver start find element -->By.id: city
15:39:21.891  INFO  manager.MyListener - WebDriver start find element -->By.cssSelector: .pac-item
15:39:21.937  INFO  manager.MyListener - WebDriver start find element -->By.id: dates
15:39:21.988  INFO  manager.MyListener - WebDriver start find element -->By.id: dates
15:39:22.042  INFO  manager.MyListener - WebDriver start find element -->By.xpath: //button[@aria-label='Next month']
15:39:22.093  INFO  manager.MyListener - WebDriver start find element -->By.xpath: //div[text()=' 10 ']
15:39:22.142  INFO  manager.MyListener - WebDriver start find element -->By.xpath: //div[text()=' 20 ']
15:39:22.203  INFO  manager.MyListener - WebDriver start find element -->By.cssSelector: button[type='submit']
15:39:22.235  INFO  manager.MyListener - WebDriver start find element -->By.cssSelector: button[type='submit']
15:39:22.304  INFO  manager.MyListener - New Before find by --> By.cssSelector: .cars-container.ng-star-inserted
15:39:23.266  INFO  manager.MyListener - WebDriver start find element -->By.cssSelector: .logo
15:39:23.471  INFO  tests.TestBase - Start test with name --->searchCurrentYearLocalDate
15:39:23.471  INFO  manager.MyListener - WebDriver start find element -->By.id: city
15:39:23.488  INFO  manager.MyListener - WebDriver start find element -->By.id: city
15:39:24.111  INFO  manager.MyListener - WebDriver start find element -->By.cssSelector: .pac-item
15:39:24.157  INFO  manager.MyListener - WebDriver start find element -->By.id: dates
15:39:24.214  INFO  manager.MyListener - WebDriver start find element -->By.id: dates
15:39:24.266  INFO  manager.MyListener - WebDriver start find element -->By.xpath: //button[@aria-label='Next month']
15:39:24.310  INFO  manager.MyListener - WebDriver start find element -->By.xpath: //div[text()=' 10 ']
15:39:24.356  INFO  manager.MyListener - WebDriver start find element -->By.xpath: //button[@aria-label='Next month']
15:39:24.399  INFO  manager.MyListener - WebDriver start find element -->By.xpath: //button[@aria-label='Next month']
15:39:24.442  INFO  manager.MyListener - WebDriver start find element -->By.xpath: //div[text()=' 20 ']
15:39:24.488  INFO  manager.MyListener - WebDriver start find element -->By.cssSelector: button[type='submit']
15:39:24.513  INFO  manager.MyListener - WebDriver start find element -->By.cssSelector: button[type='submit']
15:39:24.587  INFO  manager.MyListener - New Before find by --> By.cssSelector: .cars-container.ng-star-inserted
15:39:25.650  INFO  manager.MyListener - WebDriver start find element -->By.cssSelector: .logo
15:39:25.836  INFO  tests.TestBase - Start test with name --->searchNextMonth
15:39:25.836  INFO  manager.MyListener - WebDriver start find element -->By.id: city
15:39:25.857  INFO  manager.MyListener - WebDriver start find element -->By.id: city
15:39:26.468  INFO  manager.MyListener - WebDriver start find element -->By.cssSelector: .pac-item
15:39:26.510  INFO  manager.MyListener - WebDriver start find element -->By.id: dates
15:39:26.562  INFO  manager.MyListener - WebDriver start find element -->By.id: dates
15:39:26.617  INFO  manager.MyListener - WebDriver start find element -->By.xpath: //button[@aria-label='Next month']
15:39:26.666  INFO  manager.MyListener - WebDriver start find element -->By.xpath: //div[text()=' 28 ']
15:39:26.720  INFO  manager.MyListener - WebDriver start find element -->By.xpath: //div[text()=' 27 ']
15:39:26.776  INFO  manager.MyListener - WebDriver start find element -->By.cssSelector: button[type='submit']
15:39:26.801  INFO  manager.MyListener - WebDriver start find element -->By.cssSelector: button[type='submit']
15:39:26.882  INFO  manager.MyListener - New Before find by --> By.cssSelector: .cars-container.ng-star-inserted
15:39:28.173  INFO  manager.MyListener - WebDriver start find element -->By.cssSelector: .logo
15:39:28.317  INFO  tests.TestBase - Start test with name --->searchPeriodPast
15:39:28.317  INFO  manager.MyListener - WebDriver start find element -->By.id: city
15:39:28.341  INFO  manager.MyListener - WebDriver start find element -->By.id: city
15:39:28.941  INFO  manager.MyListener - WebDriver start find element -->By.cssSelector: .pac-item
15:39:28.987  INFO  manager.MyListener - WebDriver start find element -->By.id: dates
15:39:29.041  INFO  manager.MyListener - WebDriver start find element -->By.id: dates
15:39:29.164  INFO  manager.MyListener - WebDriver start find element -->By.cssSelector: .cdk-overlay-container
15:39:29.206  INFO  manager.MyListener - WebDriver start find element -->By.cssSelector: button[type='submit']
15:39:29.240  INFO  manager.MyListener - New Before find by --> By.cssSelector: button[disabled]
15:39:29.255  INFO  manager.MyListener - WebDriver start find element -->By.cssSelector: [type='submit']
15:39:29.276  INFO  manager.MyListener - WebDriver start find element -->By.cssSelector: div.error div
15:39:29.671  INFO  manager.MyListener - WebDriver start find element -->By.cssSelector: .logo
