15:15:12.517  INFO  manager.ApplicationManager - All Tests run in Chrome Driver
15:15:14.138  INFO  manager.ApplicationManager - Current Url --> https://ilcarro-1578153671498.web.app/search
15:15:14.173  INFO  tests.TestBase - Start test with name --->addNewCarSuccess2
15:15:14.175  INFO  manager.MyListener - New Before find by --> By.xpath: //a[text()=' Logout ']
15:15:19.232  INFO  manager.MyListener - WebDriver start find element -->By.xpath: //a[text()=' Log in ']
15:15:19.294  INFO  manager.MyListener - WebDriver start find element -->By.id: email
15:15:19.404  INFO  manager.MyListener - WebDriver start find element -->By.id: password
15:15:19.493  INFO  manager.MyListener - WebDriver start find element -->By.cssSelector: button[type='submit']
15:15:19.538  INFO  manager.MyListener - WebDriver start find element -->By.cssSelector: button[type='submit']
15:15:19.587  INFO  manager.MyListener - New Before find by --> By.xpath: //button[text()='Ok']
15:15:20.724  INFO  manager.MyListener - WebDriver start find element -->By.xpath: //button[text()='Ok']
15:15:21.788  INFO  manager.MyListener - WebDriver start find element -->By.id: 1
15:15:21.858  INFO  manager.MyListener - WebDriver start find element -->By.id: pickUpPlace
15:15:21.960  INFO  manager.MyListener - WebDriver start find element -->By.cssSelector: div.pac-item
15:15:22.933  INFO  manager.MyListener - WebDriver start find element -->By.id: make
15:15:23.028  INFO  manager.MyListener - WebDriver start find element -->By.id: model
15:15:23.106  INFO  manager.MyListener - WebDriver start find element -->By.id: year
15:15:23.195  INFO  manager.MyListener - WebDriver start find element -->By.id: engine
15:15:23.277  INFO  manager.MyListener - WebDriver start find element -->By.id: fuel
15:15:23.343  INFO  manager.MyListener - WebDriver start find element -->By.id: gear
15:15:23.400  INFO  manager.MyListener - WebDriver start find element -->By.id: wheelsDrive
15:15:23.462  INFO  manager.MyListener - WebDriver start find element -->By.id: doors
15:15:23.564  INFO  manager.MyListener - WebDriver start find element -->By.id: seats
15:15:23.654  INFO  manager.MyListener - WebDriver start find element -->By.id: class
15:15:23.736  INFO  manager.MyListener - WebDriver start find element -->By.id: fuelConsumption
15:15:23.827  INFO  manager.MyListener - WebDriver start find element -->By.id: serialNumber
15:15:23.916  INFO  manager.MyListener - WebDriver start find element -->By.id: price
15:15:24.013  INFO  manager.MyListener - WebDriver start find element -->By.id: distance
15:15:24.110  INFO  manager.MyListener - WebDriver start find element -->By.cssSelector: input[placeholder='Type feature']
15:15:24.209  INFO  manager.MyListener - WebDriver start find element -->By.id: about
15:15:24.288  INFO  manager.MyListener - WebDriver start find element -->By.id: photos
15:15:24.335  INFO  manager.MyListener - WebDriver start find element -->By.cssSelector: button[type='submit']
15:15:25.947  INFO  manager.MyListener - WebDriver start find element -->By.cssSelector: button[type='submit']
15:15:25.981  INFO  manager.MyListener - WebDriver start find element -->By.cssSelector: div.dialog-container
15:15:26.931  INFO  manager.MyListener - WebDriver start find element -->By.cssSelector: div.dialog-container h1
15:15:26.963  INFO  manager.MyListener - WebDriver start find element -->By.xpath: //button[text()='Search cars']
15:15:31.998  INFO  manager.MyListener - The name of method with error -->findElement
15:15:32.000  INFO  manager.MyListener - We have a problem ---> org.openqa.selenium.NoSuchElementException: no such element: Unable to locate element: {"method":"xpath","selector":"//button[text()='Search cars']"}
  (Session info: chrome=103.0.5060.134)
For documentation on this error, please visit: https://selenium.dev/exceptions/#no_such_element
Build info: version: '4.3.0', revision: 'a4995e2c09*'
System info: host: 'DESKTOP-P7LS7IG', ip: '192.168.1.22', os.name: 'Windows 11', os.arch: 'amd64', os.version: '10.0', java.version: '11.0.15.1'
Driver info: org.openqa.selenium.chrome.ChromeDriver
Command: [aaaa0b7514c3c3db424b42e0b1231686, findElement {using=xpath, value=//button[text()='Search cars']}]
Capabilities {acceptInsecureCerts: false, browserName: chrome, browserVersion: 103.0.5060.134, chrome: {chromedriverVersion: 102.0.5005.61 (0e59bcc00cc4..., userDataDir: C:\Users\97253\AppData\Loca...}, goog:chromeOptions: {debuggerAddress: localhost:63314}, networkConnectionEnabled: false, pageLoadStrategy: normal, platformName: WINDOWS, proxy: Proxy(), se:cdp: ws://localhost:63314/devtoo..., se:cdpVersion: 103.0.5060.134, setWindowRect: true, strictFileInteractability: false, timeouts: {implicit: 0, pageLoad: 300000, script: 30000}, unhandledPromptBehavior: dismiss and notify, webauthn:extension:credBlob: true, webauthn:extension:largeBlob: true, webauthn:virtualAuthenticators: true}
Session ID: aaaa0b7514c3c3db424b42e0b1231686
