19:03:54.882  INFO  manager.ApplicationManager - All Tests run in Chrome Driver
19:03:56.778  INFO  manager.ApplicationManager - Current Url --> https://ilcarro-1578153671498.web.app/search
19:03:56.803  INFO  tests.TestBase - Start test with name --->addNewCarSuccess
19:03:56.804  INFO  manager.MyListener - New Before find by --> By.xpath: //a[text()=' Logout ']
19:04:01.861  INFO  manager.MyListener - WebDriver start find element -->By.xpath: //a[text()=' Log in ']
19:04:01.923  INFO  manager.MyListener - WebDriver start find element -->By.id: email
19:04:02.037  INFO  manager.MyListener - WebDriver start find element -->By.id: password
19:04:02.126  INFO  manager.MyListener - WebDriver start find element -->By.cssSelector: button[type='submit']
19:04:02.173  INFO  manager.MyListener - WebDriver start find element -->By.cssSelector: button[type='submit']
19:04:02.220  INFO  manager.MyListener - New Before find by --> By.xpath: //button[text()='Ok']
19:04:03.594  INFO  manager.MyListener - WebDriver start find element -->By.xpath: //button[text()='Ok']
19:04:04.651  INFO  manager.MyListener - WebDriver start find element -->By.id: 1
19:04:04.718  INFO  manager.MyListener - WebDriver start find element -->By.id: pickUpPlace
19:04:04.829  INFO  manager.MyListener - WebDriver start find element -->By.cssSelector: div.pac-item
19:04:05.770  INFO  manager.MyListener - WebDriver start find element -->By.id: make
19:04:05.861  INFO  manager.MyListener - WebDriver start find element -->By.id: model
19:04:05.943  INFO  manager.MyListener - WebDriver start find element -->By.id: year
19:04:06.039  INFO  manager.MyListener - WebDriver start find element -->By.id: engine
19:04:06.119  INFO  manager.MyListener - WebDriver start find element -->By.id: fuel
19:04:06.181  INFO  manager.MyListener - WebDriver start find element -->By.id: gear
19:04:06.245  INFO  manager.MyListener - WebDriver start find element -->By.id: wheelsDrive
19:04:06.307  INFO  manager.MyListener - WebDriver start find element -->By.id: doors
19:04:06.412  INFO  manager.MyListener - WebDriver start find element -->By.id: seats
19:04:06.500  INFO  manager.MyListener - WebDriver start find element -->By.id: class
19:04:06.582  INFO  manager.MyListener - WebDriver start find element -->By.id: fuelConsumption
19:04:06.668  INFO  manager.MyListener - WebDriver start find element -->By.id: serialNumber
19:04:06.758  INFO  manager.MyListener - WebDriver start find element -->By.id: price
19:04:06.847  INFO  manager.MyListener - WebDriver start find element -->By.id: distance
19:04:06.953  INFO  manager.MyListener - WebDriver start find element -->By.cssSelector: input[placeholder='Type feature']
19:04:07.041  INFO  manager.MyListener - WebDriver start find element -->By.id: about
19:04:07.118  INFO  manager.MyListener - WebDriver start find element -->By.id: photos
19:04:07.165  INFO  manager.MyListener - WebDriver start find element -->By.cssSelector: button[type='submit']
19:04:08.780  INFO  manager.MyListener - WebDriver start find element -->By.cssSelector: button[type='submit']
19:04:08.816  INFO  manager.MyListener - WebDriver start find element -->By.cssSelector: div.dialog-container
19:04:10.905  INFO  manager.MyListener - WebDriver start find element -->By.cssSelector: div.dialog-container h1
19:04:10.930  INFO  manager.MyListener - WebDriver start find element -->By.xpath: //button[text()='Search cars']
19:04:10.974  INFO  tests.TestBase - Start test with name --->addNewCarSuccess2
19:04:10.975  INFO  manager.MyListener - New Before find by --> By.xpath: //a[text()=' Logout ']
19:04:12.011  INFO  manager.MyListener - WebDriver start find element -->By.id: 1
19:04:12.062  INFO  manager.MyListener - WebDriver start find element -->By.id: pickUpPlace
19:04:12.161  INFO  manager.MyListener - WebDriver start find element -->By.cssSelector: div.pac-item
19:04:13.019  INFO  manager.MyListener - WebDriver start find element -->By.id: make
19:04:13.114  INFO  manager.MyListener - WebDriver start find element -->By.id: model
19:04:13.197  INFO  manager.MyListener - WebDriver start find element -->By.id: year
19:04:13.297  INFO  manager.MyListener - WebDriver start find element -->By.id: engine
19:04:13.377  INFO  manager.MyListener - WebDriver start find element -->By.id: fuel
19:04:13.426  INFO  manager.MyListener - WebDriver start find element -->By.id: gear
19:04:13.481  INFO  manager.MyListener - WebDriver start find element -->By.id: wheelsDrive
19:04:13.540  INFO  manager.MyListener - WebDriver start find element -->By.id: doors
19:04:13.640  INFO  manager.MyListener - WebDriver start find element -->By.id: seats
19:04:13.734  INFO  manager.MyListener - WebDriver start find element -->By.id: class
19:04:13.817  INFO  manager.MyListener - WebDriver start find element -->By.id: fuelConsumption
19:04:13.903  INFO  manager.MyListener - WebDriver start find element -->By.id: serialNumber
19:04:13.997  INFO  manager.MyListener - WebDriver start find element -->By.id: price
19:04:14.084  INFO  manager.MyListener - WebDriver start find element -->By.id: distance
19:04:14.170  INFO  manager.MyListener - WebDriver start find element -->By.cssSelector: input[placeholder='Type feature']
19:04:14.264  INFO  manager.MyListener - WebDriver start find element -->By.id: about
19:04:14.340  INFO  manager.MyListener - WebDriver start find element -->By.id: photos
19:04:14.373  INFO  manager.MyListener - WebDriver start find element -->By.cssSelector: button[type='submit']
19:04:16.003  INFO  manager.MyListener - WebDriver start find element -->By.cssSelector: button[type='submit']
19:04:16.039  INFO  manager.MyListener - WebDriver start find element -->By.cssSelector: div.dialog-container
19:04:17.562  INFO  manager.MyListener - WebDriver start find element -->By.cssSelector: div.dialog-container h1
19:04:17.586  INFO  manager.MyListener - WebDriver start find element -->By.xpath: //button[text()='Search cars']
19:04:17.628  INFO  tests.TestBase - Start test with name --->addNewCarSuccess2
19:04:17.628  INFO  manager.MyListener - New Before find by --> By.xpath: //a[text()=' Logout ']
19:04:18.649  INFO  manager.MyListener - WebDriver start find element -->By.id: 1
19:04:18.706  INFO  manager.MyListener - WebDriver start find element -->By.id: pickUpPlace
19:04:18.803  INFO  manager.MyListener - WebDriver start find element -->By.cssSelector: div.pac-item
19:04:19.657  INFO  manager.MyListener - WebDriver start find element -->By.id: make
19:04:19.738  INFO  manager.MyListener - WebDriver start find element -->By.id: model
19:04:19.813  INFO  manager.MyListener - WebDriver start find element -->By.id: year
19:04:19.900  INFO  manager.MyListener - WebDriver start find element -->By.id: engine
19:04:19.975  INFO  manager.MyListener - WebDriver start find element -->By.id: fuel
19:04:20.028  INFO  manager.MyListener - WebDriver start find element -->By.id: gear
19:04:20.094  INFO  manager.MyListener - WebDriver start find element -->By.id: wheelsDrive
19:04:20.158  INFO  manager.MyListener - WebDriver start find element -->By.id: doors
19:04:20.253  INFO  manager.MyListener - WebDriver start find element -->By.id: seats
19:04:20.337  INFO  manager.MyListener - WebDriver start find element -->By.id: class
19:04:20.416  INFO  manager.MyListener - WebDriver start find element -->By.id: fuelConsumption
19:04:20.504  INFO  manager.MyListener - WebDriver start find element -->By.id: serialNumber
19:04:20.587  INFO  manager.MyListener - WebDriver start find element -->By.id: price
19:04:20.672  INFO  manager.MyListener - WebDriver start find element -->By.id: distance
19:04:20.759  INFO  manager.MyListener - WebDriver start find element -->By.cssSelector: input[placeholder='Type feature']
19:04:20.860  INFO  manager.MyListener - WebDriver start find element -->By.id: about
19:04:20.933  INFO  manager.MyListener - WebDriver start find element -->By.id: photos
19:04:20.965  INFO  manager.MyListener - WebDriver start find element -->By.cssSelector: button[type='submit']
19:04:22.555  INFO  manager.MyListener - WebDriver start find element -->By.cssSelector: button[type='submit']
19:04:22.587  INFO  manager.MyListener - WebDriver start find element -->By.cssSelector: div.dialog-container
19:04:24.095  INFO  manager.MyListener - WebDriver start find element -->By.cssSelector: div.dialog-container h1
19:04:24.118  INFO  manager.MyListener - WebDriver start find element -->By.xpath: //button[text()='Search cars']
19:04:24.161  INFO  tests.TestBase - Start test with name --->loginSuccess
19:04:24.162  INFO  manager.MyListener - New Before find by --> By.xpath: //a[text()=' Logout ']
19:04:24.176  INFO  manager.MyListener - WebDriver start find element -->By.xpath: //a[text()=' Logout ']
19:04:24.302  INFO  tests.TestBase - Test start with logout
19:04:24.303  INFO  tests.TestBase - Test start with email : noa@gmail.com & password: Nnoa12345$
19:04:24.304  INFO  manager.MyListener - WebDriver start find element -->By.xpath: //a[text()=' Log in ']
19:04:24.352  INFO  manager.MyListener - WebDriver start find element -->By.id: email
19:04:24.454  INFO  manager.MyListener - WebDriver start find element -->By.id: password
19:04:24.544  INFO  manager.MyListener - WebDriver start find element -->By.cssSelector: button[type='submit']
19:04:24.566  INFO  manager.MyListener - WebDriver start find element -->By.cssSelector: button[type='submit']
19:04:24.604  INFO  manager.MyListener - WebDriver start find element -->By.cssSelector: div.dialog-container
19:04:25.746  INFO  manager.MyListener - WebDriver start find element -->By.cssSelector: div.dialog-container h1
19:04:25.766  INFO  tests.TestBase - Test passed
19:04:25.767  INFO  manager.MyListener - New Before find by --> By.xpath: //button[text()='Ok']
19:04:25.780  INFO  manager.MyListener - WebDriver start find element -->By.xpath: //button[text()='Ok']
19:04:25.821  INFO  tests.TestBase - Start test with name --->loginSuccess
19:04:25.821  INFO  manager.MyListener - New Before find by --> By.xpath: //a[text()=' Logout ']
19:04:25.830  INFO  manager.MyListener - WebDriver start find element -->By.xpath: //a[text()=' Logout ']
19:04:25.880  INFO  tests.TestBase - Test start with logout
19:04:25.880  INFO  tests.TestBase - Test start with email : sonya@gmail.com & password: Ss12345$
19:04:25.881  INFO  manager.MyListener - WebDriver start find element -->By.xpath: //a[text()=' Log in ']
19:04:25.930  INFO  manager.MyListener - WebDriver start find element -->By.id: email
19:04:26.022  INFO  manager.MyListener - WebDriver start find element -->By.id: password
19:04:26.093  INFO  manager.MyListener - WebDriver start find element -->By.cssSelector: button[type='submit']
19:04:26.115  INFO  manager.MyListener - WebDriver start find element -->By.cssSelector: button[type='submit']
19:04:26.156  INFO  manager.MyListener - WebDriver start find element -->By.cssSelector: div.dialog-container
19:04:27.193  INFO  manager.MyListener - WebDriver start find element -->By.cssSelector: div.dialog-container h1
19:04:27.213  INFO  tests.TestBase - Test passed
19:04:27.214  INFO  manager.MyListener - New Before find by --> By.xpath: //button[text()='Ok']
19:04:27.223  INFO  manager.MyListener - WebDriver start find element -->By.xpath: //button[text()='Ok']
19:04:27.260  INFO  tests.TestBase - Start test with name --->loginSuccess
19:04:27.261  INFO  manager.MyListener - New Before find by --> By.xpath: //a[text()=' Logout ']
19:04:27.272  INFO  manager.MyListener - WebDriver start find element -->By.xpath: //a[text()=' Logout ']
19:04:27.316  INFO  tests.TestBase - Test start with logout
19:04:27.316  INFO  tests.TestBase - Test start with email : noa@gmail.com & password: Nnoa12345$
19:04:27.317  INFO  manager.MyListener - WebDriver start find element -->By.xpath: //a[text()=' Log in ']
19:04:27.366  INFO  manager.MyListener - WebDriver start find element -->By.id: email
19:04:27.462  INFO  manager.MyListener - WebDriver start find element -->By.id: password
19:04:27.539  INFO  manager.MyListener - WebDriver start find element -->By.cssSelector: button[type='submit']
19:04:27.575  INFO  manager.MyListener - WebDriver start find element -->By.cssSelector: button[type='submit']
19:04:27.610  INFO  manager.MyListener - WebDriver start find element -->By.cssSelector: div.dialog-container
19:04:28.751  INFO  manager.MyListener - WebDriver start find element -->By.cssSelector: div.dialog-container h1
19:04:28.774  INFO  tests.TestBase - Test passed
19:04:28.775  INFO  manager.MyListener - New Before find by --> By.xpath: //button[text()='Ok']
19:04:28.788  INFO  manager.MyListener - WebDriver start find element -->By.xpath: //button[text()='Ok']
19:04:28.826  INFO  tests.TestBase - Start test with name --->loginSuccess
19:04:28.827  INFO  manager.MyListener - New Before find by --> By.xpath: //a[text()=' Logout ']
19:04:28.836  INFO  manager.MyListener - WebDriver start find element -->By.xpath: //a[text()=' Logout ']
19:04:28.880  INFO  tests.TestBase - Test start with logout
19:04:28.880  INFO  tests.TestBase - Test start with email : sonya@gmail.com & password: Ss12345$
19:04:28.881  INFO  manager.MyListener - WebDriver start find element -->By.xpath: //a[text()=' Log in ']
19:04:28.919  INFO  manager.MyListener - WebDriver start find element -->By.id: email
19:04:33.949  INFO  manager.MyListener - The name of method with error -->findElement
19:04:33.951  INFO  manager.MyListener - We have a problem ---> org.openqa.selenium.NoSuchElementException: no such element: Unable to locate element: {"method":"css selector","selector":"#email"}
  (Session info: chrome=103.0.5060.134)
For documentation on this error, please visit: https://selenium.dev/exceptions/#no_such_element
Build info: version: '4.3.0', revision: 'a4995e2c09*'
System info: host: 'DESKTOP-P7LS7IG', ip: '192.168.1.22', os.name: 'Windows 11', os.arch: 'amd64', os.version: '10.0', java.version: '11.0.15.1'
Driver info: org.openqa.selenium.chrome.ChromeDriver
Command: [1040217daf44375a4c4c34af420839ba, findElement {using=id, value=email}]
Capabilities {acceptInsecureCerts: false, browserName: chrome, browserVersion: 103.0.5060.134, chrome: {chromedriverVersion: 102.0.5005.61 (0e59bcc00cc4..., userDataDir: C:\Users\97253\AppData\Loca...}, goog:chromeOptions: {debuggerAddress: localhost:51888}, networkConnectionEnabled: false, pageLoadStrategy: normal, platformName: WINDOWS, proxy: Proxy(), se:cdp: ws://localhost:51888/devtoo..., se:cdpVersion: 103.0.5060.134, setWindowRect: true, strictFileInteractability: false, timeouts: {implicit: 0, pageLoad: 300000, script: 30000}, unhandledPromptBehavior: dismiss and notify, webauthn:extension:credBlob: true, webauthn:extension:largeBlob: true, webauthn:virtualAuthenticators: true}
Session ID: 1040217daf44375a4c4c34af420839ba
19:04:33.952  INFO  manager.MyListener - New Before find by --> By.xpath: //button[text()='Ok']
19:04:38.979  INFO  tests.TestBase - Start test with name --->loginSuccessDP
19:04:38.979  INFO  manager.MyListener - New Before find by --> By.xpath: //a[text()=' Logout ']
19:04:43.995  INFO  manager.MyListener - WebDriver start find element -->By.xpath: //a[text()=' Log in ']
19:04:44.034  INFO  manager.MyListener - WebDriver start find element -->By.id: email
19:04:44.124  INFO  manager.MyListener - WebDriver start find element -->By.id: password
19:04:44.209  INFO  manager.MyListener - WebDriver start find element -->By.cssSelector: button[type='submit']
19:04:44.240  INFO  manager.MyListener - WebDriver start find element -->By.cssSelector: button[type='submit']
19:04:44.278  INFO  manager.MyListener - WebDriver start find element -->By.cssSelector: div.dialog-container
19:04:45.423  INFO  manager.MyListener - WebDriver start find element -->By.cssSelector: div.dialog-container h1
19:04:45.446  INFO  manager.MyListener - New Before find by --> By.xpath: //button[text()='Ok']
19:04:45.456  INFO  manager.MyListener - WebDriver start find element -->By.xpath: //button[text()='Ok']
19:04:45.493  INFO  tests.TestBase - Start test with name --->loginSuccessDP
19:04:45.493  INFO  manager.MyListener - New Before find by --> By.xpath: //a[text()=' Logout ']
19:04:45.501  INFO  manager.MyListener - WebDriver start find element -->By.xpath: //a[text()=' Logout ']
19:04:45.552  INFO  tests.TestBase - Test start with logout
19:04:45.552  INFO  manager.MyListener - WebDriver start find element -->By.xpath: //a[text()=' Log in ']
19:04:45.601  INFO  manager.MyListener - WebDriver start find element -->By.id: email
19:04:50.650  INFO  manager.MyListener - The name of method with error -->findElement
19:04:50.650  INFO  manager.MyListener - We have a problem ---> org.openqa.selenium.NoSuchElementException: no such element: Unable to locate element: {"method":"css selector","selector":"#email"}
  (Session info: chrome=103.0.5060.134)
For documentation on this error, please visit: https://selenium.dev/exceptions/#no_such_element
Build info: version: '4.3.0', revision: 'a4995e2c09*'
System info: host: 'DESKTOP-P7LS7IG', ip: '192.168.1.22', os.name: 'Windows 11', os.arch: 'amd64', os.version: '10.0', java.version: '11.0.15.1'
Driver info: org.openqa.selenium.chrome.ChromeDriver
Command: [1040217daf44375a4c4c34af420839ba, findElement {using=id, value=email}]
Capabilities {acceptInsecureCerts: false, browserName: chrome, browserVersion: 103.0.5060.134, chrome: {chromedriverVersion: 102.0.5005.61 (0e59bcc00cc4..., userDataDir: C:\Users\97253\AppData\Loca...}, goog:chromeOptions: {debuggerAddress: localhost:51888}, networkConnectionEnabled: false, pageLoadStrategy: normal, platformName: WINDOWS, proxy: Proxy(), se:cdp: ws://localhost:51888/devtoo..., se:cdpVersion: 103.0.5060.134, setWindowRect: true, strictFileInteractability: false, timeouts: {implicit: 0, pageLoad: 300000, script: 30000}, unhandledPromptBehavior: dismiss and notify, webauthn:extension:credBlob: true, webauthn:extension:largeBlob: true, webauthn:virtualAuthenticators: true}
Session ID: 1040217daf44375a4c4c34af420839ba
19:04:50.651  INFO  manager.MyListener - New Before find by --> By.xpath: //button[text()='Ok']
19:04:55.674  INFO  tests.TestBase - Start test with name --->loginSuccessDP
19:04:55.674  INFO  manager.MyListener - New Before find by --> By.xpath: //a[text()=' Logout ']
19:05:00.688  INFO  manager.MyListener - WebDriver start find element -->By.xpath: //a[text()=' Log in ']
19:05:00.730  INFO  manager.MyListener - WebDriver start find element -->By.id: email
19:05:00.817  INFO  manager.MyListener - WebDriver start find element -->By.id: password
19:05:00.891  INFO  manager.MyListener - WebDriver start find element -->By.cssSelector: button[type='submit']
19:05:00.913  INFO  manager.MyListener - WebDriver start find element -->By.cssSelector: button[type='submit']
19:05:00.947  INFO  manager.MyListener - WebDriver start find element -->By.cssSelector: div.dialog-container
19:05:02.136  INFO  manager.MyListener - WebDriver start find element -->By.cssSelector: div.dialog-container h1
19:05:02.157  INFO  manager.MyListener - New Before find by --> By.xpath: //button[text()='Ok']
19:05:02.166  INFO  manager.MyListener - WebDriver start find element -->By.xpath: //button[text()='Ok']
19:05:02.204  INFO  tests.TestBase - Start test with name --->loginSuccessDP
19:05:02.204  INFO  manager.MyListener - New Before find by --> By.xpath: //a[text()=' Logout ']
19:05:02.213  INFO  manager.MyListener - WebDriver start find element -->By.xpath: //a[text()=' Logout ']
19:05:02.264  INFO  tests.TestBase - Test start with logout
19:05:02.264  INFO  manager.MyListener - WebDriver start find element -->By.xpath: //a[text()=' Log in ']
19:05:02.312  INFO  manager.MyListener - WebDriver start find element -->By.id: email
19:05:02.400  INFO  manager.MyListener - WebDriver start find element -->By.id: password
19:05:02.480  INFO  manager.MyListener - WebDriver start find element -->By.cssSelector: button[type='submit']
19:05:02.503  INFO  manager.MyListener - WebDriver start find element -->By.cssSelector: button[type='submit']
19:05:02.538  INFO  manager.MyListener - WebDriver start find element -->By.cssSelector: div.dialog-container
19:05:03.575  INFO  manager.MyListener - WebDriver start find element -->By.cssSelector: div.dialog-container h1
19:05:03.595  INFO  manager.MyListener - New Before find by --> By.xpath: //button[text()='Ok']
19:05:03.604  INFO  manager.MyListener - WebDriver start find element -->By.xpath: //button[text()='Ok']
19:05:03.639  INFO  tests.TestBase - Start test with name --->registrationSuccess
19:05:03.641  INFO  manager.MyListener - New Before find by --> By.xpath: //a[text()=' Logout ']
19:05:03.650  INFO  manager.MyListener - WebDriver start find element -->By.xpath: //a[text()=' Logout ']
19:05:03.693  INFO  manager.MyListener - WebDriver start find element -->By.xpath: //a[text()=' Sign up ']
19:05:03.746  INFO  manager.MyListener - WebDriver start find element -->By.id: name
19:05:03.822  INFO  manager.MyListener - WebDriver start find element -->By.id: lastName
19:05:03.896  INFO  manager.MyListener - WebDriver start find element -->By.id: email
19:05:03.996  INFO  manager.MyListener - WebDriver start find element -->By.id: password
19:05:04.072  INFO  manager.MyListener - WebDriver start find element -->By.cssSelector: label[for='terms-of-use']
19:05:04.238  INFO  manager.MyListener - WebDriver start find element -->By.cssSelector: button[type='submit']
19:05:04.268  INFO  manager.MyListener - WebDriver start find element -->By.cssSelector: button[type='submit']
19:05:04.306  INFO  manager.MyListener - WebDriver start find element -->By.cssSelector: div.dialog-container
19:05:04.826  INFO  manager.MyListener - WebDriver start find element -->By.cssSelector: div.dialog-container h1
19:05:04.846  INFO  manager.MyListener - New Before find by --> By.xpath: //button[text()='Ok']
19:05:04.856  INFO  manager.MyListener - WebDriver start find element -->By.xpath: //button[text()='Ok']
19:05:04.893  INFO  tests.TestBase - Start test with name --->registrationWrongPasswordFormatSize
19:05:04.893  INFO  manager.MyListener - New Before find by --> By.xpath: //a[text()=' Logout ']
19:05:04.902  INFO  manager.MyListener - WebDriver start find element -->By.xpath: //a[text()=' Logout ']
19:05:04.951  INFO  manager.MyListener - WebDriver start find element -->By.xpath: //a[text()=' Sign up ']
19:05:05.005  INFO  manager.MyListener - WebDriver start find element -->By.id: name
19:05:10.023  INFO  manager.MyListener - The name of method with error -->findElement
19:05:10.023  INFO  manager.MyListener - We have a problem ---> org.openqa.selenium.NoSuchElementException: no such element: Unable to locate element: {"method":"css selector","selector":"#name"}
  (Session info: chrome=103.0.5060.134)
For documentation on this error, please visit: https://selenium.dev/exceptions/#no_such_element
Build info: version: '4.3.0', revision: 'a4995e2c09*'
System info: host: 'DESKTOP-P7LS7IG', ip: '192.168.1.22', os.name: 'Windows 11', os.arch: 'amd64', os.version: '10.0', java.version: '11.0.15.1'
Driver info: org.openqa.selenium.chrome.ChromeDriver
Command: [1040217daf44375a4c4c34af420839ba, findElement {using=id, value=name}]
Capabilities {acceptInsecureCerts: false, browserName: chrome, browserVersion: 103.0.5060.134, chrome: {chromedriverVersion: 102.0.5005.61 (0e59bcc00cc4..., userDataDir: C:\Users\97253\AppData\Loca...}, goog:chromeOptions: {debuggerAddress: localhost:51888}, networkConnectionEnabled: false, pageLoadStrategy: normal, platformName: WINDOWS, proxy: Proxy(), se:cdp: ws://localhost:51888/devtoo..., se:cdpVersion: 103.0.5060.134, setWindowRect: true, strictFileInteractability: false, timeouts: {implicit: 0, pageLoad: 300000, script: 30000}, unhandledPromptBehavior: dismiss and notify, webauthn:extension:credBlob: true, webauthn:extension:largeBlob: true, webauthn:virtualAuthenticators: true}
Session ID: 1040217daf44375a4c4c34af420839ba
19:05:10.024  INFO  manager.MyListener - New Before find by --> By.xpath: //button[text()='Ok']
19:05:15.056  INFO  tests.TestBase - Start test with name --->searchAnyPeriod
19:05:15.057  INFO  manager.MyListener - WebDriver start find element -->By.cssSelector: .logo
19:05:15.291  INFO  manager.MyListener - WebDriver start find element -->By.id: city
19:05:15.318  INFO  manager.MyListener - WebDriver start find element -->By.id: city
19:05:15.916  INFO  manager.MyListener - WebDriver start find element -->By.cssSelector: .pac-item
19:05:15.957  INFO  manager.MyListener - WebDriver start find element -->By.id: dates
19:05:16.018  INFO  manager.MyListener - WebDriver start find element -->By.id: dates
19:05:16.087  INFO  manager.MyListener - WebDriver start find element -->By.xpath: //button[@aria-label='Next month']
19:05:16.135  INFO  manager.MyListener - WebDriver start find element -->By.xpath: //button[@aria-label='Next month']
19:05:16.175  INFO  manager.MyListener - WebDriver start find element -->By.xpath: //button[@aria-label='Next month']
19:05:16.213  INFO  manager.MyListener - WebDriver start find element -->By.xpath: //button[@aria-label='Next month']
19:05:16.269  INFO  manager.MyListener - WebDriver start find element -->By.xpath: //button[@aria-label='Next month']
19:05:16.309  INFO  manager.MyListener - WebDriver start find element -->By.xpath: //button[@aria-label='Next month']
19:05:16.350  INFO  manager.MyListener - WebDriver start find element -->By.xpath: //button[@aria-label='Next month']
19:05:16.387  INFO  manager.MyListener - WebDriver start find element -->By.xpath: //button[@aria-label='Next month']
19:05:16.425  INFO  manager.MyListener - WebDriver start find element -->By.xpath: //button[@aria-label='Next month']
19:05:16.458  INFO  manager.MyListener - WebDriver start find element -->By.xpath: //button[@aria-label='Next month']
19:05:16.493  INFO  manager.MyListener - WebDriver start find element -->By.xpath: //div[text()=' 10 ']
19:05:16.541  INFO  manager.MyListener - WebDriver start find element -->By.xpath: //button[@aria-label='Next month']
19:05:16.577  INFO  manager.MyListener - WebDriver start find element -->By.xpath: //div[text()=' 15 ']
19:05:16.624  INFO  manager.MyListener - WebDriver start find element -->By.cssSelector: button[type='submit']
19:05:16.654  INFO  manager.MyListener - WebDriver start find element -->By.cssSelector: button[type='submit']
19:05:16.730  INFO  manager.MyListener - New Before find by --> By.cssSelector: .cars-container.ng-star-inserted
19:05:18.082  INFO  tests.TestBase - Start test with name --->searchCurrentMonth
19:05:18.082  INFO  manager.MyListener - WebDriver start find element -->By.cssSelector: .logo
19:05:18.220  INFO  manager.MyListener - WebDriver start find element -->By.id: city
19:05:18.241  INFO  manager.MyListener - WebDriver start find element -->By.id: city
19:05:18.850  INFO  manager.MyListener - WebDriver start find element -->By.cssSelector: .pac-item
19:05:18.896  INFO  manager.MyListener - WebDriver start find element -->By.id: dates
19:05:18.947  INFO  manager.MyListener - WebDriver start find element -->By.id: dates
19:05:18.990  INFO  manager.MyListener - WebDriver start find element -->By.xpath: //div[text()=' 5 ']
19:05:19.038  INFO  manager.MyListener - WebDriver start find element -->By.xpath: //div[text()=' 4 ']
19:05:19.085  INFO  manager.MyListener - WebDriver start find element -->By.cssSelector: button[type='submit']
19:05:19.109  INFO  manager.MyListener - WebDriver start find element -->By.cssSelector: button[type='submit']
19:05:19.169  INFO  manager.MyListener - New Before find by --> By.cssSelector: .cars-container.ng-star-inserted
19:05:20.189  INFO  tests.TestBase - Start test with name --->searchCurrentYear
19:05:20.190  INFO  manager.MyListener - WebDriver start find element -->By.cssSelector: .logo
19:05:20.329  INFO  manager.MyListener - WebDriver start find element -->By.id: city
19:05:20.350  INFO  manager.MyListener - WebDriver start find element -->By.id: city
19:05:20.962  INFO  manager.MyListener - WebDriver start find element -->By.cssSelector: .pac-item
19:05:21.005  INFO  manager.MyListener - WebDriver start find element -->By.id: dates
19:05:21.053  INFO  manager.MyListener - WebDriver start find element -->By.id: dates
19:05:21.097  INFO  manager.MyListener - WebDriver start find element -->By.xpath: //button[@aria-label='Next month']
19:05:21.144  INFO  manager.MyListener - WebDriver start find element -->By.xpath: //div[text()=' 10 ']
19:05:21.192  INFO  manager.MyListener - WebDriver start find element -->By.xpath: //div[text()=' 20 ']
19:05:21.242  INFO  manager.MyListener - WebDriver start find element -->By.cssSelector: button[type='submit']
19:05:21.270  INFO  manager.MyListener - WebDriver start find element -->By.cssSelector: button[type='submit']
19:05:21.332  INFO  manager.MyListener - New Before find by --> By.cssSelector: .cars-container.ng-star-inserted
19:05:22.511  INFO  tests.TestBase - Start test with name --->searchCurrentYearLocalDate
19:05:22.511  INFO  manager.MyListener - WebDriver start find element -->By.cssSelector: .logo
19:05:22.638  INFO  manager.MyListener - WebDriver start find element -->By.id: city
19:05:22.658  INFO  manager.MyListener - WebDriver start find element -->By.id: city
19:05:23.271  INFO  manager.MyListener - WebDriver start find element -->By.cssSelector: .pac-item
19:05:23.317  INFO  manager.MyListener - WebDriver start find element -->By.id: dates
19:05:23.364  INFO  manager.MyListener - WebDriver start find element -->By.id: dates
19:05:23.408  INFO  manager.MyListener - WebDriver start find element -->By.xpath: //div[text()=' 10 ']
19:05:23.455  INFO  manager.MyListener - WebDriver start find element -->By.xpath: //button[@aria-label='Next month']
19:05:23.494  INFO  manager.MyListener - WebDriver start find element -->By.xpath: //button[@aria-label='Next month']
19:05:23.532  INFO  manager.MyListener - WebDriver start find element -->By.xpath: //div[text()=' 20 ']
19:05:23.574  INFO  manager.MyListener - WebDriver start find element -->By.cssSelector: button[type='submit']
19:05:23.599  INFO  manager.MyListener - WebDriver start find element -->By.cssSelector: button[type='submit']
19:05:23.655  INFO  manager.MyListener - New Before find by --> By.cssSelector: .cars-container.ng-star-inserted
19:05:24.626  INFO  tests.TestBase - Start test with name --->searchNextMonth
19:05:24.627  INFO  manager.MyListener - WebDriver start find element -->By.cssSelector: .logo
19:05:24.760  INFO  manager.MyListener - WebDriver start find element -->By.id: city
19:05:24.783  INFO  manager.MyListener - WebDriver start find element -->By.id: city
19:05:25.407  INFO  manager.MyListener - WebDriver start find element -->By.cssSelector: .pac-item
19:05:25.452  INFO  manager.MyListener - WebDriver start find element -->By.id: dates
19:05:25.497  INFO  manager.MyListener - WebDriver start find element -->By.id: dates
19:05:25.540  INFO  manager.MyListener - WebDriver start find element -->By.xpath: //button[@aria-label='Next month']
19:05:25.589  INFO  manager.MyListener - WebDriver start find element -->By.xpath: //div[text()=' 28 ']
19:05:25.637  INFO  manager.MyListener - WebDriver start find element -->By.xpath: //div[text()=' 27 ']
19:05:25.679  INFO  manager.MyListener - WebDriver start find element -->By.cssSelector: button[type='submit']
19:05:25.706  INFO  manager.MyListener - WebDriver start find element -->By.cssSelector: button[type='submit']
19:05:25.759  INFO  manager.MyListener - New Before find by --> By.cssSelector: .cars-container.ng-star-inserted
19:05:28.518  INFO  tests.TestBase - Start test with name --->searchPeriodPast
19:05:28.518  INFO  manager.MyListener - WebDriver start find element -->By.cssSelector: .logo
19:05:28.663  INFO  manager.MyListener - WebDriver start find element -->By.id: city
19:05:28.684  INFO  manager.MyListener - WebDriver start find element -->By.id: city
19:05:29.289  INFO  manager.MyListener - WebDriver start find element -->By.cssSelector: .pac-item
19:05:29.336  INFO  manager.MyListener - WebDriver start find element -->By.id: dates
19:05:29.383  INFO  manager.MyListener - WebDriver start find element -->By.id: dates
19:05:29.494  INFO  manager.MyListener - WebDriver start find element -->By.cssSelector: .cdk-overlay-container
19:05:29.534  INFO  manager.MyListener - WebDriver start find element -->By.cssSelector: button[type='submit']
19:05:29.567  INFO  manager.MyListener - New Before find by --> By.cssSelector: button[disabled]
19:05:29.580  INFO  manager.MyListener - WebDriver start find element -->By.cssSelector: [type='submit']
19:05:29.597  INFO  manager.MyListener - WebDriver start find element -->By.cssSelector: div.error div
